
[17:46:40][INFO] Main | Ncurses windows init...
[17:46:40][INFO] Main | Ncurses windows init success!
[17:46:40][INFO] Main | Game Window created!
[17:46:40][INFO] Main | Tools menu created!
[17:46:40][INFO] Main | Loading first level from file...
[17:46:40][DEBUG] File loaded: level.dat, 4
[17:46:40][INFO] Main | File loaded
[17:46:40][DEBUG] Get_level | level : 0
[17:46:40][DEBUG] Get_level | File opened: level.dat
[17:46:40][DEBUG] find_tableEntryOfIdx | globalIndexEntry = 0, addrTable = 13, numTable = 0
[17:46:40][DEBUG] get_table | addrTable = 13
[17:46:40][DEBUG] get_table | retour : firstAddress = 2389, nextTable = -1
[17:46:40][DEBUG] find_tableEntryOfIdx | entry find ! localIndex = 0
[17:46:40][DEBUG] get_data_info | addr = 2389
[17:46:40][INFO] get_data_info | retour : type = 3, size = 2184
[17:46:40][DEBUG] find_tableEntryOfIdx | return the cell info, addr_cell = 2389, addr_table = 13, idx_table = 0, type_data = 3
[17:46:40][DEBUG] Get_level | Table entry found : type = 3, addrCell = 2389, addrTable = 13, idx = 0
[17:46:40][DEBUG] Get_data | Set cursor at addr = 2389
[17:46:40][DEBUG] get_data_info | addr = 2389
[17:46:40][INFO] get_data_info | retour : type = 3, size = 2184
[17:46:40][DEBUG] Get_data | dataInfo : type = 3, size = 2184
[17:46:40][DEBUG] Get_data | Success! data : 99947610
[17:46:40][DEBUG] Get_level | dataInfo.type = 3, dataInfo.size = 2184
[17:46:40][DEBUG] Get_level | data = 99947610
[17:46:40][INFO] Level Converter | Convert bytes to level: 2184 bytes.
[17:46:40][INFO] Level Converter | Convert bytes to level: Success! 156 items.
[17:46:40][DEBUG] Get_level | level : 0, success! 156 items loaded!
[17:46:40][INFO] Main | First level found and loaded.
[17:46:40][INFO] Main | First level : 156 items loaded
[17:46:40][INFO] Main | Level value : 7090
[17:46:40][DEBUG] Show_table | reading file : level.dat
[17:46:40][DEBUG] Show table | addrTable = 13, table_level = 0
[17:46:40][DEBUG] get_table | addrTable = 13
[17:46:40][DEBUG] get_table | retour : firstAddress = 2389, nextTable = -1
[17:46:40][DEBUG] Show table | begin show table 0
[17:46:40][DEBUG] Get_data | Set cursor at addr = 2389
[17:46:40][DEBUG] get_data_info | addr = 2389
[17:46:40][INFO] get_data_info | retour : type = 3, size = 2184
[17:46:40][DEBUG] Get_data | dataInfo : type = 3, size = 2184
[17:46:40][DEBUG] Get_data | Success! data : 99947610
[17:46:40][DEBUG] Get_data | Set cursor at addr = 4589
[17:46:40][DEBUG] get_data_info | addr = 4589
[17:46:40][INFO] get_data_info | retour : type = 3, size = 2184
[17:46:40][DEBUG] Get_data | dataInfo : type = 3, size = 2184
[17:46:40][DEBUG] Get_data | Success! data : 9994C5B0
[17:46:40][DEBUG] Get_data | Set cursor at addr = 189
[17:46:40][DEBUG] get_data_info | addr = 189
[17:46:40][INFO] get_data_info | retour : type = 3, size = 2184
[17:46:40][DEBUG] Get_data | dataInfo : type = 3, size = 2184
[17:46:40][DEBUG] Get_data | Success! data : 9994CE40
[17:46:40][DEBUG] Get_data | Set cursor at addr = 7195
[17:46:40][DEBUG] get_data_info | addr = 7195
[17:46:40][INFO] get_data_info | retour : type = 3, size = 2184
[17:46:40][DEBUG] Get_data | dataInfo : type = 3, size = 2184
[17:46:40][DEBUG] Get_data | Success! data : 9994D6D0
[17:46:40][DEBUG] Get_data | Set cursor at addr = 9395
[17:46:40][DEBUG] get_data_info | addr = 9395
[17:46:40][INFO] get_data_info | retour : type = 3, size = 2184
[17:46:40][DEBUG] Get_data | dataInfo : type = 3, size = 2184
[17:46:40][DEBUG] Get_data | Success! data : 9994DF60
[17:46:40][DEBUG] Show table | End of show table 0
[17:46:40][DEBUG] Show_table | Table vides
[17:46:40][DEBUG] Show table | addrTable = 93, table_level = 0
[17:46:40][DEBUG] get_table | addrTable = 93
[17:46:40][DEBUG] get_data_info | addr = 93
[17:46:40][INFO] get_data_info | retour : type = 2, size = 80
[17:46:40][DEBUG] get_table | retour : firstAddress = 6859, nextTable = -1
[17:46:40][DEBUG] Show table | begin show table 0
[17:46:40][DEBUG] Get_data | Set cursor at addr = 6859
[17:46:40][DEBUG] get_data_info | addr = 6859
[17:46:40][INFO] get_data_info | retour : type = 1, size = 68
[17:46:40][DEBUG] Get_data | dataInfo : type = 1, size = 68
[17:46:40][DEBUG] Get_data | Success! data : 9994E7F0
[17:46:40][DEBUG] Get_data | Set cursor at addr = 6943
[17:46:40][DEBUG] get_data_info | addr = 6943
[17:46:40][INFO] get_data_info | retour : type = 1, size = 236
[17:46:40][DEBUG] Get_data | dataInfo : type = 1, size = 236
[17:46:40][DEBUG] Get_data | Success! data : 9994E840
[17:46:40][DEBUG] Get_data | Set cursor at addr = 6789
[17:46:40][DEBUG] get_data_info | addr = 6789
[17:46:40][INFO] get_data_info | retour : type = 1, size = 54
[17:46:40][DEBUG] Get_data | dataInfo : type = 1, size = 54
[17:46:40][DEBUG] Get_data | Success! data : 999422E0
[17:46:40][DEBUG] Get_data | Set cursor at addr = 13823
[17:46:40][DEBUG] get_data_info | addr = 13823
[17:46:40][INFO] get_data_info | retour : type = 1, size = 180
[17:46:40][DEBUG] Get_data | dataInfo : type = 1, size = 180
[17:46:40][DEBUG] Get_data | Success! data : 9994E940
[17:46:40][DEBUG] Get_data | Set cursor at addr = 11595
[17:46:40][DEBUG] get_data_info | addr = 11595
[17:46:40][INFO] get_data_info | retour : type = 1, size = 2212
[17:46:40][DEBUG] Get_data | dataInfo : type = 1, size = 2212
[17:46:40][DEBUG] Get_data | Success! data : 9994EA00
[17:46:40][DEBUG] Show table | End of show table 0
[17:46:40][DEBUG] Show_table | Success
[17:46:40][INFO] 
======================Affichage Tables======================

Tables :
Table 0 :
 CELL[0] : 2389
   Data size : 2184
   Data type : 3
   Data : 156 map's items
 CELL[1] : 4589
   Data size : 2184
   Data type : 3
   Data : 156 map's items
 CELL[2] : 189
   Data size : 2184
   Data type : 3
   Data : 156 map's items
 CELL[3] : 7195
   Data size : 2184
   Data type : 3
   Data : 156 map's items
 CELL[4] : 9395
   Data size : 2184
   Data type : 3
   Data : 156 map's items
 CELL[5] : EMPTY
 CELL[6] : EMPTY
 CELL[7] : EMPTY
 CELL[8] : EMPTY
 Next table : NO

Table de vides :
Table 0 :
 CELL[0] : 6859
   Data size : 68
   Data type : 1
   Data : EMPTY
 CELL[1] : 6943
   Data size : 236
   Data type : 1
   Data : EMPTY
 CELL[2] : 6789
   Data size : 54
   Data type : 1
   Data : EMPTY
 CELL[3] : EMPTY
 CELL[4] : 13823
   Data size : 180
   Data type : 1
   Data : EMPTY
 CELL[5] : 11595
   Data size : 2212
   Data type : 1
   Data : EMPTY
 CELL[6] : EMPTY
 CELL[7] : EMPTY
 CELL[8] : EMPTY
 Next table : NO

======================Affichage Tables======================
[17:46:46][INFO] Main | Level value : 7090
[17:46:46][DEBUG] read => x: 26, y: 11 (pas de collision)
[17:46:46][DEBUG] read => x: 27, y: 11 (pas de collision)
[17:46:46][DEBUG] read => x: 28, y: 11 (pas de collision)
[17:46:46][DEBUG] read => x: 29, y: 11 (pas de collision)
[17:46:46][DEBUG] read => x: 26, y: 10 (pas de collision)
[17:46:46][DEBUG] read => x: 27, y: 10 (pas de collision)
[17:46:46][DEBUG] read => x: 28, y: 10 (pas de collision)
[17:46:46][DEBUG] read => x: 29, y: 10 (pas de collision)
[17:46:46][DEBUG] read => x: 26, y: 9 (pas de collision)
[17:46:46][DEBUG] read => x: 27, y: 9 (pas de collision)
[17:46:46][DEBUG] read => x: 28, y: 9 (pas de collision)
[17:46:46][DEBUG] read => x: 29, y: 9 (pas de collision)
[17:46:47][INFO] Main | Level value : 7090
[17:46:47][DEBUG] read => x: 13, y: 8 (pas de collision)
[17:46:47][DEBUG] read => x: 14, y: 8 (pas de collision)
[17:46:47][DEBUG] read => x: 15, y: 8 (pas de collision)
[17:46:47][DEBUG] read => x: 13, y: 7 (pas de collision)
[17:46:47][DEBUG] read => x: 14, y: 7 (pas de collision)
[17:46:47][DEBUG] read => x: 15, y: 7 (pas de collision)
[17:46:47][DEBUG] read => x: 13, y: 6 (pas de collision)
[17:46:47][DEBUG] read => x: 14, y: 6 (pas de collision)
[17:46:47][DEBUG] read => x: 15, y: 6 (pas de collision)
[17:46:47][DEBUG] read => x: 13, y: 5 (pas de collision)
[17:46:47][DEBUG] read => x: 14, y: 5 (pas de collision)
[17:46:47][DEBUG] read => x: 15, y: 5 (pas de collision)
[17:46:48][INFO] Main | Level value : 7090
[17:46:48][DEBUG] read => x: 40, y: 6 (pas de collision)
[17:46:48][DEBUG] read => x: 41, y: 6 (pas de collision)
[17:46:48][DEBUG] read => x: 42, y: 6 (pas de collision)
[17:46:48][DEBUG] read => x: 40, y: 5 (pas de collision)
[17:46:48][DEBUG] read => x: 41, y: 5 (pas de collision)
[17:46:48][DEBUG] read => x: 42, y: 5 (pas de collision)
[17:46:48][DEBUG] read => x: 40, y: 4 (pas de collision)
[17:46:48][DEBUG] read => x: 41, y: 4 (pas de collision)
[17:46:48][DEBUG] read => x: 42, y: 4 (pas de collision)
[17:46:48][DEBUG] read => x: 40, y: 3 (pas de collision)
[17:46:48][DEBUG] read => x: 41, y: 3 (pas de collision)
[17:46:48][DEBUG] read => x: 42, y: 3 (pas de collision)
[17:46:49][INFO] Main | Level value : 7090
[17:46:49][DEBUG] read => x: 12, y: 14 (pas de collision)
[17:46:49][DEBUG] read => x: 13, y: 14 (pas de collision)
[17:46:49][DEBUG] read => x: 14, y: 14 (pas de collision)
[17:46:49][DEBUG] read => x: 12, y: 13 (pas de collision)
[17:46:49][DEBUG] read => x: 13, y: 13 (pas de collision)
[17:46:49][DEBUG] read => x: 14, y: 13 (pas de collision)
[17:46:49][DEBUG] read => x: 12, y: 12 (pas de collision)
[17:46:49][DEBUG] read => x: 13, y: 12 (pas de collision)
[17:46:49][DEBUG] read => x: 14, y: 12 (pas de collision)
[17:46:49][DEBUG] read => x: 12, y: 11 (pas de collision)
[17:46:49][DEBUG] read => x: 13, y: 11 (pas de collision)
[17:46:49][DEBUG] read => x: 14, y: 11 (pas de collision)
[17:46:52][INFO] Main | Stopping game...
[17:46:52][INFO] Main | Ncurses windows deleted!
[17:46:52][DEBUG] File loaded: level.dat, 4
[17:46:52][INFO] Main | Saving level 1...
[17:46:52][DEBUG] Save_level | level : 1
[17:46:52][DEBUG] find_tableEntryOfIdx | globalIndexEntry = 1, addrTable = 13, numTable = 0
[17:46:52][DEBUG] get_table | addrTable = 13
[17:46:52][DEBUG] get_table | retour : firstAddress = 2389, nextTable = -1
[17:46:52][DEBUG] find_tableEntryOfIdx | entry find ! localIndex = 1
[17:46:52][DEBUG] get_data_info | addr = 4589
[17:46:52][INFO] get_data_info | retour : type = 3, size = 2184
[17:46:52][DEBUG] find_tableEntryOfIdx | return the cell info, addr_cell = 4589, addr_table = 13, idx_table = 1, type_data = 3
[17:46:52][DEBUG] Save_level | Table entry found : type = 3, addrCell = 4589, addrTable = 13, idx = 1
[17:46:52][INFO] Level Converter | Convert level to bytes: 160 items.
[17:46:52][INFO] Level Converter | Convert level to bytes: Success! 2240 bytes.
[17:46:52][DEBUG] Save_level | Success level converted to bytes: 99942EE0, size = 2240 bytes
[17:46:52][DEBUG] Save_level | Level 1 found, update level..
[17:46:52][DEBUG] Remove_level | level : 1
[17:46:52][DEBUG] transform_to_empty | globalIndexEntry = 1, addrTable = 13, numTable = 0
[17:46:52][DEBUG] get_table | addrTable = 13
[17:46:52][DEBUG] get_table | retour : firstAddress = 2389, nextTable = -1
[17:46:52][DEBUG] transform_to_empty | entry find ! localIndex = 1
[17:46:52][DEBUG] get_data_info | addr = 4589
[17:46:52][INFO] get_data_info | retour : type = 3, size = 2184
[17:46:52][DEBUG] transform_to_empty | Update the data_info
[17:46:52][DEBUG] transform_to_empty | Rewrite DataInfo and Erase data from 4589 to 6789
[17:46:52][DEBUG] find_av_tableEntry | addrTable = 93
[17:46:52][DEBUG] get_table | addrTable = 93
[17:46:52][DEBUG] get_data_info | addr = 93
[17:46:52][INFO] get_data_info | retour : type = 2, size = 80
[17:46:52][DEBUG] get_table | retour : firstAddress = 6859, nextTable = -1
[17:46:52][DEBUG] find_av_tableEntry | entry not used found at index = 3 of table = 93
[17:46:52][DEBUG] transform_to_empty: Find space on empty table addr = 93 on index 3
[17:46:52][DEBUG] get_table | addrTable = 93
[17:46:52][DEBUG] get_data_info | addr = 93
[17:46:52][INFO] get_data_info | retour : type = 2, size = 80
[17:46:52][DEBUG] get_table | retour : firstAddress = 6859, nextTable = -1
[17:46:52][DEBUG] write_table | addrTable = 93
[17:46:52][DEBUG] write_table | not first table
[17:46:52][DEBUG] write_table | retour : success!
[17:46:52][DEBUG] transform_to_empty: Register the empty space successfully
[17:46:52][DEBUG] transform_to_empty | Unregister the old data address
[17:46:52][DEBUG] write_table | addrTable = 13
[17:46:52][DEBUG] write_table | first table
[17:46:52][DEBUG] write_table | retour : success!
[17:46:52][DEBUG] transform_to_empty | End of transformation
[17:46:52][DEBUG] Remove_level | level : 1, success : 1
[17:46:52][DEBUG] add_data | data: 99942EE0, size: 2240, data_type: 3
[17:46:52][DEBUG] find_av_tableEntry | addrTable = 13
[17:46:52][DEBUG] get_table | addrTable = 13
[17:46:52][DEBUG] get_table | retour : firstAddress = 2389, nextTable = -1
[17:46:52][DEBUG] find_av_tableEntry | entry not used found at index = 1 of table = 13
[17:46:52][DEBUG] add_data | tableEntry : addr_table = 13, idx_table = 1, type_data = 0, addr_cell = -1
[17:46:52][DEBUG] get_table | addrTable = 13
[17:46:52][DEBUG] get_table | retour : firstAddress = 2389, nextTable = -1
[17:46:52][DEBUG] get_empty | sizeNeeded = 2240, addrTable = 93
[17:46:52][DEBUG] get_table | addrTable = 93
[17:46:52][DEBUG] get_data_info | addr = 93
[17:46:52][INFO] get_data_info | retour : type = 2, size = 80
[17:46:52][DEBUG] get_table | retour : firstAddress = 6859, nextTable = -1
[17:46:52][DEBUG] get_empty | Check table for an empty space...
[17:46:52][DEBUG] get_empty | Empty found at index = 0 pointing to addr = 6859
[17:46:52][DEBUG] get_data_info | addr = 6859
[17:46:52][INFO] get_data_info | retour : type = 1, size = 68
[17:46:52][DEBUG] get_empty | This empty had a size of 68
[17:46:52][DEBUG] get_empty | Empty found at index = 1 pointing to addr = 6943
[17:46:52][DEBUG] get_data_info | addr = 6943
[17:46:52][INFO] get_data_info | retour : type = 1, size = 236
[17:46:52][DEBUG] get_empty | This empty had a size of 236
[17:46:52][DEBUG] get_empty | Empty found at index = 2 pointing to addr = 6789
[17:46:52][DEBUG] get_data_info | addr = 6789
[17:46:52][INFO] get_data_info | retour : type = 1, size = 54
[17:46:52][DEBUG] get_empty | This empty had a size of 54
[17:46:52][DEBUG] get_empty | Empty found at index = 3 pointing to addr = 4589
[17:46:52][DEBUG] get_data_info | addr = 4589
[17:46:52][INFO] get_data_info | retour : type = 1, size = 2184
[17:46:52][DEBUG] get_empty | This empty had a size of 2184
[17:46:52][DEBUG] get_empty | Empty found at index = 4 pointing to addr = 13823
[17:46:52][DEBUG] get_data_info | addr = 13823
[17:46:52][INFO] get_data_info | retour : type = 1, size = 180
[17:46:52][DEBUG] get_empty | This empty had a size of 180
[17:46:52][DEBUG] get_empty | Empty found at index = 5 pointing to addr = 11595
[17:46:52][DEBUG] get_data_info | addr = 11595
[17:46:52][INFO] get_data_info | retour : type = 1, size = 2212
[17:46:52][DEBUG] get_empty | This empty had a size of 2212
[17:46:52][DEBUG] get_empty | no more table to check, no empty space found
[17:46:52][DEBUG] add_data | No empty space found, set cursor at the end of file
[17:46:52][DEBUG] write_data_info | addr = 14019
[17:46:52][INFO] write_data_info | retour : type = 3, size = 2240
[17:46:52][DEBUG] write_table | addrTable = 13
[17:46:52][DEBUG] write_table | first table
[17:46:52][DEBUG] write_table | retour : success!
[17:46:52][DEBUG] add_data | Data added at addr = 14019, idx = 1, tableAddr = 13
[17:46:52][DEBUG] Save_level | Success level 1 updated
[17:46:52][INFO] Main | Level 1 saved
[17:46:52][DEBUG] Show_table | reading file : level.dat
[17:46:52][DEBUG] Show table | addrTable = 13, table_level = 0
[17:46:52][DEBUG] get_table | addrTable = 13
[17:46:52][DEBUG] get_table | retour : firstAddress = 2389, nextTable = -1
[17:46:52][DEBUG] Show table | begin show table 0
[17:46:52][DEBUG] Get_data | Set cursor at addr = 2389
[17:46:52][DEBUG] get_data_info | addr = 2389
[17:46:52][INFO] get_data_info | retour : type = 3, size = 2184
[17:46:52][DEBUG] Get_data | dataInfo : type = 3, size = 2184
[17:46:52][DEBUG] Get_data | Success! data : 99942EE0
[17:46:52][DEBUG] Get_data | Set cursor at addr = 14019
[17:46:52][DEBUG] get_data_info | addr = 14019
[17:46:52][INFO] get_data_info | retour : type = 3, size = 2240
[17:46:52][DEBUG] Get_data | dataInfo : type = 3, size = 2240
[17:46:52][DEBUG] Get_data | Success! data : 99951C60
[17:46:52][DEBUG] Get_data | Set cursor at addr = 189
[17:46:52][DEBUG] get_data_info | addr = 189
[17:46:52][INFO] get_data_info | retour : type = 3, size = 2184
[17:46:52][DEBUG] Get_data | dataInfo : type = 3, size = 2184
[17:46:52][DEBUG] Get_data | Success! data : 99952530
[17:46:52][DEBUG] Get_data | Set cursor at addr = 7195
[17:46:52][DEBUG] get_data_info | addr = 7195
[17:46:52][INFO] get_data_info | retour : type = 3, size = 2184
[17:46:52][DEBUG] Get_data | dataInfo : type = 3, size = 2184
[17:46:52][DEBUG] Get_data | Success! data : 99952DC0
[17:46:52][DEBUG] Get_data | Set cursor at addr = 9395
[17:46:52][DEBUG] get_data_info | addr = 9395
[17:46:52][INFO] get_data_info | retour : type = 3, size = 2184
[17:46:52][DEBUG] Get_data | dataInfo : type = 3, size = 2184
[17:46:52][DEBUG] Get_data | Success! data : 99953650
[17:46:52][DEBUG] Show table | End of show table 0
[17:46:52][DEBUG] Show_table | Table vides
[17:46:52][DEBUG] Show table | addrTable = 93, table_level = 0
[17:46:52][DEBUG] get_table | addrTable = 93
[17:46:52][DEBUG] get_data_info | addr = 93
[17:46:52][INFO] get_data_info | retour : type = 2, size = 80
[17:46:52][DEBUG] get_table | retour : firstAddress = 6859, nextTable = -1
[17:46:52][DEBUG] Show table | begin show table 0
[17:46:52][DEBUG] Get_data | Set cursor at addr = 6859
[17:46:52][DEBUG] get_data_info | addr = 6859
[17:46:52][INFO] get_data_info | retour : type = 1, size = 68
[17:46:52][DEBUG] Get_data | dataInfo : type = 1, size = 68
[17:46:52][DEBUG] Get_data | Success! data : 99946790
[17:46:52][DEBUG] Get_data | Set cursor at addr = 6943
[17:46:52][DEBUG] get_data_info | addr = 6943
[17:46:52][INFO] get_data_info | retour : type = 1, size = 236
[17:46:52][DEBUG] Get_data | dataInfo : type = 1, size = 236
[17:46:52][DEBUG] Get_data | Success! data : 99942DE0
[17:46:52][DEBUG] Get_data | Set cursor at addr = 6789
[17:46:52][DEBUG] get_data_info | addr = 6789
[17:46:52][INFO] get_data_info | retour : type = 1, size = 54
[17:46:52][DEBUG] Get_data | dataInfo : type = 1, size = 54
[17:46:52][DEBUG] Get_data | Success! data : 999475D0
[17:46:52][DEBUG] Get_data | Set cursor at addr = 4589
[17:46:52][DEBUG] get_data_info | addr = 4589
[17:46:52][INFO] get_data_info | retour : type = 1, size = 2184
[17:46:52][DEBUG] Get_data | dataInfo : type = 1, size = 2184
[17:46:52][DEBUG] Get_data | Success! data : 99953EE0
[17:46:52][DEBUG] Get_data | Set cursor at addr = 13823
[17:46:52][DEBUG] get_data_info | addr = 13823
[17:46:52][INFO] get_data_info | retour : type = 1, size = 180
[17:46:52][DEBUG] Get_data | dataInfo : type = 1, size = 180
[17:46:52][DEBUG] Get_data | Success! data : 999467E0
[17:46:52][DEBUG] Get_data | Set cursor at addr = 11595
[17:46:52][DEBUG] get_data_info | addr = 11595
[17:46:52][INFO] get_data_info | retour : type = 1, size = 2212
[17:46:52][DEBUG] Get_data | dataInfo : type = 1, size = 2212
[17:46:52][DEBUG] Get_data | Success! data : 99954770
[17:46:52][DEBUG] Show table | End of show table 0
[17:46:52][DEBUG] Show_table | Success
[17:46:52][INFO] 
===================== Affichage Tables =====================

Tables :
Table 0 :
 CELL[0] : 2389
   Data size : 2184
   Data type : 3
   Data : 156 map's items
 CELL[1] : 14019
   Data size : 2240
   Data type : 3
   Data : 160 map's items
 CELL[2] : 189
   Data size : 2184
   Data type : 3
   Data : 156 map's items
 CELL[3] : 7195
   Data size : 2184
   Data type : 3
   Data : 156 map's items
 CELL[4] : 9395
   Data size : 2184
   Data type : 3
   Data : 156 map's items
 CELL[5] : EMPTY
 CELL[6] : EMPTY
 CELL[7] : EMPTY
 CELL[8] : EMPTY
 Next table : NO

Table de vides :
Table 0 :
 CELL[0] : 6859
   Data size : 68
   Data type : 1
   Data : EMPTY
 CELL[1] : 6943
   Data size : 236
   Data type : 1
   Data : EMPTY
 CELL[2] : 6789
   Data size : 54
   Data type : 1
   Data : EMPTY
 CELL[3] : 4589
   Data size : 2184
   Data type : 1
   Data : EMPTY
 CELL[4] : 13823
   Data size : 180
   Data type : 1
   Data : EMPTY
 CELL[5] : 11595
   Data size : 2212
   Data type : 1
   Data : EMPTY
 CELL[6] : EMPTY
 CELL[7] : EMPTY
 CELL[8] : EMPTY
 Next table : NO

===================== Affichage Tables =====================
[17:46:52][INFO] End of the session of the game.

