
[14:55:29][INFO] Main | Ncurses windows init...
[14:55:29][INFO] Main | Ncurses windows init success!
[14:55:29][INFO] Main | Game Window created!
[14:55:29][INFO] Main | Tools menu created!
[14:55:29][INFO] Main | Loading first level from file...
[14:55:29][DEBUG] Tag written: GAMEOFTABLES, size_tag : 13
[14:55:29][DEBUG] Cursor at : 109
[14:55:29][DEBUG] File created: level.dat, 4
[14:55:29][DEBUG] load_file: file level.dat has been created.
[14:55:29][INFO] Main | File loaded
[14:55:29][DEBUG] Get_level | level : 0
[14:55:29][DEBUG] Get_level | File opened: level.dat
[14:55:29][DEBUG] find_tableEntryOfIdx | globalIndexEntry = 0, addrTable = 13, numTable = 0
[14:55:29][DEBUG] get_table | addrTable = 13
[14:55:29][DEBUG] get_table | retour : firstAddress = -1, nextTable = -1
[14:55:29][DEBUG] find_tableEntryOfIdx | entry find ! localIndex = 0
[14:55:29][DEBUG] find_tableEntryOfIdx | L'indice n'a pas d'adresse d√©finie.
[14:55:29][DEBUG] Get_level | Table entry found : type = 0, addrCell = -1, addrTable = -1, idx = -1
[14:55:29][DEBUG] Get_level | Level not found
[14:55:29][INFO] Main | Level cleared
[14:55:29][INFO] Main | Level value : 7090
[14:55:29][INFO] Main | First level not found, empty level generated.
[14:55:29][INFO] Main | Level value : 7090
[14:55:29][INFO] Main | Level value : 7090
[14:55:29][DEBUG] Show_table | reading file : level.dat
[14:55:29][DEBUG] Show table | addrTable = 13, table_level = 0
[14:55:29][DEBUG] get_table | addrTable = 13
[14:55:29][DEBUG] get_table | retour : firstAddress = -1, nextTable = -1
[14:55:29][DEBUG] Show table | begin show table 0
[14:55:29][DEBUG] Show table | End of show table 0
[14:55:29][DEBUG] Show_table | Table vides
[14:55:29][DEBUG] Show table | addrTable = 93, table_level = 0
[14:55:29][DEBUG] get_table | addrTable = 93
[14:55:29][DEBUG] get_data_info | addr = 93
[14:55:29][INFO] get_data_info | retour : type = 2, size = 80
[14:55:29][DEBUG] get_table | retour : firstAddress = -1, nextTable = -1
[14:55:29][DEBUG] Show table | begin show table 0
[14:55:29][DEBUG] Show table | End of show table 0
[14:55:29][DEBUG] Show_table | Success
[14:55:29][INFO] 
======================Affichage Tables======================

Tables :
Table 0 :
 CELL[0] : EMPTY
 CELL[1] : EMPTY
 CELL[2] : EMPTY
 CELL[3] : EMPTY
 CELL[4] : EMPTY
 CELL[5] : EMPTY
 CELL[6] : EMPTY
 CELL[7] : EMPTY
 CELL[8] : EMPTY
 Next table : NO

Table de vides :
Table 0 :
 CELL[0] : EMPTY
 CELL[1] : EMPTY
 CELL[2] : EMPTY
 CELL[3] : EMPTY
 CELL[4] : EMPTY
 CELL[5] : EMPTY
 CELL[6] : EMPTY
 CELL[7] : EMPTY
 CELL[8] : EMPTY
 Next table : NO

======================Affichage Tables======================
[14:55:32][INFO] Main | Level value : 7090
[14:55:32][DEBUG] File loaded: level.dat, 4
[14:55:32][DEBUG] Save_level | level : 0
[14:55:32][DEBUG] find_tableEntryOfIdx | globalIndexEntry = 0, addrTable = 13, numTable = 0
[14:55:32][DEBUG] get_table | addrTable = 13
[14:55:32][DEBUG] get_table | retour : firstAddress = -1, nextTable = -1
[14:55:32][DEBUG] find_tableEntryOfIdx | entry find ! localIndex = 0
[14:55:32][DEBUG] find_tableEntryOfIdx | L'indice n'a pas d'adresse d√©finie.
[14:55:32][DEBUG] Save_level | Table entry found : type = 0, addrCell = -1, addrTable = -1, idx = -1
[14:55:32][INFO] Level Converter | Convert level to bytes: 156 items.
[14:55:32][INFO] Level Converter | Convert level to bytes: Success! 2184 bytes.
[14:55:32][DEBUG] Save_level | Success level converted to bytes: 4350FFE0, size = 2184 bytes
[14:55:32][DEBUG] Save_level | Level 0 not found, write new level...
[14:55:32][DEBUG] add_data | data: 4350FFE0, size: 2184, data_type: 3
[14:55:32][DEBUG] find_av_tableEntry | addrTable = 13
[14:55:32][DEBUG] get_table | addrTable = 13
[14:55:32][DEBUG] get_table | retour : firstAddress = -1, nextTable = -1
[14:55:32][DEBUG] find_av_tableEntry | entry not used found at index = 0 of table = 13
[14:55:32][DEBUG] add_data | tableEntry : addr_table = 13, idx_table = 0, type_data = 0, addr_cell = -1
[14:55:32][DEBUG] get_table | addrTable = 13
[14:55:32][DEBUG] get_table | retour : firstAddress = -1, nextTable = -1
[14:55:32][DEBUG] get_empty | sizeNeeded = 2184, addrTable = 93
[14:55:32][DEBUG] get_table | addrTable = 93
[14:55:32][DEBUG] get_data_info | addr = 93
[14:55:32][INFO] get_data_info | retour : type = 2, size = 80
[14:55:32][DEBUG] get_table | retour : firstAddress = -1, nextTable = -1
[14:55:32][DEBUG] get_empty | Check table for an empty space...
[14:55:32][DEBUG] get_empty | no more table to check, no empty space found
[14:55:32][DEBUG] add_data | No empty space found, set cursor at the end of file
[14:55:32][DEBUG] write_data_info | addr = 189
[14:55:32][INFO] write_data_info | retour : type = 3, size = 2184
[14:55:32][DEBUG] write_table | addrTable = 13
[14:55:32][DEBUG] write_table | first table
[14:55:32][DEBUG] write_table | retour : success!
[14:55:32][DEBUG] add_data | Data added at addr = 189, idx = 0, tableAddr = 13
[14:55:32][DEBUG] Save_level | Success level 0 save created
[14:55:32][DEBUG] Get_level | level : 1
[14:55:32][DEBUG] Get_level | File opened: level.dat
[14:55:32][DEBUG] find_tableEntryOfIdx | globalIndexEntry = 1, addrTable = 13, numTable = 0
[14:55:32][DEBUG] get_table | addrTable = 13
[14:55:32][DEBUG] get_table | retour : firstAddress = 189, nextTable = -1
[14:55:32][DEBUG] find_tableEntryOfIdx | entry find ! localIndex = 1
[14:55:32][DEBUG] find_tableEntryOfIdx | L'indice n'a pas d'adresse d√©finie.
[14:55:32][DEBUG] Get_level | Table entry found : type = 0, addrCell = -1, addrTable = -1, idx = -1
[14:55:32][DEBUG] Get_level | Level not found
[14:55:32][INFO] Main | Level cleared
[14:55:32][INFO] Main | Level value : 7090
[14:55:32][INFO] Main | Level 1 not found, empty level generated
[14:55:32][DEBUG] Show_table | reading file : level.dat
[14:55:32][DEBUG] Show table | addrTable = 13, table_level = 0
[14:55:32][DEBUG] get_table | addrTable = 13
[14:55:32][DEBUG] get_table | retour : firstAddress = 189, nextTable = -1
[14:55:32][DEBUG] Show table | begin show table 0
[14:55:32][DEBUG] Get_data | Set cursor at addr = 189
[14:55:32][DEBUG] get_data_info | addr = 189
[14:55:32][INFO] get_data_info | retour : type = 3, size = 2184
[14:55:32][DEBUG] Get_data | dataInfo : type = 3, size = 2184
[14:55:32][DEBUG] Get_data | Success! data : 43511FF0
[14:55:32][DEBUG] Show table | End of show table 0
[14:55:32][DEBUG] Show_table | Table vides
[14:55:32][DEBUG] Show table | addrTable = 93, table_level = 0
[14:55:32][DEBUG] get_table | addrTable = 93
[14:55:32][DEBUG] get_data_info | addr = 93
[14:55:32][INFO] get_data_info | retour : type = 2, size = 80
[14:55:32][DEBUG] get_table | retour : firstAddress = -1, nextTable = -1
[14:55:32][DEBUG] Show table | begin show table 0
[14:55:32][DEBUG] Show table | End of show table 0
[14:55:32][DEBUG] Show_table | Success
[14:55:32][INFO] 
======================Affichage Tables======================

Tables :
Table 0 :
 CELL[0] : 189
   Data size : 2184
   Data type : 3
   Data : 156 map's items
 CELL[1] : EMPTY
 CELL[2] : EMPTY
 CELL[3] : EMPTY
 CELL[4] : EMPTY
 CELL[5] : EMPTY
 CELL[6] : EMPTY
 CELL[7] : EMPTY
 CELL[8] : EMPTY
 Next table : NO

Table de vides :
Table 0 :
 CELL[0] : EMPTY
 CELL[1] : EMPTY
 CELL[2] : EMPTY
 CELL[3] : EMPTY
 CELL[4] : EMPTY
 CELL[5] : EMPTY
 CELL[6] : EMPTY
 CELL[7] : EMPTY
 CELL[8] : EMPTY
 Next table : NO

======================Affichage Tables======================
[14:55:32][INFO] Main | New level load : 1, Old level save : 0
[14:55:32][INFO] Main | Level 1 : 156 items loaded
[14:55:32][INFO] Main | Level value : 7090
[14:55:32][DEBUG] File loaded: level.dat, 4
[14:55:32][DEBUG] Save_level | level : 1
[14:55:32][DEBUG] find_tableEntryOfIdx | globalIndexEntry = 1, addrTable = 13, numTable = 0
[14:55:32][DEBUG] get_table | addrTable = 13
[14:55:32][DEBUG] get_table | retour : firstAddress = 189, nextTable = -1
[14:55:32][DEBUG] find_tableEntryOfIdx | entry find ! localIndex = 1
[14:55:32][DEBUG] find_tableEntryOfIdx | L'indice n'a pas d'adresse d√©finie.
[14:55:32][DEBUG] Save_level | Table entry found : type = 0, addrCell = -1, addrTable = -1, idx = -1
[14:55:32][INFO] Level Converter | Convert level to bytes: 156 items.
[14:55:32][INFO] Level Converter | Convert level to bytes: Success! 2184 bytes.
[14:55:32][DEBUG] Save_level | Success level converted to bytes: 43512880, size = 2184 bytes
[14:55:32][DEBUG] Save_level | Level 1 not found, write new level...
[14:55:32][DEBUG] add_data | data: 43512880, size: 2184, data_type: 3
[14:55:32][DEBUG] find_av_tableEntry | addrTable = 13
[14:55:32][DEBUG] get_table | addrTable = 13
[14:55:32][DEBUG] get_table | retour : firstAddress = 189, nextTable = -1
[14:55:32][DEBUG] find_av_tableEntry | entry not used found at index = 1 of table = 13
[14:55:32][DEBUG] add_data | tableEntry : addr_table = 13, idx_table = 1, type_data = 0, addr_cell = -1
[14:55:32][DEBUG] get_table | addrTable = 13
[14:55:32][DEBUG] get_table | retour : firstAddress = 189, nextTable = -1
[14:55:32][DEBUG] get_empty | sizeNeeded = 2184, addrTable = 93
[14:55:32][DEBUG] get_table | addrTable = 93
[14:55:32][DEBUG] get_data_info | addr = 93
[14:55:32][INFO] get_data_info | retour : type = 2, size = 80
[14:55:32][DEBUG] get_table | retour : firstAddress = -1, nextTable = -1
[14:55:32][DEBUG] get_empty | Check table for an empty space...
[14:55:32][DEBUG] get_empty | no more table to check, no empty space found
[14:55:32][DEBUG] add_data | No empty space found, set cursor at the end of file
[14:55:32][DEBUG] write_data_info | addr = 2389
[14:55:32][INFO] write_data_info | retour : type = 3, size = 2184
[14:55:32][DEBUG] write_table | addrTable = 13
[14:55:32][DEBUG] write_table | first table
[14:55:32][DEBUG] write_table | retour : success!
[14:55:32][DEBUG] add_data | Data added at addr = 2389, idx = 1, tableAddr = 13
[14:55:32][DEBUG] Save_level | Success level 1 save created
[14:55:32][DEBUG] Get_level | level : 2
[14:55:32][DEBUG] Get_level | File opened: level.dat
[14:55:33][DEBUG] find_tableEntryOfIdx | globalIndexEntry = 2, addrTable = 13, numTable = 0
[14:55:33][DEBUG] get_table | addrTable = 13
[14:55:33][DEBUG] get_table | retour : firstAddress = 189, nextTable = -1
[14:55:33][DEBUG] find_tableEntryOfIdx | entry find ! localIndex = 2
[14:55:33][DEBUG] find_tableEntryOfIdx | L'indice n'a pas d'adresse d√©finie.
[14:55:33][DEBUG] Get_level | Table entry found : type = 0, addrCell = -1, addrTable = -1, idx = -1
[14:55:33][DEBUG] Get_level | Level not found
[14:55:33][INFO] Main | Level cleared
[14:55:33][INFO] Main | Level value : 7090
[14:55:33][INFO] Main | Level 2 not found, empty level generated
[14:55:33][DEBUG] Show_table | reading file : level.dat
[14:55:33][DEBUG] Show table | addrTable = 13, table_level = 0
[14:55:33][DEBUG] get_table | addrTable = 13
[14:55:33][DEBUG] get_table | retour : firstAddress = 189, nextTable = -1
[14:55:33][DEBUG] Show table | begin show table 0
[14:55:33][DEBUG] Get_data | Set cursor at addr = 189
[14:55:33][DEBUG] get_data_info | addr = 189
[14:55:33][INFO] get_data_info | retour : type = 3, size = 2184
[14:55:33][DEBUG] Get_data | dataInfo : type = 3, size = 2184
[14:55:33][DEBUG] Get_data | Success! data : 43514890
[14:55:33][DEBUG] Get_data | Set cursor at addr = 2389
[14:55:33][DEBUG] get_data_info | addr = 2389
[14:55:33][INFO] get_data_info | retour : type = 3, size = 2184
[14:55:33][DEBUG] Get_data | dataInfo : type = 3, size = 2184
[14:55:33][DEBUG] Get_data | Success! data : 43515120
[14:55:33][DEBUG] Show table | End of show table 0
[14:55:33][DEBUG] Show_table | Table vides
[14:55:33][DEBUG] Show table | addrTable = 93, table_level = 0
[14:55:33][DEBUG] get_table | addrTable = 93
[14:55:33][DEBUG] get_data_info | addr = 93
[14:55:33][INFO] get_data_info | retour : type = 2, size = 80
[14:55:33][DEBUG] get_table | retour : firstAddress = -1, nextTable = -1
[14:55:33][DEBUG] Show table | begin show table 0
[14:55:33][DEBUG] Show table | End of show table 0
[14:55:33][DEBUG] Show_table | Success
[14:55:33][INFO] 
======================Affichage Tables======================

5‰XTables :
Table 0 :
 CELL[0] : 189
   Data size : 2184
   Data type : 3
   Data : 156 map's items
 CELL[1] : 2389
   Data size : 2184
   Data type : 3
   Data : 156 map's items
 CELL[2] : EMPTY
 CELL[3] : EMPTY
 CELL[4] : EMPTY
 CELL[5] : EMPTY
 CELL[6] : EMPTY
 CELL[7] : EMPTY
 CELL[8] : EMPTY
 Next table : NO

Table de vides :
Table 0 :
 CELL[0] : EMPTY
 CELL[1] : EMPTY
 CELL[2] : EMPTY
 CELL[3] : EMPTY
 CELL[4] : EMPTY
 CELL[5] : EMPTY
 CELL[6] : EMPTY
 CELL[7] : EMPTY
 CELL[8] : EMPTY
 Next table : NO

======================Affichage Tables======================
[14:55:33][INFO] Main | New level load : 2, Old level save : 1
[14:55:33][INFO] Main | Level 2 : 156 items loaded
[14:55:33][INFO] Main | Level value : 7090
[14:55:33][DEBUG] File loaded: level.dat, 4
[14:55:33][DEBUG] Save_level | level : 2
[14:55:33][DEBUG] find_tableEntryOfIdx | globalIndexEntry = 2, addrTable = 13, numTable = 0
[14:55:33][DEBUG] get_table | addrTable = 13
[14:55:33][DEBUG] get_table | retour : firstAddress = 189, nextTable = -1
[14:55:33][DEBUG] find_tableEntryOfIdx | entry find ! localIndex = 2
[14:55:33][DEBUG] find_tableEntryOfIdx | L'indice n'a pas d'adresse d√©finie.
[14:55:33][DEBUG] Save_level | Table entry found : type = 0, addrCell = -1, addrTable = -1, idx = -1
[14:55:33][INFO] Level Converter | Convert level to bytes: 156 items.
[14:55:33][INFO] Level Converter | Convert level to bytes: Success! 2184 bytes.
[14:55:33][DEBUG] Save_level | Success level converted to bytes: 435159B0, size = 2184 bytes
[14:55:33][DEBUG] Save_level | Level 2 not found, write new level...
[14:55:33][DEBUG] add_data | data: 435159B0, size: 2184, data_type: 3
[14:55:33][DEBUG] find_av_tableEntry | addrTable = 13
[14:55:33][DEBUG] get_table | addrTable = 13
[14:55:33][DEBUG] get_table | retour : firstAddress = 189, nextTable = -1
[14:55:33][DEBUG] find_av_tableEntry | entry not used found at index = 2 of table = 13
[14:55:33][DEBUG] add_data | tableEntry : addr_table = 13, idx_table = 2, type_data = 0, addr_cell = -1
[14:55:33][DEBUG] get_table | addrTable = 13
[14:55:33][DEBUG] get_table | retour : firstAddress = 189, nextTable = -1
[14:55:33][DEBUG] get_empty | sizeNeeded = 2184, addrTable = 93
[14:55:33][DEBUG] get_table | addrTable = 93
[14:55:33][DEBUG] get_data_info | addr = 93
[14:55:33][INFO] get_data_info | retour : type = 2, size = 80
[14:55:33][DEBUG] get_table | retour : firstAddress = -1, nextTable = -1
[14:55:33][DEBUG] get_empty | Check table for an empty space...
[14:55:33][DEBUG] get_empty | no more table to check, no empty space found
[14:55:33][DEBUG] add_data | No empty space found, set cursor at the end of file
[14:55:33][DEBUG] write_data_info | addr = 4589
[14:55:33][INFO] write_data_info | retour : type = 3, size = 2184
[14:55:33][DEBUG] write_table | addrTable = 13
[14:55:33][DEBUG] write_table | first table
[14:55:33][DEBUG] write_table | retour : success!
[14:55:33][DEBUG] add_data | Data added at addr = 4589, idx = 2, tableAddr = 13
[14:55:33][DEBUG] Save_level | Success level 2 save created
[14:55:33][DEBUG] Get_level | level : 3
[14:55:33][DEBUG] Get_level | File opened: level.dat
[14:55:33][DEBUG] find_tableEntryOfIdx | globalIndexEntry = 3, addrTable = 13, numTable = 0
[14:55:33][DEBUG] get_table | addrTable = 13
[14:55:33][DEBUG] get_table | retour : firstAddress = 189, nextTable = -1
[14:55:33][DEBUG] find_tableEntryOfIdx | entry find ! localIndex = 3
[14:55:33][DEBUG] find_tableEntryOfIdx | L'indice n'a pas d'adresse d√©finie.
[14:55:33][DEBUG] Get_level | Table entry found : type = 0, addrCell = -1, addrTable = -1, idx = -1
[14:55:33][DEBUG] Get_level | Level not found
[14:55:33][INFO] Main | Level cleared
[14:55:33][INFO] Main | Level value : 7090
[14:55:33][INFO] Main | Level 3 not found, empty level generated
[14:55:33][DEBUG] Show_table | reading file : level.dat
[14:55:33][DEBUG] Show table | addrTable = 13, table_level = 0
[14:55:33][DEBUG] get_table | addrTable = 13
[14:55:33][DEBUG] get_table | retour : firstAddress = 189, nextTable = -1
[14:55:33][DEBUG] Show table | begin show table 0
[14:55:33][DEBUG] Get_data | Set cursor at addr = 189
[14:55:33][DEBUG] get_data_info | addr = 189
[14:55:33][INFO] get_data_info | retour : type = 3, size = 2184
[14:55:33][DEBUG] Get_data | dataInfo : type = 3, size = 2184
[14:55:33][DEBUG] Get_data | Success! data : 435179C0
[14:55:33][DEBUG] Get_data | Set cursor at addr = 2389
[14:55:33][DEBUG] get_data_info | addr = 2389
[14:55:33][INFO] get_data_info | retour : type = 3, size = 2184
[14:55:33][DEBUG] Get_data | dataInfo : type = 3, size = 2184
[14:55:33][DEBUG] Get_data | Success! data : 43518250
[14:55:33][DEBUG] Get_data | Set cursor at addr = 4589
[14:55:33][DEBUG] get_data_info | addr = 4589
[14:55:33][INFO] get_data_info | retour : type = 3, size = 2184
[14:55:33][DEBUG] Get_data | dataInfo : type = 3, size = 2184
[14:55:33][DEBUG] Get_data | Success! data : 43518AE0
[14:55:33][DEBUG] Show table | End of show table 0
[14:55:33][DEBUG] Show_table | Table vides
[14:55:33][DEBUG] Show table | addrTable = 93, table_level = 0
[14:55:33][DEBUG] get_table | addrTable = 93
[14:55:33][DEBUG] get_data_info | addr = 93
[14:55:33][INFO] get_data_info | retour : type = 2, size = 80
[14:55:33][DEBUG] get_table | retour : firstAddress = -1, nextTable = -1
[14:55:33][DEBUG] Show table | begin show table 0
[14:55:33][DEBUG] Show table | End of show table 0
[14:55:33][DEBUG] Show_table | Success
[14:55:33][INFO] 
======================Affichage Tables======================

5‰XTables :
Table 0 :
 CELL[0] : 189
   Data size : 2184
   Data type : 3
   Data : 156 map's items
 CELL[1] : 2389
   Data size : 2184
   Data type : 3
   Data : 156 map's items
 CELL[2] : 4589
   Data size : 2184
   Data type : 3
   Data : 156 map's items
 CELL[3] : EMPTY
 CELL[4] : EMPTY
 CELL[5] : EMPTY
 CELL[6] : EMPTY
 CELL[7] : EMPTY
 CELL[8] : EMPTY
 Next table : NO

Table de vides :
Table 0 :
 CELL[0] : EMPTY
 CELL[1] : EMPTY
 CELL[2] : EMPTY
 CELL[3] : EMPTY
 CELL[4] : EMPTY
 CELL[5] : EMPTY
 CELL[6] : EMPTY
 CELL[7] : EMPTY
 CELL[8] : EMPTY
 Next table : NO

======================Affichage Tables======================
[14:55:33][INFO] Main | New level load : 3, Old level save : 2
[14:55:33][INFO] Main | Level 3 : 156 items loaded
[14:55:40][INFO] Main | Level value : 7090
[14:55:43][INFO] Main | Level value : 7090
[14:55:43][DEBUG] poserBlock(35, 10)
[14:55:44][INFO] Main | Level value : 7090
[14:55:48][INFO] Main | Level value : 7090
[14:55:48][DEBUG] read => x: 35, y: 10 (pas de collision)
[14:55:48][DEBUG] read => x: 36, y: 10 (pas de collision)
[14:55:48][DEBUG] read => x: 37, y: 10 (pas de collision)
[14:55:51][INFO] Main | Level value : 7090
[14:55:53][INFO] Main | Level value : 7090
[14:55:53][DEBUG] poserBlock(32, 9)
[14:55:54][INFO] Main | Level value : 7090
[14:55:54][DEBUG] read => x: 36, y: 10 (pas de collision)
[14:55:54][DEBUG] read => x: 37, y: 10 (pas de collision)
[14:55:54][DEBUG] read => x: 38, y: 10 (pas de collision)
[14:55:55][INFO] Main | Level value : 7090
[14:55:56][INFO] Main | Level value : 7090
[14:55:57][INFO] Main | Level value : 7090
[14:55:57][DEBUG] read => x: 38, y: 7 (pas de collision)
[14:55:57][DEBUG] read => x: 38, y: 6 (pas de collision)
[14:55:58][INFO] Main | Level value : 7090
[14:55:58][DEBUG] read => x: 46, y: 9 (pas de collision)
[14:55:58][DEBUG] read => x: 47, y: 9 (pas de collision)
[14:55:58][DEBUG] read => x: 48, y: 9 (pas de collision)
[14:55:58][DEBUG] read => x: 46, y: 8 (pas de collision)
[14:55:58][DEBUG] read => x: 47, y: 8 (pas de collision)
[14:55:58][DEBUG] read => x: 48, y: 8 (pas de collision)
[14:55:58][DEBUG] read => x: 46, y: 7 (pas de collision)
[14:55:58][DEBUG] read => x: 47, y: 7 (pas de collision)
[14:55:58][DEBUG] read => x: 48, y: 7 (pas de collision)
[14:55:58][DEBUG] read => x: 46, y: 6 (pas de collision)
[14:55:58][DEBUG] read => x: 47, y: 6 (pas de collision)
[14:55:58][DEBUG] read => x: 48, y: 6 (pas de collision)
[14:55:59][INFO] Main | Level value : 7090
[14:55:59][DEBUG] read => x: 45, y: 14 (pas de collision)
[14:55:59][DEBUG] read => x: 46, y: 14 (pas de collision)
[14:55:59][DEBUG] read => x: 47, y: 14 (pas de collision)
[14:55:59][DEBUG] read => x: 45, y: 13 (pas de collision)
[14:55:59][DEBUG] read => x: 46, y: 13 (pas de collision)
[14:55:59][DEBUG] read => x: 47, y: 13 (pas de collision)
[14:55:59][DEBUG] read => x: 45, y: 12 (pas de collision)
[14:55:59][DEBUG] read => x: 46, y: 12 (pas de collision)
[14:55:59][DEBUG] read => x: 47, y: 12 (pas de collision)
[14:55:59][DEBUG] read => x: 45, y: 11 (pas de collision)
[14:55:59][DEBUG] read => x: 46, y: 11 (pas de collision)
[14:55:59][DEBUG] read => x: 47, y: 11 (pas de collision)
[14:56:00][INFO] Main | Level value : 7090
[14:56:00][DEBUG] read => x: 34, y: 14 (pas de collision)
[14:56:00][DEBUG] read => x: 35, y: 14 (pas de collision)
[14:56:00][DEBUG] read => x: 36, y: 14 (pas de collision)
[14:56:00][DEBUG] read => x: 34, y: 13 (pas de collision)
[14:56:00][DEBUG] read => x: 35, y: 13 (pas de collision)
[14:56:00][DEBUG] read => x: 36, y: 13 (pas de collision)
[14:56:00][DEBUG] read => x: 34, y: 12 (pas de collision)
[14:56:00][DEBUG] read => x: 35, y: 12 (pas de collision)
[14:56:00][DEBUG] read => x: 36, y: 12 (pas de collision)
[14:56:00][DEBUG] read => x: 34, y: 11 (pas de collision)
[14:56:00][DEBUG] read => x: 35, y: 11 (pas de collision)
[14:56:00][DEBUG] read => x: 36, y: 11 (pas de collision)
[14:56:03][INFO] Main | Level value : 7090
[14:56:03][DEBUG] read => x: 31, y: 12 (pas de collision)
[14:56:03][DEBUG] read => x: 32, y: 12 (pas de collision)
[14:56:03][DEBUG] read => x: 33, y: 12 (pas de collision)
[14:56:03][DEBUG] read => x: 31, y: 11 (pas de collision)
[14:56:03][DEBUG] read => x: 32, y: 11 (pas de collision)
[14:56:03][DEBUG] read => x: 33, y: 11 (pas de collision)
[14:56:03][DEBUG] read => x: 31, y: 10 (pas de collision)
[14:56:03][DEBUG] read => x: 32, y: 10 (pas de collision)
[14:56:03][DEBUG] read => x: 33, y: 10 (pas de collision)
[14:56:03][DEBUG] read => x: 31, y: 9 (pas de collision)
[14:56:03][DEBUG] read => x: 32, y: 9 (collision avec 1)
[14:56:05][INFO] Main | Level value : 7090
[14:56:05][DEBUG] read => x: 30, y: 14 (pas de collision)
[14:56:05][DEBUG] read => x: 31, y: 14 (pas de collision)
[14:56:05][DEBUG] read => x: 32, y: 14 (pas de collision)
[14:56:05][DEBUG] read => x: 33, y: 14 (pas de collision)
[14:56:05][DEBUG] read => x: 30, y: 13 (pas de collision)
[14:56:05][DEBUG] read => x: 31, y: 13 (pas de collision)
[14:56:05][DEBUG] read => x: 32, y: 13 (pas de collision)
[14:56:05][DEBUG] read => x: 33, y: 13 (pas de collision)
[14:56:05][DEBUG] read => x: 30, y: 12 (pas de collision)
[14:56:05][DEBUG] read => x: 31, y: 12 (pas de collision)
[14:56:05][DEBUG] read => x: 32, y: 12 (pas de collision)
[14:56:05][DEBUG] read => x: 33, y: 12 (pas de collision)
[14:56:07][INFO] Main | Level value : 7090
[14:56:07][DEBUG] read => x: 23, y: 15 (pas de collision)
[14:56:07][DEBUG] read => x: 24, y: 15 (pas de collision)
[14:56:07][DEBUG] read => x: 25, y: 15 (pas de collision)
[14:56:07][DEBUG] read => x: 23, y: 14 (pas de collision)
[14:56:07][DEBUG] read => x: 24, y: 14 (pas de collision)
[14:56:07][DEBUG] read => x: 25, y: 14 (pas de collision)
[14:56:08][INFO] Main | Level value : 7090
[14:56:10][INFO] Main | Level value : 7090
[14:56:19][INFO] Main | Stopping game...
[14:56:19][INFO] Main | Ncurses windows deleted!
[14:56:19][DEBUG] File loaded: level.dat, 4
[14:56:19][INFO] Main | Saving level 4...
[14:56:19][DEBUG] Save_level | level : 4
[14:56:19][DEBUG] find_tableEntryOfIdx | globalIndexEntry = 4, addrTable = 13, numTable = 0
[14:56:19][DEBUG] get_table | addrTable = 13
[14:56:19][DEBUG] get_table | retour : firstAddress = 189, nextTable = -1
[14:56:19][DEBUG] find_tableEntryOfIdx | entry find ! localIndex = 4
[14:56:19][DEBUG] find_tableEntryOfIdx | L'indice n'a pas d'adresse d√©finie.
[14:56:19][DEBUG] Save_level | Table entry found : type = 0, addrCell = -1, addrTable = -1, idx = -1
[14:56:19][INFO] Level Converter | Convert level to bytes: 168 items.
[14:56:19][INFO] Level Converter | Convert level to bytes: Success! 2352 bytes.
[14:56:19][DEBUG] Save_level | Success level converted to bytes: 435078A0, size = 2352 bytes
[14:56:19][DEBUG] Save_level | Level 4 not found, write new level...
[14:56:19][DEBUG] add_data | data: 435078A0, size: 2352, data_type: 3
[14:56:19][DEBUG] find_av_tableEntry | addrTable = 13
[14:56:19][DEBUG] get_table | addrTable = 13
[14:56:19][DEBUG] get_table | retour : firstAddress = 189, nextTable = -1
[14:56:19][DEBUG] find_av_tableEntry | entry not used found at index = 3 of table = 13
[14:56:19][DEBUG] add_data | tableEntry : addr_table = 13, idx_table = 3, type_data = 0, addr_cell = -1
[14:56:19][DEBUG] get_table | addrTable = 13
[14:56:19][DEBUG] get_table | retour : firstAddress = 189, nextTable = -1
[14:56:19][DEBUG] get_empty | sizeNeeded = 2352, addrTable = 93
[14:56:19][DEBUG] get_table | addrTable = 93
[14:56:19][DEBUG] get_data_info | addr = 93
[14:56:19][INFO] get_data_info | retour : type = 2, size = 80
[14:56:19][DEBUG] get_table | retour : firstAddress = -1, nextTable = -1
[14:56:19][DEBUG] get_empty | Check table for an empty space...
[14:56:19][DEBUG] get_empty | no more table to check, no empty space found
[14:56:19][DEBUG] add_data | No empty space found, set cursor at the end of file
[14:56:19][DEBUG] write_data_info | addr = 6789
[14:56:19][INFO] write_data_info | retour : type = 3, size = 2352
[14:56:19][DEBUG] write_table | addrTable = 13
[14:56:19][DEBUG] write_table | first table
[14:56:19][DEBUG] write_table | retour : success!
[14:56:19][DEBUG] add_data | Data added at addr = 6789, idx = 3, tableAddr = 13
[14:56:19][DEBUG] Save_level | Success level 4 save created
[14:56:19][INFO] Main | Level 4 saved
[14:56:19][DEBUG] Show_table | reading file : level.dat
[14:56:19][DEBUG] Show table | addrTable = 13, table_level = 0
[14:56:19][DEBUG] get_table | addrTable = 13
[14:56:19][DEBUG] get_table | retour : firstAddress = 189, nextTable = -1
[14:56:19][DEBUG] Show table | begin show table 0
[14:56:19][DEBUG] Get_data | Set cursor at addr = 189
[14:56:19][DEBUG] get_data_info | addr = 189
[14:56:19][INFO] get_data_info | retour : type = 3, size = 2184
[14:56:19][DEBUG] Get_data | dataInfo : type = 3, size = 2184
[14:56:19][DEBUG] Get_data | Success! data : 435078A0
[14:56:19][DEBUG] Get_data | Set cursor at addr = 2389
[14:56:19][DEBUG] get_data_info | addr = 2389
[14:56:19][INFO] get_data_info | retour : type = 3, size = 2184
[14:56:19][DEBUG] Get_data | dataInfo : type = 3, size = 2184
[14:56:19][DEBUG] Get_data | Success! data : 4351B6A0
[14:56:19][DEBUG] Get_data | Set cursor at addr = 4589
[14:56:19][DEBUG] get_data_info | addr = 4589
[14:56:19][INFO] get_data_info | retour : type = 3, size = 2184
[14:56:19][DEBUG] Get_data | dataInfo : type = 3, size = 2184
[14:56:19][DEBUG] Get_data | Success! data : 4351BF30
[14:56:19][DEBUG] Get_data | Set cursor at addr = 6789
[14:56:19][DEBUG] get_data_info | addr = 6789
[14:56:19][INFO] get_data_info | retour : type = 3, size = 2352
[14:56:19][DEBUG] Get_data | dataInfo : type = 3, size = 2352
[14:56:19][DEBUG] Get_data | Success! data : 4351C7C0
[14:56:19][DEBUG] Show table | End of show table 0
[14:56:19][DEBUG] Show_table | Table vides
[14:56:19][DEBUG] Show table | addrTable = 93, table_level = 0
[14:56:19][DEBUG] get_table | addrTable = 93
[14:56:19][DEBUG] get_data_info | addr = 93
[14:56:19][INFO] get_data_info | retour : type = 2, size = 80
[14:56:19][DEBUG] get_table | retour : firstAddress = -1, nextTable = -1
[14:56:19][DEBUG] Show table | begin show table 0
[14:56:19][DEBUG] Show table | End of show table 0
[14:56:19][DEBUG] Show_table | Success
[14:56:19][INFO] 
===================== Affichage Tables =====================

Tables :
Table 0 :
 CELL[0] : 189
   Data size : 2184
   Data type : 3
   Data : 156 map's items
 CELL[1] : 2389
   Data size : 2184
   Data type : 3
   Data : 156 map's items
 CELL[2] : 4589
   Data size : 2184
   Data type : 3
   Data : 156 map's items
 CELL[3] : 6789
   Data size : 2352
   Data type : 3
   Data : 168 map's items
 CELL[4] : EMPTY
 CELL[5] : EMPTY
 CELL[6] : EMPTY
 CELL[7] : EMPTY
 CELL[8] : EMPTY
 Next table : NO

Table de vides :
Table 0 :
 CELL[0] : EMPTY
 CELL[1] : EMPTY
 CELL[2] : EMPTY
 CELL[3] : EMPTY
 CELL[4] : EMPTY
 CELL[5] : EMPTY
 CELL[6] : EMPTY
 CELL[7] : EMPTY
 CELL[8] : EMPTY
 Next table : NO

===================== Affichage Tables =====================
[14:56:19][INFO] End of the session of the game.

