
[00:29:48][INFO] Main | Ncurses windows init...
[00:29:48][INFO] Main | Ncurses windows init success!
[00:29:48][INFO] Main | Game Window created!
[00:29:48][INFO] Main | Tools menu created!
[00:29:48][INFO] Main | Loading first level from file...
[00:29:48][DEBUG] File loaded: level.dat, 4
[00:29:48][INFO] Main | File loaded
[00:29:48][DEBUG] Get_level | level : 0
[00:29:48][DEBUG] Get_level | File opened: level.dat
[00:29:48][DEBUG] find_tableEntryOfIdx | globalIndexEntry = 0, addrTable = 13, numTable = 0
[00:29:48][DEBUG] get_table | addrTable = 13
[00:29:48][DEBUG] get_table | retour : firstAddress = 189, nextTable = -1
[00:29:48][DEBUG] find_tableEntryOfIdx | entry find ! localIndex = 0
[00:29:48][DEBUG] get_data_info | addr = 189
[00:29:48][INFO] get_data_info | retour : type = 3, size = 2184
[00:29:48][DEBUG] find_tableEntryOfIdx | return the cell info, addr_cell = 189, addr_table = 13, idx_table = 0, type_data = 3
[00:29:48][DEBUG] Get_level | Table entry found : type = 3, addrCell = 189, addrTable = 13, idx = 0
[00:29:48][DEBUG] Get_data | Set cursor at addr = 189
[00:29:48][DEBUG] get_data_info | addr = 189
[00:29:48][INFO] get_data_info | retour : type = 3, size = 2184
[00:29:48][DEBUG] Get_data | dataInfo : type = 3, size = 2184
[00:29:48][DEBUG] Get_data | Success! data : 6A4AE8D0
[00:29:48][DEBUG] Get_level | dataInfo.type = 3, dataInfo.size = 2184
[00:29:48][DEBUG] Get_level | data = 6A4AE8D0
[00:29:48][INFO] Level Converter | Convert bytes to level: 2184 bytes.
[00:29:48][INFO] Level Converter | Convert bytes to level: Success! 156 items.
[00:29:48][DEBUG] Get_level | level : 0, success! 156 items loaded!
[00:29:48][INFO] Main | First level found and loaded.
[00:29:48][INFO] Main | First level : 156 items loaded
[00:29:48][INFO] Main | Level value : 7090
[00:29:48][DEBUG] Show_table | reading file : level.dat
[00:29:48][DEBUG] Show table | addrTable = 13, table_level = 0
[00:29:48][DEBUG] get_table | addrTable = 13
[00:29:48][DEBUG] get_table | retour : firstAddress = 189, nextTable = -1
[00:29:48][DEBUG] Show table | begin show table 0
[00:29:48][DEBUG] Get_data | Set cursor at addr = 189
[00:29:48][DEBUG] get_data_info | addr = 189
[00:29:48][INFO] get_data_info | retour : type = 3, size = 2184
[00:29:48][DEBUG] Get_data | dataInfo : type = 3, size = 2184
[00:29:48][DEBUG] Get_data | Success! data : 6A4AE8D0
[00:29:48][DEBUG] Get_data | Set cursor at addr = 2389
[00:29:48][DEBUG] get_data_info | addr = 2389
[00:29:48][INFO] get_data_info | retour : type = 3, size = 2184
[00:29:48][DEBUG] Get_data | dataInfo : type = 3, size = 2184
[00:29:48][DEBUG] Get_data | Success! data : 6A4B3870
[00:29:48][DEBUG] Get_data | Set cursor at addr = 4589
[00:29:48][DEBUG] get_data_info | addr = 4589
[00:29:48][INFO] get_data_info | retour : type = 3, size = 2184
[00:29:48][DEBUG] Get_data | dataInfo : type = 3, size = 2184
[00:29:48][DEBUG] Get_data | Success! data : 6A4B4100
[00:29:48][DEBUG] Get_data | Set cursor at addr = 6789
[00:29:48][DEBUG] get_data_info | addr = 6789
[00:29:48][INFO] get_data_info | retour : type = 3, size = 2352
[00:29:48][DEBUG] Get_data | dataInfo : type = 3, size = 2352
[00:29:48][DEBUG] Get_data | Success! data : 6A4B4990
[00:29:48][DEBUG] Show table | End of show table 0
[00:29:48][DEBUG] Show_table | Table vides
[00:29:48][DEBUG] Show table | addrTable = 93, table_level = 0
[00:29:48][DEBUG] get_table | addrTable = 93
[00:29:48][DEBUG] get_data_info | addr = 93
[00:29:48][INFO] get_data_info | retour : type = 2, size = 80
[00:29:48][DEBUG] get_table | retour : firstAddress = -1, nextTable = -1
[00:29:48][DEBUG] Show table | begin show table 0
[00:29:48][DEBUG] Show table | End of show table 0
[00:29:48][DEBUG] Show_table | Success
[00:29:48][INFO] 
======================Affichage Tables======================

Tables :
Table 0 :
 CELL[0] : 189
   Data size : 2184
   Data type : 3
   Data : 156 map's items
 CELL[1] : 2389
   Data size : 2184
   Data type : 3
   Data : 156 map's items
 CELL[2] : 4589
   Data size : 2184
   Data type : 3
   Data : 156 map's items
 CELL[3] : 6789
   Data size : 2352
   Data type : 3
   Data : 168 map's items
 CELL[4] : EMPTY
 CELL[5] : EMPTY
 CELL[6] : EMPTY
 CELL[7] : EMPTY
 CELL[8] : EMPTY
 Next table : NO

Table de vides :
Table 0 :
 CELL[0] : EMPTY
 CELL[1] : EMPTY
 CELL[2] : EMPTY
 CELL[3] : EMPTY
 CELL[4] : EMPTY
 CELL[5] : EMPTY
 CELL[6] : EMPTY
 CELL[7] : EMPTY
 CELL[8] : EMPTY
 Next table : NO

======================Affichage Tables======================
[00:29:50][INFO] Main | Stopping game...
[00:29:50][INFO] Main | Ncurses windows deleted!
[00:29:50][DEBUG] File loaded: level.dat, 4
[00:29:50][INFO] Main | Saving level 1...
[00:29:50][DEBUG] Save_level | level : 1
[00:29:50][DEBUG] find_tableEntryOfIdx | globalIndexEntry = 1, addrTable = 13, numTable = 0
[00:29:50][DEBUG] get_table | addrTable = 13
[00:29:50][DEBUG] get_table | retour : firstAddress = 189, nextTable = -1
[00:29:50][DEBUG] find_tableEntryOfIdx | entry find ! localIndex = 1
[00:29:50][DEBUG] get_data_info | addr = 2389
[00:29:50][INFO] get_data_info | retour : type = 3, size = 2184
[00:29:50][DEBUG] find_tableEntryOfIdx | return the cell info, addr_cell = 2389, addr_table = 13, idx_table = 1, type_data = 3
[00:29:50][DEBUG] Save_level | Table entry found : type = 3, addrCell = 2389, addrTable = 13, idx = 1
[00:29:50][INFO] Level Converter | Convert level to bytes: 156 items.
[00:29:50][INFO] Level Converter | Convert level to bytes: Success! 2184 bytes.
[00:29:50][DEBUG] Save_level | Success level converted to bytes: 6A4AA8A0, size = 2184 bytes
[00:29:50][DEBUG] Save_level | Level 1 found, update level..
[00:29:50][DEBUG] Remove_level | level : 1
[00:29:50][DEBUG] transform_to_empty | globalIndexEntry = 1, addrTable = 13, numTable = 0
[00:29:50][DEBUG] get_table | addrTable = 13
[00:29:50][DEBUG] get_table | retour : firstAddress = 189, nextTable = -1
[00:29:50][DEBUG] transform_to_empty | entry find ! localIndex = 1
[00:29:50][DEBUG] get_data_info | addr = 2389
[00:29:50][INFO] get_data_info | retour : type = 3, size = 2184
[00:29:50][DEBUG] transform_to_empty | Update the data_info
[00:29:50][DEBUG] transform_to_empty | Rewrite DataInfo and Erase data from 2389 to 4589
[00:29:50][DEBUG] find_av_tableEntry | addrTable = 93
[00:29:50][DEBUG] get_table | addrTable = 93
[00:29:50][DEBUG] get_data_info | addr = 93
[00:29:50][INFO] get_data_info | retour : type = 2, size = 80
[00:29:50][DEBUG] get_table | retour : firstAddress = -1, nextTable = -1
[00:29:50][DEBUG] find_av_tableEntry | entry not used found at index = 0 of table = 93
[00:29:50][DEBUG] transform_to_empty: Find space on empty table addr = 93 on index 0
[00:29:50][DEBUG] get_table | addrTable = 93
[00:29:50][DEBUG] get_data_info | addr = 93
[00:29:50][INFO] get_data_info | retour : type = 2, size = 80
[00:29:50][DEBUG] get_table | retour : firstAddress = -1, nextTable = -1
[00:29:50][DEBUG] write_table | addrTable = 93
[00:29:50][DEBUG] write_table | not first table
[00:29:50][DEBUG] write_table | retour : success!
[00:29:50][DEBUG] transform_to_empty: Register the empty space successfully
[00:29:50][DEBUG] transform_to_empty | Unregister the old data address
[00:29:50][DEBUG] write_table | addrTable = 13
[00:29:50][DEBUG] write_table | first table
[00:29:50][DEBUG] write_table | retour : success!
[00:29:50][DEBUG] transform_to_empty | End of transformation
[00:29:50][DEBUG] Remove_level | level : 1, success : 1
[00:29:50][DEBUG] add_data | data: 6A4AA8A0, size: 2184, data_type: 3
[00:29:50][DEBUG] find_av_tableEntry | addrTable = 13
[00:29:50][DEBUG] get_table | addrTable = 13
[00:29:50][DEBUG] get_table | retour : firstAddress = 189, nextTable = -1
[00:29:50][DEBUG] find_av_tableEntry | entry not used found at index = 1 of table = 13
[00:29:50][DEBUG] add_data | tableEntry : addr_table = 13, idx_table = 1, type_data = 0, addr_cell = -1
[00:29:50][DEBUG] get_table | addrTable = 13
[00:29:50][DEBUG] get_table | retour : firstAddress = 189, nextTable = -1
[00:29:50][DEBUG] get_empty | sizeNeeded = 2184, addrTable = 93
[00:29:50][DEBUG] get_table | addrTable = 93
[00:29:50][DEBUG] get_data_info | addr = 93
[00:29:50][INFO] get_data_info | retour : type = 2, size = 80
[00:29:50][DEBUG] get_table | retour : firstAddress = 2389, nextTable = -1
[00:29:50][DEBUG] get_empty | Check table for an empty space...
[00:29:50][DEBUG] get_empty | Empty found at index = 0 pointing to addr = 2389
[00:29:50][DEBUG] get_data_info | addr = 2389
[00:29:50][INFO] get_data_info | retour : type = 1, size = 2184
[00:29:50][DEBUG] get_empty | This empty had a size of 2184
[00:29:50][DEBUG] get_empty | Espace vide suffisament grand trouvé!
[00:29:50][DEBUG] add_data | Empty space found, addr: 2389, size : 2184
[00:29:50][DEBUG] update_empty | addrEmpty = 2389, sizeNeeded = 2184
[00:29:50][DEBUG] get_table | addrTable = 93
[00:29:50][DEBUG] get_data_info | addr = 93
[00:29:50][INFO] get_data_info | retour : type = 2, size = 80
[00:29:50][DEBUG] get_table | retour : firstAddress = 2389, nextTable = -1
[00:29:50][DEBUG] update_empty | addrEmpty removed from table
[00:29:50][DEBUG] write_table | addrTable = 93
[00:29:50][DEBUG] write_table | not first table
[00:29:50][DEBUG] write_table | retour : success!
[00:29:50][DEBUG] update_empty | retour : success!
[00:29:50][DEBUG] write_data_info | addr = 2389
[00:29:50][INFO] write_data_info | retour : type = 3, size = 2184
[00:29:50][DEBUG] write_table | addrTable = 13
[00:29:50][DEBUG] write_table | first table
[00:29:50][DEBUG] write_table | retour : success!
[00:29:50][DEBUG] add_data | Data added at addr = 2389, idx = 1, tableAddr = 13
[00:29:50][DEBUG] Save_level | Success level 1 updated
[00:29:50][INFO] Main | Level 1 saved
[00:29:50][DEBUG] Show_table | reading file : level.dat
[00:29:50][DEBUG] Show table | addrTable = 13, table_level = 0
[00:29:50][DEBUG] get_table | addrTable = 13
[00:29:50][DEBUG] get_table | retour : firstAddress = 189, nextTable = -1
[00:29:50][DEBUG] Show table | begin show table 0
[00:29:50][DEBUG] Get_data | Set cursor at addr = 189
[00:29:50][DEBUG] get_data_info | addr = 189
[00:29:50][INFO] get_data_info | retour : type = 3, size = 2184
[00:29:50][DEBUG] Get_data | dataInfo : type = 3, size = 2184
[00:29:50][DEBUG] Get_data | Success! data : 6A4AA8A0
[00:29:50][DEBUG] Get_data | Set cursor at addr = 2389
[00:29:50][DEBUG] get_data_info | addr = 2389
[00:29:50][INFO] get_data_info | retour : type = 3, size = 2184
[00:29:50][DEBUG] Get_data | dataInfo : type = 3, size = 2184
[00:29:50][DEBUG] Get_data | Success! data : 6A4B7B80
[00:29:50][DEBUG] Get_data | Set cursor at addr = 4589
[00:29:50][DEBUG] get_data_info | addr = 4589
[00:29:50][INFO] get_data_info | retour : type = 3, size = 2184
[00:29:50][DEBUG] Get_data | dataInfo : type = 3, size = 2184
[00:29:50][DEBUG] Get_data | Success! data : 6A4B8410
[00:29:50][DEBUG] Get_data | Set cursor at addr = 6789
[00:29:50][DEBUG] get_data_info | addr = 6789
[00:29:50][INFO] get_data_info | retour : type = 3, size = 2352
[00:29:50][DEBUG] Get_data | dataInfo : type = 3, size = 2352
[00:29:50][DEBUG] Get_data | Success! data : 6A4B8CA0
[00:29:50][DEBUG] Show table | End of show table 0
[00:29:50][DEBUG] Show_table | Table vides
[00:29:50][DEBUG] Show table | addrTable = 93, table_level = 0
[00:29:50][DEBUG] get_table | addrTable = 93
[00:29:50][DEBUG] get_data_info | addr = 93
[00:29:50][INFO] get_data_info | retour : type = 2, size = 80
[00:29:50][DEBUG] get_table | retour : firstAddress = -1, nextTable = -1
[00:29:50][DEBUG] Show table | begin show table 0
[00:29:50][DEBUG] Show table | End of show table 0
[00:29:50][DEBUG] Show_table | Success
[00:29:50][INFO] 
===================== Affichage Tables =====================

Tables :
Table 0 :
 CELL[0] : 189
   Data size : 2184
   Data type : 3
   Data : 156 map's items
 CELL[1] : 2389
   Data size : 2184
   Data type : 3
   Data : 156 map's items
 CELL[2] : 4589
   Data size : 2184
   Data type : 3
   Data : 156 map's items
 CELL[3] : 6789
   Data size : 2352
   Data type : 3
   Data : 168 map's items
 CELL[4] : EMPTY
 CELL[5] : EMPTY
 CELL[6] : EMPTY
 CELL[7] : EMPTY
 CELL[8] : EMPTY
 Next table : NO

Table de vides :
Table 0 :
 CELL[0] : EMPTY
 CELL[1] : EMPTY
 CELL[2] : EMPTY
 CELL[3] : EMPTY
 CELL[4] : EMPTY
 CELL[5] : EMPTY
 CELL[6] : EMPTY
 CELL[7] : EMPTY
 CELL[8] : EMPTY
 Next table : NO

===================== Affichage Tables =====================
[00:29:50][INFO] End of the session of the game.

