[18:49:02][INFO] Main | Loading first level from file...
[18:49:02][DEBUG] init_table | Initialisation √† ADDR_UNUSED des entr√©es de la table.
[18:49:02][DEBUG] Tag written: GAMEOFTABLES, size_tag : 13
[18:49:02][DEBUG] Cursor at : 109
[18:49:02][DEBUG] File created: level.lvl, 4
[18:49:02][DEBUG] load_file: file level.lvl has been create.
[18:49:02][INFO] Main | File loaded
[18:49:02][DEBUG] Show_table | reading file : level.lvl
[18:49:02][DEBUG] get_table | addrTable = 13
[18:49:02][DEBUG] get_table | retour : firstAddress = -1, nextTable = -1
[18:49:02][DEBUG] Show_table | Table vides
[18:49:02][DEBUG] get_table | addrTable = 93
[18:49:02][DEBUG] get_data_info | addr = 93
[18:49:02][INFO] get_data_info | retour : type = 2, size = 80
[18:49:02][DEBUG] get_table | retour : firstAddress = -1, nextTable = -1
[18:49:02][DEBUG] Show_table | Success
[18:49:02][INFO] 
======================Affichage Tables======================

Tables :
Table 0 :
 CELL[0] : EMPTY
 CELL[1] : EMPTY
 CELL[2] : EMPTY
 CELL[3] : EMPTY
 CELL[4] : EMPTY
 CELL[5] : EMPTY
 CELL[6] : EMPTY
 CELL[7] : EMPTY
 CELL[8] : EMPTY
 Next table : NO

Table de vides :
Table 0 :
 CELL[0] : EMPTY
 CELL[1] : EMPTY
 CELL[2] : EMPTY
 CELL[3] : EMPTY
 CELL[4] : EMPTY
 CELL[5] : EMPTY
 CELL[6] : EMPTY
 CELL[7] : EMPTY
 CELL[8] : EMPTY
 Next table : NO

======================Affichage Tables======================
[18:49:02][DEBUG] Get_level | level : 0
[18:49:02][DEBUG] Get_level | File opened: level.lvl
[18:49:02][DEBUG] find_tableEntryOfIdx | globalIndexEntry = 0, addrTable = 13, numTable = 0
[18:49:02][DEBUG] get_table | addrTable = 13
[18:49:02][DEBUG] get_table | retour : firstAddress = -1, nextTable = -1
[18:49:02][DEBUG] find_tableEntryOfIdx | entry find ! localIndex = 0
[18:49:02][DEBUG] find_tableEntryOfIdx | L'indice n'a pas d'adresse d√©finie.
[18:49:02][DEBUG] Get_level | Table entry found : type = 0, addrCell = -1, addrTable = -1, idx = -1
[18:49:02][DEBUG] Get_level | Level not found
[18:49:02][INFO] Main | First level not found, empty level generated.
[18:49:02][DEBUG] Show_table | reading file : level.lvl
[18:49:02][DEBUG] get_table | addrTable = 13
[18:49:02][DEBUG] get_table | retour : firstAddress = -1, nextTable = -1
[18:49:02][DEBUG] Show_table | Table vides
[18:49:02][DEBUG] get_table | addrTable = 93
[18:49:02][DEBUG] get_data_info | addr = 93
[18:49:02][INFO] get_data_info | retour : type = 2, size = 80
[18:49:02][DEBUG] get_table | retour : firstAddress = -1, nextTable = -1
[18:49:02][DEBUG] Show_table | Success
[18:49:02][INFO] 
======================Affichage Tables======================

Tables :
Table 0 :
 CELL[0] : EMPTY
 CELL[1] : EMPTY
 CELL[2] : EMPTY
 CELL[3] : EMPTY
 CELL[4] : EMPTY
 CELL[5] : EMPTY
 CELL[6] : EMPTY
 CELL[7] : EMPTY
 CELL[8] : EMPTY
 Next table : NO

Table de vides :
Table 0 :
 CELL[0] : EMPTY
 CELL[1] : EMPTY
 CELL[2] : EMPTY
 CELL[3] : EMPTY
 CELL[4] : EMPTY
 CELL[5] : EMPTY
 CELL[6] : EMPTY
 CELL[7] : EMPTY
 CELL[8] : EMPTY
 Next table : NO

======================Affichage Tables======================
[18:49:02][DEBUG] free_file | file = level.lvl
[18:49:04][DEBUG] File loaded: level.lvl, 4
[18:49:04][DEBUG] Show_table | reading file : level.lvl
[18:49:04][DEBUG] get_table | addrTable = 13
[18:49:04][DEBUG] get_table | retour : firstAddress = -1, nextTable = -1
[18:49:04][DEBUG] Show_table | Table vides
[18:49:04][DEBUG] get_table | addrTable = 93
[18:49:04][DEBUG] get_data_info | addr = 93
[18:49:04][INFO] get_data_info | retour : type = 2, size = 80
[18:49:04][DEBUG] get_table | retour : firstAddress = -1, nextTable = -1
[18:49:04][DEBUG] Show_table | Success
[18:49:04][INFO] 
======================Affichage Tables======================

Tables :
Table 0 :
 CELL[0] : EMPTY
 CELL[1] : EMPTY
 CELL[2] : EMPTY
 CELL[3] : EMPTY
 CELL[4] : EMPTY
 CELL[5] : EMPTY
 CELL[6] : EMPTY
 CELL[7] : EMPTY
 CELL[8] : EMPTY
 Next table : NO

Table de vides :
Table 0 :
 CELL[0] : EMPTY
 CELL[1] : EMPTY
 CELL[2] : EMPTY
 CELL[3] : EMPTY
 CELL[4] : EMPTY
 CELL[5] : EMPTY
 CELL[6] : EMPTY
 CELL[7] : EMPTY
 CELL[8] : EMPTY
 Next table : NO

======================Affichage Tables======================
[18:49:04][DEBUG] Save_level | level : 0
[18:49:04][DEBUG] find_tableEntryOfIdx | globalIndexEntry = 0, addrTable = 13, numTable = 0
[18:49:04][DEBUG] get_table | addrTable = 13
[18:49:04][DEBUG] get_table | retour : firstAddress = -1, nextTable = -1
[18:49:04][DEBUG] find_tableEntryOfIdx | entry find ! localIndex = 0
[18:49:04][DEBUG] find_tableEntryOfIdx | L'indice n'a pas d'adresse d√©finie.
[18:49:04][DEBUG] Save_level | Table entry found : type = 0, addrCell = -1, addrTable = -1, idx = -1
[18:49:04][INFO] Level Converter | Convert level to bytes: 156 items.
[18:49:04][INFO] Level Converter | Convert level to bytes: Success! 9984 bytes.
[18:49:04][DEBUG] Save_level | Success level converted to bytes: 14DD01B0, size = 9984 bytes
[18:49:04][DEBUG] Save_level | Level 0 not found, write new level...
[18:49:04][DEBUG] add_data | data: 14DD01B0, size: 9984, data_type: 3
[18:49:04][DEBUG] find_av_tableEntry | addrTable = 13
[18:49:04][DEBUG] get_table | addrTable = 13
[18:49:04][DEBUG] get_table | retour : firstAddress = -1, nextTable = -1
[18:49:04][DEBUG] find_av_tableEntry | entry not used found at index = 0 of table = 13
[18:49:04][DEBUG] add_data | tableEntry : addr_table = 13, idx_table = 0, type_data = 0, addr_cell = -1
[18:49:04][DEBUG] get_table | addrTable = 13
[18:49:04][DEBUG] get_table | retour : firstAddress = -1, nextTable = -1
[18:49:04][DEBUG] get_empty | sizeNeeded = 9984, addrTable = 93
[18:49:04][DEBUG] get_table | addrTable = 93
[18:49:04][DEBUG] get_data_info | addr = 93
[18:49:04][INFO] get_data_info | retour : type = 2, size = 80
[18:49:04][DEBUG] get_table | retour : firstAddress = -1, nextTable = -1
[18:49:04][DEBUG] get_empty | Check table for an empty space...
[18:49:04][DEBUG] get_empty | no more table to check, no empty space found
[18:49:04][DEBUG] add_data | No empty space found, set cursor at the end of file
[18:49:04][DEBUG] write_data_info | addr = 189
[18:49:04][INFO] write_data_info | retour : type = 3, size = 9984
[18:49:04][DEBUG] write_table | addrTable = 13
[18:49:04][DEBUG] write_table | first table
[18:49:04][DEBUG] write_table | retour : success!
[18:49:04][DEBUG] add_data | Data added at addr = 189, idx = 0, tableAddr = 13
[18:49:04][DEBUG] Save_level | Success level 0 save created
[18:49:04][DEBUG] Get_level | level : 1
[18:49:04][DEBUG] Get_level | File opened: level.lvl
[18:49:04][DEBUG] find_tableEntryOfIdx | globalIndexEntry = 1, addrTable = 13, numTable = 0
[18:49:04][DEBUG] get_table | addrTable = 13
[18:49:04][DEBUG] get_table | retour : firstAddress = 189, nextTable = -1
[18:49:04][DEBUG] find_tableEntryOfIdx | entry find ! localIndex = 1
[18:49:04][DEBUG] find_tableEntryOfIdx | L'indice n'a pas d'adresse d√©finie.
[18:49:04][DEBUG] Get_level | Table entry found : type = 0, addrCell = -1, addrTable = -1, idx = -1
[18:49:04][DEBUG] Get_level | Level not found
[18:49:04][INFO] Main | Level 1 not found, empty level generated
[18:49:04][DEBUG] Show_table | reading file : level.lvl
[18:49:04][DEBUG] get_table | addrTable = 13
[18:49:04][DEBUG] get_table | retour : firstAddress = 189, nextTable = -1
[18:49:04][DEBUG] Get_data | Set cursor at addr = 189
[18:49:04][DEBUG] get_data_info | addr = 189
[18:49:04][INFO] get_data_info | retour : type = 3, size = 9984
[18:49:04][DEBUG] Get_data | dataInfo : type = 3, size = 9984
[18:49:04][DEBUG] Get_data | Success! data : 14DD2C00
[18:49:04][DEBUG] Show_table | Table vides
[18:49:04][DEBUG] get_table | addrTable = 93
[18:49:04][DEBUG] get_data_info | addr = 93
[18:49:04][INFO] get_data_info | retour : type = 2, size = 80
[18:49:04][DEBUG] get_table | retour : firstAddress = -1, nextTable = -1
[18:49:04][DEBUG] Show_table | Success
[18:49:04][INFO] 
======================Affichage Tables======================

†S†ı)Tables :
Table 0 :
 CELL[0] : 189
   Data size : 9984
   Data type : 3
   Data : 156 map's items
 CELL[1] : EMPTY
 CELL[2] : EMPTY
 CELL[3] : EMPTY
 CELL[4] : EMPTY
 CELL[5] : EMPTY
 CELL[6] : EMPTY
 CELL[7] : EMPTY
 CELL[8] : EMPTY
 Next table : NO

Table de vides :
Table 0 :
 CELL[0] : EMPTY
 CELL[1] : EMPTY
 CELL[2] : EMPTY
 CELL[3] : EMPTY
 CELL[4] : EMPTY
 CELL[5] : EMPTY
 CELL[6] : EMPTY
 CELL[7] : EMPTY
 CELL[8] : EMPTY
 Next table : NO

======================Affichage Tables======================
[18:49:04][DEBUG] free_file | file = level.lvl
[18:49:04][INFO] Main | New level load : 1, Old level save : 0
[18:49:04][INFO] Main | Level 1 : 156 items loaded
[18:49:05][DEBUG] File loaded: level.lvl, 4
[18:49:05][DEBUG] Show_table | reading file : level.lvl
[18:49:05][DEBUG] get_table | addrTable = 13
[18:49:05][DEBUG] get_table | retour : firstAddress = 189, nextTable = -1
[18:49:05][DEBUG] Get_data | Set cursor at addr = 189
[18:49:05][DEBUG] get_data_info | addr = 189
[18:49:05][INFO] get_data_info | retour : type = 3, size = 9984
[18:49:05][DEBUG] Get_data | dataInfo : type = 3, size = 9984
[18:49:05][DEBUG] Get_data | Success! data : 14DD7320
[18:49:05][DEBUG] Show_table | Table vides
[18:49:05][DEBUG] get_table | addrTable = 93
[18:49:05][DEBUG] get_data_info | addr = 93
[18:49:05][INFO] get_data_info | retour : type = 2, size = 80
[18:49:05][DEBUG] get_table | retour : firstAddress = -1, nextTable = -1
[18:49:05][DEBUG] Show_table | Success
[18:49:05][INFO] 
======================Affichage Tables======================

Tables :
Table 0 :
 CELL[0] : 189
   Data size : 9984
   Data type : 3
   Data : 156 map's items
 CELL[1] : EMPTY
 CELL[2] : EMPTY
 CELL[3] : EMPTY
 CELL[4] : EMPTY
 CELL[5] : EMPTY
 CELL[6] : EMPTY
 CELL[7] : EMPTY
 CELL[8] : EMPTY
 Next table : NO

Table de vides :
Table 0 :
 CELL[0] : EMPTY
 CELL[1] : EMPTY
 CELL[2] : EMPTY
 CELL[3] : EMPTY
 CELL[4] : EMPTY
 CELL[5] : EMPTY
 CELL[6] : EMPTY
 CELL[7] : EMPTY
 CELL[8] : EMPTY
 Next table : NO

======================Affichage Tables======================
[18:49:05][DEBUG] Save_level | level : 1
[18:49:05][DEBUG] find_tableEntryOfIdx | globalIndexEntry = 1, addrTable = 13, numTable = 0
[18:49:05][DEBUG] get_table | addrTable = 13
[18:49:05][DEBUG] get_table | retour : firstAddress = 189, nextTable = -1
[18:49:05][DEBUG] find_tableEntryOfIdx | entry find ! localIndex = 1
[18:49:05][DEBUG] find_tableEntryOfIdx | L'indice n'a pas d'adresse d√©finie.
[18:49:05][DEBUG] Save_level | Table entry found : type = 0, addrCell = -1, addrTable = -1, idx = -1
[18:49:05][INFO] Level Converter | Convert level to bytes: 156 items.
[18:49:05][INFO] Level Converter | Convert level to bytes: Success! 9984 bytes.
[18:49:05][DEBUG] Save_level | Success level converted to bytes: 14DD9A30, size = 9984 bytes
[18:49:05][DEBUG] Save_level | Level 1 not found, write new level...
[18:49:05][DEBUG] add_data | data: 14DD9A30, size: 9984, data_type: 3
[18:49:05][DEBUG] find_av_tableEntry | addrTable = 13
[18:49:05][DEBUG] get_table | addrTable = 13
[18:49:05][DEBUG] get_table | retour : firstAddress = 189, nextTable = -1
[18:49:05][DEBUG] find_av_tableEntry | entry not used found at index = 1 of table = 13
[18:49:05][DEBUG] add_data | tableEntry : addr_table = 13, idx_table = 1, type_data = 0, addr_cell = -1
[18:49:05][DEBUG] get_table | addrTable = 13
[18:49:05][DEBUG] get_table | retour : firstAddress = 189, nextTable = -1
[18:49:05][DEBUG] get_empty | sizeNeeded = 9984, addrTable = 93
[18:49:05][DEBUG] get_table | addrTable = 93
[18:49:05][DEBUG] get_data_info | addr = 93
[18:49:05][INFO] get_data_info | retour : type = 2, size = 80
[18:49:05][DEBUG] get_table | retour : firstAddress = -1, nextTable = -1
[18:49:05][DEBUG] get_empty | Check table for an empty space...
[18:49:05][DEBUG] get_empty | no more table to check, no empty space found
[18:49:05][DEBUG] add_data | No empty space found, set cursor at the end of file
[18:49:05][DEBUG] write_data_info | addr = 10189
[18:49:05][INFO] write_data_info | retour : type = 3, size = 9984
[18:49:05][DEBUG] write_table | addrTable = 13
[18:49:05][DEBUG] write_table | first table
[18:49:05][DEBUG] write_table | retour : success!
[18:49:05][DEBUG] add_data | Data added at addr = 10189, idx = 1, tableAddr = 13
[18:49:05][DEBUG] Save_level | Success level 1 save created
[18:49:05][DEBUG] Get_level | level : 2
[18:49:05][DEBUG] Get_level | File opened: level.lvl
[18:49:05][DEBUG] find_tableEntryOfIdx | globalIndexEntry = 2, addrTable = 13, numTable = 0
[18:49:05][DEBUG] get_table | addrTable = 13
[18:49:05][DEBUG] get_table | retour : firstAddress = 189, nextTable = -1
[18:49:05][DEBUG] find_tableEntryOfIdx | entry find ! localIndex = 2
[18:49:05][DEBUG] find_tableEntryOfIdx | L'indice n'a pas d'adresse d√©finie.
[18:49:05][DEBUG] Get_level | Table entry found : type = 0, addrCell = -1, addrTable = -1, idx = -1
[18:49:05][DEBUG] Get_level | Level not found
[18:49:05][INFO] Main | Level 2 not found, empty level generated
[18:49:05][DEBUG] Show_table | reading file : level.lvl
[18:49:05][DEBUG] get_table | addrTable = 13
[18:49:05][DEBUG] get_table | retour : firstAddress = 189, nextTable = -1
[18:49:05][DEBUG] Get_data | Set cursor at addr = 189
[18:49:05][DEBUG] get_data_info | addr = 189
[18:49:05][INFO] get_data_info | retour : type = 3, size = 9984
[18:49:05][DEBUG] Get_data | dataInfo : type = 3, size = 9984
[18:49:05][DEBUG] Get_data | Success! data : 14DDC420
[18:49:05][DEBUG] Get_data | Set cursor at addr = 10189
[18:49:05][DEBUG] get_data_info | addr = 10189
[18:49:05][INFO] get_data_info | retour : type = 3, size = 9984
[18:49:05][DEBUG] Get_data | dataInfo : type = 3, size = 9984
[18:49:05][DEBUG] Get_data | Success! data : 14DDEB30
[18:49:05][DEBUG] Show_table | Table vides
[18:49:05][DEBUG] get_table | addrTable = 93
[18:49:05][DEBUG] get_data_info | addr = 93
[18:49:05][INFO] get_data_info | retour : type = 2, size = 80
[18:49:05][DEBUG] get_table | retour : firstAddress = -1, nextTable = -1
[18:49:05][DEBUG] Show_table | Success
[18:49:05][INFO] 
======================Affichage Tables======================

†S†ı)Tables :
Table 0 :
 CELL[0] : 189
   Data size : 9984
   Data type : 3
   Data : 156 map's items
 CELL[1] : 10189
   Data size : 9984
   Data type : 3
   Data : 156 map's items
 CELL[2] : EMPTY
 CELL[3] : EMPTY
 CELL[4] : EMPTY
 CELL[5] : EMPTY
 CELL[6] : EMPTY
 CELL[7] : EMPTY
 CELL[8] : EMPTY
 Next table : NO

Table de vides :
Table 0 :
 CELL[0] : EMPTY
 CELL[1] : EMPTY
 CELL[2] : EMPTY
 CELL[3] : EMPTY
 CELL[4] : EMPTY
 CELL[5] : EMPTY
 CELL[6] : EMPTY
 CELL[7] : EMPTY
 CELL[8] : EMPTY
 Next table : NO

======================Affichage Tables======================
[18:49:05][DEBUG] free_file | file = level.lvl
[18:49:05][INFO] Main | New level load : 2, Old level save : 1
[18:49:05][INFO] Main | Level 2 : 156 items loaded
[18:49:05][DEBUG] File loaded: level.lvl, 4
[18:49:05][DEBUG] Show_table | reading file : level.lvl
[18:49:05][DEBUG] get_table | addrTable = 13
[18:49:05][DEBUG] get_table | retour : firstAddress = 189, nextTable = -1
[18:49:05][DEBUG] Get_data | Set cursor at addr = 189
[18:49:05][DEBUG] get_data_info | addr = 189
[18:49:05][INFO] get_data_info | retour : type = 3, size = 9984
[18:49:05][DEBUG] Get_data | dataInfo : type = 3, size = 9984
[18:49:05][DEBUG] Get_data | Success! data : 14DE3250
[18:49:05][DEBUG] Get_data | Set cursor at addr = 10189
[18:49:05][DEBUG] get_data_info | addr = 10189
[18:49:05][INFO] get_data_info | retour : type = 3, size = 9984
[18:49:05][DEBUG] Get_data | dataInfo : type = 3, size = 9984
[18:49:05][DEBUG] Get_data | Success! data : 14DE5960
[18:49:05][DEBUG] Show_table | Table vides
[18:49:05][DEBUG] get_table | addrTable = 93
[18:49:05][DEBUG] get_data_info | addr = 93
[18:49:05][INFO] get_data_info | retour : type = 2, size = 80
[18:49:05][DEBUG] get_table | retour : firstAddress = -1, nextTable = -1
[18:49:05][DEBUG] Show_table | Success
[18:49:05][INFO] 
======================Affichage Tables======================

Tables :
Table 0 :
 CELL[0] : 189
   Data size : 9984
   Data type : 3
   Data : 156 map's items
 CELL[1] : 10189
   Data size : 9984
   Data type : 3
   Data : 156 map's items
 CELL[2] : EMPTY
 CELL[3] : EMPTY
 CELL[4] : EMPTY
 CELL[5] : EMPTY
 CELL[6] : EMPTY
 CELL[7] : EMPTY
 CELL[8] : EMPTY
 Next table : NO

Table de vides :
Table 0 :
 CELL[0] : EMPTY
 CELL[1] : EMPTY
 CELL[2] : EMPTY
 CELL[3] : EMPTY
 CELL[4] : EMPTY
 CELL[5] : EMPTY
 CELL[6] : EMPTY
 CELL[7] : EMPTY
 CELL[8] : EMPTY
 Next table : NO

======================Affichage Tables======================
[18:49:05][DEBUG] Save_level | level : 2
[18:49:05][DEBUG] find_tableEntryOfIdx | globalIndexEntry = 2, addrTable = 13, numTable = 0
[18:49:05][DEBUG] get_table | addrTable = 13
[18:49:05][DEBUG] get_table | retour : firstAddress = 189, nextTable = -1
[18:49:05][DEBUG] find_tableEntryOfIdx | entry find ! localIndex = 2
[18:49:05][DEBUG] find_tableEntryOfIdx | L'indice n'a pas d'adresse d√©finie.
[18:49:05][DEBUG] Save_level | Table entry found : type = 0, addrCell = -1, addrTable = -1, idx = -1
[18:49:05][INFO] Level Converter | Convert level to bytes: 156 items.
[18:49:05][INFO] Level Converter | Convert level to bytes: Success! 9984 bytes.
[18:49:05][DEBUG] Save_level | Success level converted to bytes: 14DE8170, size = 9984 bytes
[18:49:05][DEBUG] Save_level | Level 2 not found, write new level...
[18:49:05][DEBUG] add_data | data: 14DE8170, size: 9984, data_type: 3
[18:49:05][DEBUG] find_av_tableEntry | addrTable = 13
[18:49:05][DEBUG] get_table | addrTable = 13
[18:49:05][DEBUG] get_table | retour : firstAddress = 189, nextTable = -1
[18:49:05][DEBUG] find_av_tableEntry | entry not used found at index = 2 of table = 13
[18:49:05][DEBUG] add_data | tableEntry : addr_table = 13, idx_table = 2, type_data = 0, addr_cell = -1
[18:49:05][DEBUG] get_table | addrTable = 13
[18:49:05][DEBUG] get_table | retour : firstAddress = 189, nextTable = -1
[18:49:05][DEBUG] get_empty | sizeNeeded = 9984, addrTable = 93
[18:49:05][DEBUG] get_table | addrTable = 93
[18:49:05][DEBUG] get_data_info | addr = 93
[18:49:05][INFO] get_data_info | retour : type = 2, size = 80
[18:49:05][DEBUG] get_table | retour : firstAddress = -1, nextTable = -1
[18:49:05][DEBUG] get_empty | Check table for an empty space...
[18:49:05][DEBUG] get_empty | no more table to check, no empty space found
[18:49:05][DEBUG] add_data | No empty space found, set cursor at the end of file
[18:49:05][DEBUG] write_data_info | addr = 20189
[18:49:05][INFO] write_data_info | retour : type = 3, size = 9984
[18:49:05][DEBUG] write_table | addrTable = 13
[18:49:05][DEBUG] write_table | first table
[18:49:05][DEBUG] write_table | retour : success!
[18:49:05][DEBUG] add_data | Data added at addr = 20189, idx = 2, tableAddr = 13
[18:49:05][DEBUG] Save_level | Success level 2 save created
[18:49:05][DEBUG] Get_level | level : 3
[18:49:05][DEBUG] Get_level | File opened: level.lvl
[18:49:05][DEBUG] find_tableEntryOfIdx | globalIndexEntry = 3, addrTable = 13, numTable = 0
[18:49:05][DEBUG] get_table | addrTable = 13
[18:49:05][DEBUG] get_table | retour : firstAddress = 189, nextTable = -1
[18:49:05][DEBUG] find_tableEntryOfIdx | entry find ! localIndex = 3
[18:49:05][DEBUG] find_tableEntryOfIdx | L'indice n'a pas d'adresse d√©finie.
[18:49:05][DEBUG] Get_level | Table entry found : type = 0, addrCell = -1, addrTable = -1, idx = -1
[18:49:05][DEBUG] Get_level | Level not found
[18:49:05][INFO] Main | Level 3 not found, empty level generated
[18:49:05][DEBUG] Show_table | reading file : level.lvl
[18:49:05][DEBUG] get_table | addrTable = 13
[18:49:05][DEBUG] get_table | retour : firstAddress = 189, nextTable = -1
[18:49:05][DEBUG] Get_data | Set cursor at addr = 189
[18:49:05][DEBUG] get_data_info | addr = 189
[18:49:05][INFO] get_data_info | retour : type = 3, size = 9984
[18:49:05][DEBUG] Get_data | dataInfo : type = 3, size = 9984
[18:49:05][DEBUG] Get_data | Success! data : 14DEABC0
[18:49:05][DEBUG] Get_data | Set cursor at addr = 10189
[18:49:05][DEBUG] get_data_info | addr = 10189
[18:49:05][INFO] get_data_info | retour : type = 3, size = 9984
[18:49:05][DEBUG] Get_data | dataInfo : type = 3, size = 9984
[18:49:05][DEBUG] Get_data | Success! data : 14DED2D0
[18:49:05][DEBUG] Get_data | Set cursor at addr = 20189
[18:49:05][DEBUG] get_data_info | addr = 20189
[18:49:05][INFO] get_data_info | retour : type = 3, size = 9984
[18:49:05][DEBUG] Get_data | dataInfo : type = 3, size = 9984
[18:49:05][DEBUG] Get_data | Success! data : 14DEF9E0
[18:49:05][DEBUG] Show_table | Table vides
[18:49:05][DEBUG] get_table | addrTable = 93
[18:49:05][DEBUG] get_data_info | addr = 93
[18:49:05][INFO] get_data_info | retour : type = 2, size = 80
[18:49:05][DEBUG] get_table | retour : firstAddress = -1, nextTable = -1
[18:49:05][DEBUG] Show_table | Success
[18:49:05][INFO] 
======================Affichage Tables======================

†S†ı)Tables :
Table 0 :
 CELL[0] : 189
   Data size : 9984
   Data type : 3
   Data : 156 map's items
 CELL[1] : 10189
   Data size : 9984
   Data type : 3
   Data : 156 map's items
 CELL[2] : 20189
   Data size : 9984
   Data type : 3
   Data : 156 map's items
 CELL[3] : EMPTY
 CELL[4] : EMPTY
 CELL[5] : EMPTY
 CELL[6] : EMPTY
 CELL[7] : EMPTY
 CELL[8] : EMPTY
 Next table : NO

Table de vides :
Table 0 :
 CELL[0] : EMPTY
 CELL[1] : EMPTY
 CELL[2] : EMPTY
 CELL[3] : EMPTY
 CELL[4] : EMPTY
 CELL[5] : EMPTY
 CELL[6] : EMPTY
 CELL[7] : EMPTY
 CELL[8] : EMPTY
 Next table : NO

======================Affichage Tables======================
[18:49:05][DEBUG] free_file | file = level.lvl
[18:49:05][INFO] Main | New level load : 3, Old level save : 2
[18:49:05][INFO] Main | Level 3 : 156 items loaded
[18:49:23][DEBUG] File loaded: level.lvl, 4
[18:49:23][DEBUG] Show_table | reading file : level.lvl
[18:49:23][DEBUG] get_table | addrTable = 13
[18:49:23][DEBUG] get_table | retour : firstAddress = 189, nextTable = -1
[18:49:23][DEBUG] Get_data | Set cursor at addr = 189
[18:49:23][DEBUG] get_data_info | addr = 189
[18:49:23][INFO] get_data_info | retour : type = 3, size = 9984
[18:49:23][DEBUG] Get_data | dataInfo : type = 3, size = 9984
[18:49:23][DEBUG] Get_data | Success! data : 14DF4100
[18:49:23][DEBUG] Get_data | Set cursor at addr = 10189
[18:49:23][DEBUG] get_data_info | addr = 10189
[18:49:23][INFO] get_data_info | retour : type = 3, size = 9984
[18:49:23][DEBUG] Get_data | dataInfo : type = 3, size = 9984
[18:49:23][DEBUG] Get_data | Success! data : 14DF6810
[18:49:23][DEBUG] Get_data | Set cursor at addr = 20189
[18:49:23][DEBUG] get_data_info | addr = 20189
[18:49:23][INFO] get_data_info | retour : type = 3, size = 9984
[18:49:23][DEBUG] Get_data | dataInfo : type = 3, size = 9984
[18:49:23][DEBUG] Get_data | Success! data : 14DF8F80
[18:49:23][DEBUG] Show_table | Table vides
[18:49:23][DEBUG] get_table | addrTable = 93
[18:49:23][DEBUG] get_data_info | addr = 93
[18:49:23][INFO] get_data_info | retour : type = 2, size = 80
[18:49:23][DEBUG] get_table | retour : firstAddress = -1, nextTable = -1
[18:49:23][DEBUG] Show_table | Success
[18:49:23][INFO] 
======================Affichage Tables======================

Tables :
Table 0 :
 CELL[0] : 189
   Data size : 9984
   Data type : 3
   Data : 156 map's items
 CELL[1] : 10189
   Data size : 9984
   Data type : 3
   Data : 156 map's items
 CELL[2] : 20189
   Data size : 9984
   Data type : 3
   Data : 156 map's items
 CELL[3] : EMPTY
 CELL[4] : EMPTY
 CELL[5] : EMPTY
 CELL[6] : EMPTY
 CELL[7] : EMPTY
 CELL[8] : EMPTY
 Next table : NO

Table de vides :
Table 0 :
 CELL[0] : EMPTY
 CELL[1] : EMPTY
 CELL[2] : EMPTY
 CELL[3] : EMPTY
 CELL[4] : EMPTY
 CELL[5] : EMPTY
 CELL[6] : EMPTY
 CELL[7] : EMPTY
 CELL[8] : EMPTY
 Next table : NO

======================Affichage Tables======================
[18:49:23][DEBUG] Save_level | level : 3
[18:49:23][DEBUG] find_tableEntryOfIdx | globalIndexEntry = 3, addrTable = 13, numTable = 0
[18:49:23][DEBUG] get_table | addrTable = 13
[18:49:23][DEBUG] get_table | retour : firstAddress = 189, nextTable = -1
[18:49:23][DEBUG] find_tableEntryOfIdx | entry find ! localIndex = 3
[18:49:23][DEBUG] find_tableEntryOfIdx | L'indice n'a pas d'adresse d√©finie.
[18:49:23][DEBUG] Save_level | Table entry found : type = 0, addrCell = -1, addrTable = -1, idx = -1
[18:49:23][INFO] Level Converter | Convert level to bytes: 156 items.
[18:49:23][INFO] Level Converter | Convert level to bytes: Success! 9984 bytes.
[18:49:23][DEBUG] Save_level | Success level converted to bytes: 14DFB890, size = 9984 bytes
[18:49:23][DEBUG] Save_level | Level 3 not found, write new level...
[18:49:23][DEBUG] add_data | data: 14DFB890, size: 9984, data_type: 3
[18:49:23][DEBUG] find_av_tableEntry | addrTable = 13
[18:49:23][DEBUG] get_table | addrTable = 13
[18:49:23][DEBUG] get_table | retour : firstAddress = 189, nextTable = -1
[18:49:23][DEBUG] find_av_tableEntry | entry not used found at index = 3 of table = 13
[18:49:23][DEBUG] add_data | tableEntry : addr_table = 13, idx_table = 3, type_data = 0, addr_cell = -1
[18:49:23][DEBUG] get_table | addrTable = 13
[18:49:23][DEBUG] get_table | retour : firstAddress = 189, nextTable = -1
[18:49:23][DEBUG] get_empty | sizeNeeded = 9984, addrTable = 93
[18:49:23][DEBUG] get_table | addrTable = 93
[18:49:23][DEBUG] get_data_info | addr = 93
[18:49:23][INFO] get_data_info | retour : type = 2, size = 80
[18:49:23][DEBUG] get_table | retour : firstAddress = -1, nextTable = -1
[18:49:23][DEBUG] get_empty | Check table for an empty space...
[18:49:23][DEBUG] get_empty | no more table to check, no empty space found
[18:49:23][DEBUG] add_data | No empty space found, set cursor at the end of file
[18:49:23][DEBUG] write_data_info | addr = 30189
[18:49:23][INFO] write_data_info | retour : type = 3, size = 9984
[18:49:23][DEBUG] write_table | addrTable = 13
[18:49:23][DEBUG] write_table | first table
[18:49:23][DEBUG] write_table | retour : success!
[18:49:23][DEBUG] add_data | Data added at addr = 30189, idx = 3, tableAddr = 13
[18:49:23][DEBUG] Save_level | Success level 3 save created
[18:49:23][DEBUG] Get_level | level : 2
[18:49:23][DEBUG] Get_level | File opened: level.lvl
[18:49:23][DEBUG] find_tableEntryOfIdx | globalIndexEntry = 2, addrTable = 13, numTable = 0
[18:49:23][DEBUG] get_table | addrTable = 13
[18:49:23][DEBUG] get_table | retour : firstAddress = 189, nextTable = -1
[18:49:23][DEBUG] find_tableEntryOfIdx | entry find ! localIndex = 2
[18:49:23][DEBUG] get_data_info | addr = 20189
[18:49:23][INFO] get_data_info | retour : type = 3, size = 9984
[18:49:23][DEBUG] find_tableEntryOfIdx | return the cell info, addr_cell = 20189, addr_table = 13, idx_table = 2, type_data = 3
[18:49:23][DEBUG] Get_level | Table entry found : type = 3, addrCell = 20189, addrTable = 13, idx = 2
[18:49:23][DEBUG] Get_data | Set cursor at addr = 20189
[18:49:23][DEBUG] get_data_info | addr = 20189
[18:49:23][INFO] get_data_info | retour : type = 3, size = 9984
[18:49:23][DEBUG] Get_data | dataInfo : type = 3, size = 9984
[18:49:23][DEBUG] Get_data | Success! data : 14DFE2E0
[18:49:23][DEBUG] Get_level | dataInfo.type = 3, dataInfo.size = 9984
[18:49:23][DEBUG] Get_level | data = 14DFE2E0
[18:49:23][INFO] Level Converter | Convert bytes to level: 9984 bytes.
[18:49:23][INFO] Level Converter | Convert bytes to level: Success! 156 items.
[18:49:23][DEBUG] Get_level | level : 2, success! 156 items loaded!
[18:49:23][DEBUG] Show_table | reading file : level.lvl
[18:49:23][DEBUG] get_table | addrTable = 13
[18:49:23][DEBUG] get_table | retour : firstAddress = 189, nextTable = -1
[18:49:23][DEBUG] Get_data | Set cursor at addr = 189
[18:49:23][DEBUG] get_data_info | addr = 189
[18:49:23][INFO] get_data_info | retour : type = 3, size = 9984
[18:49:23][DEBUG] Get_data | dataInfo : type = 3, size = 9984
[18:49:23][DEBUG] Get_data | Success! data : 14E10AE0
[18:49:23][DEBUG] Get_data | Set cursor at addr = 10189
[18:49:23][DEBUG] get_data_info | addr = 10189
[18:49:23][INFO] get_data_info | retour : type = 3, size = 9984
[18:49:23][DEBUG] Get_data | dataInfo : type = 3, size = 9984
[18:49:23][DEBUG] Get_data | Success! data : 14E131F0
[18:49:23][DEBUG] Get_data | Set cursor at addr = 20189
[18:49:23][DEBUG] get_data_info | addr = 20189
[18:49:23][INFO] get_data_info | retour : type = 3, size = 9984
[18:49:23][DEBUG] Get_data | dataInfo : type = 3, size = 9984
[18:49:23][DEBUG] Get_data | Success! data : 14E15900
[18:49:23][DEBUG] Get_data | Set cursor at addr = 30189
[18:49:23][DEBUG] get_data_info | addr = 30189
[18:49:23][INFO] get_data_info | retour : type = 3, size = 9984
[18:49:23][DEBUG] Get_data | dataInfo : type = 3, size = 9984
[18:49:23][DEBUG] Get_data | Success! data : 14E18010
[18:49:23][DEBUG] Show_table | Table vides
[18:49:23][DEBUG] get_table | addrTable = 93
[18:49:23][DEBUG] get_data_info | addr = 93
[18:49:23][INFO] get_data_info | retour : type = 2, size = 80
[18:49:23][DEBUG] get_table | retour : firstAddress = -1, nextTable = -1
[18:49:23][DEBUG] Show_table | Success
[18:49:23][INFO] 
======================Affichage Tables======================

∞S†ı)Tables :
Table 0 :
 CELL[0] : 189
   Data size : 9984
   Data type : 3
   Data : 156 map's items
 CELL[1] : 10189
   Data size : 9984
   Data type : 3
   Data : 156 map's items
 CELL[2] : 20189
   Data size : 9984
   Data type : 3
   Data : 156 map's items
 CELL[3] : 30189
   Data size : 9984
   Data type : 3
   Data : 156 map's items
 CELL[4] : EMPTY
 CELL[5] : EMPTY
 CELL[6] : EMPTY
 CELL[7] : EMPTY
 CELL[8] : EMPTY
 Next table : NO

Table de vides :
Table 0 :
 CELL[0] : EMPTY
 CELL[1] : EMPTY
 CELL[2] : EMPTY
 CELL[3] : EMPTY
 CELL[4] : EMPTY
 CELL[5] : EMPTY
 CELL[6] : EMPTY
 CELL[7] : EMPTY
 CELL[8] : EMPTY
 Next table : NO

======================Affichage Tables======================
[18:49:23][DEBUG] free_file | file = level.lvl
[18:49:23][INFO] Main | New level load : 2, Old level save : 3
[18:49:23][INFO] Main | Level 2 : 156 items loaded
[18:49:31][DEBUG] File loaded: level.lvl, 4
[18:49:31][DEBUG] Show_table | reading file : level.lvl
[18:49:31][DEBUG] get_table | addrTable = 13
[18:49:31][DEBUG] get_table | retour : firstAddress = 189, nextTable = -1
[18:49:31][DEBUG] Get_data | Set cursor at addr = 189
[18:49:31][DEBUG] get_data_info | addr = 189
[18:49:31][INFO] get_data_info | retour : type = 3, size = 9984
[18:49:31][DEBUG] Get_data | dataInfo : type = 3, size = 9984
[18:49:31][DEBUG] Get_data | Success! data : 14E1C730
[18:49:31][DEBUG] Get_data | Set cursor at addr = 10189
[18:49:31][DEBUG] get_data_info | addr = 10189
[18:49:31][INFO] get_data_info | retour : type = 3, size = 9984
[18:49:31][DEBUG] Get_data | dataInfo : type = 3, size = 9984
[18:49:31][DEBUG] Get_data | Success! data : 14E1EE40
[18:49:31][DEBUG] Get_data | Set cursor at addr = 20189
[18:49:31][DEBUG] get_data_info | addr = 20189
[18:49:31][INFO] get_data_info | retour : type = 3, size = 9984
[18:49:31][DEBUG] Get_data | dataInfo : type = 3, size = 9984
[18:49:31][DEBUG] Get_data | Success! data : 14E21550
[18:49:31][DEBUG] Get_data | Set cursor at addr = 30189
[18:49:31][DEBUG] get_data_info | addr = 30189
[18:49:31][INFO] get_data_info | retour : type = 3, size = 9984
[18:49:31][DEBUG] Get_data | dataInfo : type = 3, size = 9984
[18:49:31][DEBUG] Get_data | Success! data : 14E23C80
[18:49:31][DEBUG] Show_table | Table vides
[18:49:31][DEBUG] get_table | addrTable = 93
[18:49:31][DEBUG] get_data_info | addr = 93
[18:49:31][INFO] get_data_info | retour : type = 2, size = 80
[18:49:31][DEBUG] get_table | retour : firstAddress = -1, nextTable = -1
[18:49:31][DEBUG] Show_table | Success
[18:49:31][INFO] 
======================Affichage Tables======================

Tables :
Table 0 :
 CELL[0] : 189
   Data size : 9984
   Data type : 3
   Data : 156 map's items
 CELL[1] : 10189
   Data size : 9984
   Data type : 3
   Data : 156 map's items
 CELL[2] : 20189
   Data size : 9984
   Data type : 3
   Data : 156 map's items
 CELL[3] : 30189
   Data size : 9984
   Data type : 3
   Data : 156 map's items
 CELL[4] : EMPTY
 CELL[5] : EMPTY
 CELL[6] : EMPTY
 CELL[7] : EMPTY
 CELL[8] : EMPTY
 Next table : NO

Table de vides :
Table 0 :
 CELL[0] : EMPTY
 CELL[1] : EMPTY
 CELL[2] : EMPTY
 CELL[3] : EMPTY
 CELL[4] : EMPTY
 CELL[5] : EMPTY
 CELL[6] : EMPTY
 CELL[7] : EMPTY
 CELL[8] : EMPTY
 Next table : NO

======================Affichage Tables======================
[18:49:31][DEBUG] Save_level | level : 2
[18:49:31][DEBUG] find_tableEntryOfIdx | globalIndexEntry = 2, addrTable = 13, numTable = 0
[18:49:31][DEBUG] get_table | addrTable = 13
[18:49:31][DEBUG] get_table | retour : firstAddress = 189, nextTable = -1
[18:49:31][DEBUG] find_tableEntryOfIdx | entry find ! localIndex = 2
[18:49:31][DEBUG] get_data_info | addr = 20189
[18:49:31][INFO] get_data_info | retour : type = 3, size = 9984
[18:49:31][DEBUG] find_tableEntryOfIdx | return the cell info, addr_cell = 20189, addr_table = 13, idx_table = 2, type_data = 3
[18:49:31][DEBUG] Save_level | Table entry found : type = 3, addrCell = 20189, addrTable = 13, idx = 2
[18:49:31][INFO] Level Converter | Convert level to bytes: 156 items.
[18:49:31][INFO] Level Converter | Convert level to bytes: Success! 9984 bytes.
[18:49:31][DEBUG] Save_level | Success level converted to bytes: 14E265D0, size = 9984 bytes
[18:49:31][DEBUG] Save_level | Level 2 found, update level..
[18:49:31][DEBUG] Remove_level | level : 2
[18:49:31][DEBUG] transform_to_empty | globalIndexEntry = 2, addrTable = 13, numTable = 0
[18:49:31][DEBUG] get_table | addrTable = 13
[18:49:31][DEBUG] get_table | retour : firstAddress = 189, nextTable = -1
[18:49:31][DEBUG] transform_to_empty | entry find ! localIndex = 2
[18:49:31][DEBUG] get_data_info | addr = 20189
[18:49:31][INFO] get_data_info | retour : type = 3, size = 9984
[18:49:31][DEBUG] transform_to_empty | Update the data_info
[18:49:31][DEBUG] transform_to_empty | Rewrite DataInfo and Erase data from 20189 to 30189
[18:49:31][DEBUG] find_av_tableEntry | addrTable = 93
[18:49:31][DEBUG] get_table | addrTable = 93
[18:49:31][DEBUG] get_data_info | addr = 93
[18:49:31][INFO] get_data_info | retour : type = 2, size = 80
[18:49:31][DEBUG] get_table | retour : firstAddress = -1, nextTable = -1
[18:49:31][DEBUG] find_av_tableEntry | entry not used found at index = 0 of table = 93
[18:49:31][DEBUG] transform_to_empty: Find space on empty table addr = 93 on index 0
[18:49:31][DEBUG] get_table | addrTable = 93
[18:49:31][DEBUG] get_data_info | addr = 93
[18:49:31][INFO] get_data_info | retour : type = 2, size = 80
[18:49:31][DEBUG] get_table | retour : firstAddress = -1, nextTable = -1
[18:49:31][DEBUG] write_table | addrTable = 93
[18:49:31][DEBUG] write_table | not first table
[18:49:31][DEBUG] write_table | retour : success!
[18:49:31][DEBUG] transform_to_empty: Register the empty space successfully
[18:49:31][DEBUG] transform_to_empty | Unregister the old data address
[18:49:31][DEBUG] write_table | addrTable = 13
[18:49:31][DEBUG] write_table | first table
[18:49:31][DEBUG] write_table | retour : success!
[18:49:31][DEBUG] transform_to_empty | End of transformation
[18:49:31][DEBUG] Remove_level | level : 2, success : 1
[18:49:31][DEBUG] add_data | data: 14E265D0, size: 9984, data_type: 3
[18:49:31][DEBUG] find_av_tableEntry | addrTable = 13
[18:49:31][DEBUG] get_table | addrTable = 13
[18:49:31][DEBUG] get_table | retour : firstAddress = 189, nextTable = -1
[18:49:31][DEBUG] find_av_tableEntry | entry not used found at index = 2 of table = 13
[18:49:31][DEBUG] add_data | tableEntry : addr_table = 13, idx_table = 2, type_data = 0, addr_cell = -1
[18:49:31][DEBUG] get_table | addrTable = 13
[18:49:31][DEBUG] get_table | retour : firstAddress = 189, nextTable = -1
[18:49:31][DEBUG] get_empty | sizeNeeded = 9984, addrTable = 93
[18:49:31][DEBUG] get_table | addrTable = 93
[18:49:31][DEBUG] get_data_info | addr = 93
[18:49:31][INFO] get_data_info | retour : type = 2, size = 80
[18:49:31][DEBUG] get_table | retour : firstAddress = 20189, nextTable = -1
[18:49:31][DEBUG] get_empty | Check table for an empty space...
[18:49:31][DEBUG] get_empty | Empty found at index = 0 pointing to addr = 20189
[18:49:31][DEBUG] get_data_info | addr = 20189
[18:49:31][INFO] get_data_info | retour : type = 1, size = 9984
[18:49:31][DEBUG] get_empty | This empty had a size of 9984
[18:49:31][DEBUG] get_empty | Espace vide suffisament grand trouv√©!
[18:49:31][DEBUG] add_data | Empty space found, addr: 20189, size : 9984
[18:49:31][DEBUG] update_empty | addrEmpty = 20189, sizeNeeded = 9984
[18:49:31][DEBUG] get_table | addrTable = 93
[18:49:31][DEBUG] get_data_info | addr = 93
[18:49:31][INFO] get_data_info | retour : type = 2, size = 80
[18:49:31][DEBUG] get_table | retour : firstAddress = 20189, nextTable = -1
[18:49:31][DEBUG] write_data_info | addr = 30189
[18:49:31][INFO] write_data_info | retour : type = 1, size = -16
[18:49:31][DEBUG] update_empty | addrEmpty updated in table sizeLeft = 18446744073709551600, addrOfNewEmpty = 30189
[18:49:31][DEBUG] write_table | addrTable = 93
[18:49:31][DEBUG] write_table | not first table
[18:49:31][DEBUG] write_table | retour : success!
[18:49:31][DEBUG] update_empty | retour : success!
[18:49:31][DEBUG] write_data_info | addr = 20189
[18:49:31][INFO] write_data_info | retour : type = 3, size = 9984
[18:49:31][DEBUG] write_table | addrTable = 13
[18:49:31][DEBUG] write_table | first table
[18:49:31][DEBUG] write_table | retour : success!
[18:49:31][DEBUG] add_data | Data added at addr = 20189, idx = 2, tableAddr = 13
[18:49:31][DEBUG] Save_level | Success level 2 updated
[18:49:31][DEBUG] Get_level | level : 1
[18:49:31][DEBUG] Get_level | File opened: level.lvl
[18:49:31][DEBUG] find_tableEntryOfIdx | globalIndexEntry = 1, addrTable = 13, numTable = 0
[18:49:31][DEBUG] get_table | addrTable = 13
[18:49:31][DEBUG] get_table | retour : firstAddress = 189, nextTable = -1
[18:49:31][DEBUG] find_tableEntryOfIdx | entry find ! localIndex = 1
[18:49:31][DEBUG] get_data_info | addr = 10189
[18:49:31][INFO] get_data_info | retour : type = 3, size = 9984
[18:49:31][DEBUG] find_tableEntryOfIdx | return the cell info, addr_cell = 10189, addr_table = 13, idx_table = 1, type_data = 3
[18:49:31][DEBUG] Get_level | Table entry found : type = 3, addrCell = 10189, addrTable = 13, idx = 1
[18:49:31][DEBUG] Get_data | Set cursor at addr = 10189
[18:49:31][DEBUG] get_data_info | addr = 10189
[18:49:31][INFO] get_data_info | retour : type = 3, size = 9984
[18:49:31][DEBUG] Get_data | dataInfo : type = 3, size = 9984
[18:49:31][DEBUG] Get_data | Success! data : 14E295E0
[18:49:31][DEBUG] Get_level | dataInfo.type = 3, dataInfo.size = 9984
[18:49:31][DEBUG] Get_level | data = 14E295E0
[18:49:31][INFO] Level Converter | Convert bytes to level: 9984 bytes.
[18:49:31][INFO] Level Converter | Convert bytes to level: Success! 156 items.
[18:49:31][DEBUG] Get_level | level : 1, success! 156 items loaded!
[18:49:31][DEBUG] Show_table | reading file : level.lvl
[18:49:31][DEBUG] get_table | addrTable = 13
[18:49:31][DEBUG] get_table | retour : firstAddress = 189, nextTable = -1
[18:49:31][DEBUG] Get_data | Set cursor at addr = 189
[18:49:31][DEBUG] get_data_info | addr = 189
[18:49:31][INFO] get_data_info | retour : type = 3, size = 9984
[18:49:31][DEBUG] Get_data | dataInfo : type = 3, size = 9984
[18:49:31][DEBUG] Get_data | Success! data : 14E3BDE0
[18:49:31][DEBUG] Get_data | Set cursor at addr = 10189
[18:49:31][DEBUG] get_data_info | addr = 10189
[18:49:31][INFO] get_data_info | retour : type = 3, size = 9984
[18:49:31][DEBUG] Get_data | dataInfo : type = 3, size = 9984
[18:49:31][DEBUG] Get_data | Success! data : 14E3E4F0
[18:49:31][DEBUG] Get_data | Set cursor at addr = 20189
[18:49:31][DEBUG] get_data_info | addr = 20189
[18:49:31][INFO] get_data_info | retour : type = 3, size = 9984
[18:49:31][DEBUG] Get_data | dataInfo : type = 3, size = 9984
[18:49:31][DEBUG] Get_data | Success! data : 14E40C00
[18:49:31][DEBUG] Get_data | Set cursor at addr = 30189
[18:49:31][DEBUG] get_data_info | addr = 30189
[18:49:31][INFO] get_data_info | retour : type = 1, size = -16
[18:49:31][DEBUG] Get_data | dataInfo : type = 1, size = -16
[18:49:31][DEBUG] Get_data | ERROR read data : Bad address
[18:49:31][DEBUG] Show_table | Table vides
[18:49:31][DEBUG] get_table | addrTable = 93
[18:49:31][DEBUG] get_data_info | addr = 93
[18:49:31][INFO] get_data_info | retour : type = 2, size = 80
[18:49:31][DEBUG] get_table | retour : firstAddress = 30189, nextTable = -1
[18:49:31][DEBUG] Get_data | Set cursor at addr = 30189
[18:49:31][DEBUG] get_data_info | addr = 30189
[18:49:31][INFO] get_data_info | retour : type = 1, size = -16
[18:49:31][DEBUG] Get_data | dataInfo : type = 1, size = -16
[18:49:31][DEBUG] Get_data | ERROR read data : Bad address
[18:49:31][DEBUG] Show_table | Success
[18:49:31][INFO] 
======================Affichage Tables======================

∞S†ı)Tables :
Table 0 :
 CELL[0] : 189
   Data size : 9984
   Data type : 3
   Data : 156 map's items
 CELL[1] : 10189
   Data size : 9984
   Data type : 3
   Data : 156 map's items
 CELL[2] : 20189
   Data size : 9984
   Data type : 3
   Data : 156 map's items
 CELL[3] : 30189
   Data : ERROR
 CELL[4] : EMPTY
 CELL[5] : EMPTY
 CELL[6] : EMPTY
 CELL[7] : EMPTY
 CELL[8] : EMPTY
 Next table : NO

Table de vides :
Table 0 :
 CELL[0] : 30189
   Data : ERROR
 CELL[1] : EMPTY
 CELL[2] : EMPTY
 CELL[3] : EMPTY
 CELL[4] : EMPTY
 CELL[5] : EMPTY
 CELL[6] : EMPTY
 CELL[7] : EMPTY
 CELL[8] : EMPTY
 Next table : NO

======================Affichage Tables======================
[18:49:31][DEBUG] free_file | file = level.lvl
[18:49:31][INFO] Main | New level load : 1, Old level save : 2
[18:49:31][INFO] Main | Level 1 : 156 items loaded
[18:58:19][INFO] Main | Ncurses windows deleted, now loading file...
[18:58:19][DEBUG] File loaded: level.lvl, 4
[18:58:19][INFO] Main | Saving level 2...
[18:58:19][DEBUG] Save_level | level : 2
[18:58:19][DEBUG] find_tableEntryOfIdx | globalIndexEntry = 2, addrTable = 13, numTable = 0
[18:58:19][DEBUG] get_table | addrTable = 13
[18:58:19][DEBUG] get_table | retour : firstAddress = 189, nextTable = -1
[18:58:19][DEBUG] find_tableEntryOfIdx | entry find ! localIndex = 2
[18:58:19][DEBUG] get_data_info | addr = 20189
[18:58:19][INFO] get_data_info | retour : type = 3, size = 9984
[18:58:19][DEBUG] find_tableEntryOfIdx | return the cell info, addr_cell = 20189, addr_table = 13, idx_table = 2, type_data = 3
[18:58:19][DEBUG] Save_level | Table entry found : type = 3, addrCell = 20189, addrTable = 13, idx = 2
[18:58:19][INFO] Level Converter | Convert level to bytes: 156 items.
[18:58:19][INFO] Level Converter | Convert level to bytes: Success! 9984 bytes.
[18:58:19][DEBUG] Save_level | Success level converted to bytes: 14E45180, size = 9984 bytes
[18:58:19][DEBUG] Save_level | Level 2 found, update level..
[18:58:19][DEBUG] Remove_level | level : 2
[18:58:19][DEBUG] transform_to_empty | globalIndexEntry = 2, addrTable = 13, numTable = 0
[18:58:19][DEBUG] get_table | addrTable = 13
[18:58:19][DEBUG] get_table | retour : firstAddress = 189, nextTable = -1
[18:58:19][DEBUG] transform_to_empty | entry find ! localIndex = 2
[18:58:19][DEBUG] get_data_info | addr = 20189
[18:58:19][INFO] get_data_info | retour : type = 3, size = 9984
[18:58:19][DEBUG] transform_to_empty | Update the data_info
[18:58:19][DEBUG] transform_to_empty | Rewrite DataInfo and Erase data from 20189 to 30189
[18:58:19][DEBUG] find_av_tableEntry | addrTable = 93
[18:58:19][DEBUG] get_table | addrTable = 93
[18:58:19][DEBUG] get_data_info | addr = 93
[18:58:19][INFO] get_data_info | retour : type = 2, size = 80
[18:58:19][DEBUG] get_table | retour : firstAddress = 30189, nextTable = -1
[18:58:19][DEBUG] find_av_tableEntry | entry not used found at index = 1 of table = 93
[18:58:19][DEBUG] transform_to_empty: Find space on empty table addr = 93 on index 1
[18:58:19][DEBUG] get_table | addrTable = 93
[18:58:19][DEBUG] get_data_info | addr = 93
[18:58:19][INFO] get_data_info | retour : type = 2, size = 80
[18:58:19][DEBUG] get_table | retour : firstAddress = 30189, nextTable = -1
[18:58:19][DEBUG] write_table | addrTable = 93
[18:58:19][DEBUG] write_table | not first table
[18:58:19][DEBUG] write_table | retour : success!
[18:58:19][DEBUG] transform_to_empty: Register the empty space successfully
[18:58:19][DEBUG] transform_to_empty | Unregister the old data address
[18:58:19][DEBUG] write_table | addrTable = 13
[18:58:19][DEBUG] write_table | first table
[18:58:19][DEBUG] write_table | retour : success!
[18:58:19][DEBUG] transform_to_empty | End of transformation
[18:58:19][DEBUG] Remove_level | level : 2, success : 1
[18:58:19][DEBUG] add_data | data: 14E45180, size: 9984, data_type: 3
[18:58:19][DEBUG] find_av_tableEntry | addrTable = 13
[18:58:19][DEBUG] get_table | addrTable = 13
[18:58:19][DEBUG] get_table | retour : firstAddress = 189, nextTable = -1
[18:58:19][DEBUG] find_av_tableEntry | entry not used found at index = 2 of table = 13
[18:58:19][DEBUG] add_data | tableEntry : addr_table = 13, idx_table = 2, type_data = 0, addr_cell = -1
[18:58:19][DEBUG] get_table | addrTable = 13
[18:58:19][DEBUG] get_table | retour : firstAddress = 189, nextTable = -1
[18:58:19][DEBUG] get_empty | sizeNeeded = 9984, addrTable = 93
[18:58:19][DEBUG] get_table | addrTable = 93
[18:58:19][DEBUG] get_data_info | addr = 93
[18:58:19][INFO] get_data_info | retour : type = 2, size = 80
[18:58:19][DEBUG] get_table | retour : firstAddress = 30189, nextTable = -1
[18:58:19][DEBUG] get_empty | Check table for an empty space...
[18:58:19][DEBUG] get_empty | Empty found at index = 0 pointing to addr = 30189
[18:58:19][DEBUG] get_data_info | addr = 30189
[18:58:19][INFO] get_data_info | retour : type = 1, size = -16
[18:58:19][DEBUG] get_empty | This empty had a size of -16
[18:58:19][DEBUG] get_empty | Espace vide suffisament grand trouv√©!
[18:58:19][DEBUG] add_data | Empty space found, addr: 30189, size : -16
[18:58:19][DEBUG] update_empty | addrEmpty = 30189, sizeNeeded = 9984
[18:58:19][DEBUG] get_table | addrTable = 93
[18:58:19][DEBUG] get_data_info | addr = 93
[18:58:19][INFO] get_data_info | retour : type = 2, size = 80
[18:58:19][DEBUG] get_table | retour : firstAddress = 30189, nextTable = -1
[18:58:19][DEBUG] write_data_info | addr = 40189
[18:58:19][INFO] write_data_info | retour : type = 1, size = -10016
[18:58:19][DEBUG] update_empty | addrEmpty updated in table sizeLeft = 18446744073709541600, addrOfNewEmpty = 40189
[18:58:19][DEBUG] write_table | addrTable = 93
[18:58:19][DEBUG] write_table | not first table
[18:58:19][DEBUG] write_table | retour : success!
[18:58:19][DEBUG] update_empty | retour : success!
[18:58:19][DEBUG] write_data_info | addr = 30189
[18:58:19][INFO] write_data_info | retour : type = 3, size = 9984
[18:58:19][DEBUG] write_table | addrTable = 13
[18:58:19][DEBUG] write_table | first table
[18:58:19][DEBUG] write_table | retour : success!
[18:58:19][DEBUG] add_data | Data added at addr = 30189, idx = 2, tableAddr = 13
[18:58:19][DEBUG] Save_level | Success level 2 updated
[18:58:19][INFO] Main | Level 2 saved
[18:58:19][DEBUG] Show_table | reading file : level.lvl
[18:58:19][DEBUG] get_table | addrTable = 13
[18:58:19][DEBUG] get_table | retour : firstAddress = 189, nextTable = -1
[18:58:19][DEBUG] Get_data | Set cursor at addr = 189
[18:58:19][DEBUG] get_data_info | addr = 189
[18:58:19][INFO] get_data_info | retour : type = 3, size = 9984
[18:58:19][DEBUG] Get_data | dataInfo : type = 3, size = 9984
[18:58:19][DEBUG] Get_data | Success! data : 14E47190
[18:58:19][DEBUG] Get_data | Set cursor at addr = 10189
[18:58:19][DEBUG] get_data_info | addr = 10189
[18:58:19][INFO] get_data_info | retour : type = 3, size = 9984
[18:58:19][DEBUG] Get_data | dataInfo : type = 3, size = 9984
[18:58:19][DEBUG] Get_data | Success! data : 14E498A0
[18:58:19][DEBUG] Get_data | Set cursor at addr = 30189
[18:58:19][DEBUG] get_data_info | addr = 30189
[18:58:19][INFO] get_data_info | retour : type = 3, size = 9984
[18:58:19][DEBUG] Get_data | dataInfo : type = 3, size = 9984
[18:58:19][DEBUG] Get_data | Success! data : 14E4BFB0
[18:58:19][DEBUG] Get_data | Set cursor at addr = 30189
[18:58:19][DEBUG] get_data_info | addr = 30189
[18:58:19][INFO] get_data_info | retour : type = 3, size = 9984
[18:58:19][DEBUG] Get_data | dataInfo : type = 3, size = 9984
[18:58:19][DEBUG] Get_data | Success! data : 14E4E6C0
[18:58:19][DEBUG] Show_table | Table vides
[18:58:19][DEBUG] get_table | addrTable = 93
[18:58:19][DEBUG] get_data_info | addr = 93
[18:58:19][INFO] get_data_info | retour : type = 2, size = 80
[18:58:19][DEBUG] get_table | retour : firstAddress = 40189, nextTable = -1
[18:58:19][DEBUG] Get_data | Set cursor at addr = 40189
[18:58:19][DEBUG] get_data_info | addr = 40189
[18:58:19][INFO] get_data_info | retour : type = 1, size = -10016
[18:58:19][DEBUG] Get_data | dataInfo : type = 1, size = -10016
[18:58:19][DEBUG] Get_data | ERROR read data : Bad address
[18:58:19][DEBUG] Get_data | Set cursor at addr = 20189
[18:58:19][DEBUG] get_data_info | addr = 20189
[18:58:19][INFO] get_data_info | retour : type = 1, size = 9984
[18:58:19][DEBUG] Get_data | dataInfo : type = 1, size = 9984
[18:58:19][DEBUG] Get_data | Success! data : 14E50DD0
[18:58:19][DEBUG] Show_table | Success
[18:58:19][INFO] 
======================Affichage Tables======================

Tables :
Table 0 :
 CELL[0] : 189
   Data size : 9984
   Data type : 3
   Data : 156 map's items
 CELL[1] : 10189
   Data size : 9984
   Data type : 3
   Data : 156 map's items
 CELL[2] : 30189
   Data size : 9984
   Data type : 3
   Data : 156 map's items
 CELL[3] : 30189
   Data size : 9984
   Data type : 3
   Data : 156 map's items
 CELL[4] : EMPTY
 CELL[5] : EMPTY
 CELL[6] : EMPTY
 CELL[7] : EMPTY
 CELL[8] : EMPTY
 Next table : NO

Table de vides :
Table 0 :
 CELL[0] : 40189
   Data : ERROR
 CELL[1] : 20189
   Data size : 9984
   Data type : 1
   Data : EMPTY
 CELL[2] : EMPTY
 CELL[3] : EMPTY
 CELL[4] : EMPTY
 CELL[5] : EMPTY
 CELL[6] : EMPTY
 CELL[7] : EMPTY
 CELL[8] : EMPTY
 Next table : NO

======================Affichage Tables======================
[18:58:19][DEBUG] free_file | file = level.lvl
[18:58:19][INFO] End of the session of the game.
