
[23:52:11][INFO] Main | Ncurses windows init...
[23:52:11][INFO] Main | Ncurses windows init success!
[23:52:11][INFO] Main | Game Window created!
[23:52:11][INFO] Main | Tools menu created!
[23:52:11][INFO] Main | Loading first level from file...
[23:52:11][DEBUG] Tag written: GAMEOFTABLES, size_tag : 13
[23:52:11][DEBUG] Cursor at : 109
[23:52:11][DEBUG] File created: level.dat, 4
[23:52:11][DEBUG] load_file: file level.dat has been created.
[23:52:11][INFO] Main | File loaded
[23:52:11][DEBUG] Get_level | level : 0
[23:52:11][DEBUG] Get_level | File opened: level.dat
[23:52:11][DEBUG] find_tableEntryOfIdx | globalIndexEntry = 0, addrTable = 13, numTable = 0
[23:52:11][DEBUG] get_table | addrTable = 13
[23:52:11][DEBUG] get_table | retour : firstAddress = -1, nextTable = -1
[23:52:11][DEBUG] find_tableEntryOfIdx | entry find ! localIndex = 0
[23:52:11][DEBUG] find_tableEntryOfIdx | L'indice n'a pas d'adresse d√©finie.
[23:52:11][DEBUG] Get_level | Table entry found : type = 0, addrCell = -1, addrTable = -1, idx = -1
[23:52:11][DEBUG] Get_level | Level not found
[23:52:11][INFO] Main | Level cleared
[23:52:11][INFO] Main | Level value : 3635610
[23:52:11][INFO] Main | First level not found, empty level generated.
[23:52:11][INFO] Main | Level value : 3635610
[23:52:11][INFO] Main | Level value : 3635610
[23:52:11][DEBUG] Show_table | reading file : level.dat
[23:52:11][DEBUG] Show table | addrTable = 13, table_level = 0
[23:52:11][DEBUG] get_table | addrTable = 13
[23:52:11][DEBUG] get_table | retour : firstAddress = -1, nextTable = -1
[23:52:11][DEBUG] Show table | begin show table 0
[23:52:11][DEBUG] Show table | End of show table 0
[23:52:11][DEBUG] Show_table | Table vides
[23:52:11][DEBUG] Show table | addrTable = 93, table_level = 0
[23:52:11][DEBUG] get_table | addrTable = 93
[23:52:11][DEBUG] get_data_info | addr = 93
[23:52:11][INFO] get_data_info | retour : type = 2, size = 80
[23:52:11][DEBUG] get_table | retour : firstAddress = -1, nextTable = -1
[23:52:11][DEBUG] Show table | begin show table 0
[23:52:11][DEBUG] Show table | End of show table 0
[23:52:11][DEBUG] Show_table | Success
[23:52:11][INFO] 
======================Affichage Tables======================

Tables :
Table 0 :
 CELL[0] : EMPTY
 CELL[1] : EMPTY
 CELL[2] : EMPTY
 CELL[3] : EMPTY
 CELL[4] : EMPTY
 CELL[5] : EMPTY
 CELL[6] : EMPTY
 CELL[7] : EMPTY
 CELL[8] : EMPTY
 Next table : NO

Table de vides :
Table 0 :
 CELL[0] : EMPTY
 CELL[1] : EMPTY
 CELL[2] : EMPTY
 CELL[3] : EMPTY
 CELL[4] : EMPTY
 CELL[5] : EMPTY
 CELL[6] : EMPTY
 CELL[7] : EMPTY
 CELL[8] : EMPTY
 Next table : NO

======================Affichage Tables======================
[23:52:13][INFO] Main | Level value : 363C5E0
[23:52:14][INFO] Main | Level value : 363C5E0
[23:52:14][DEBUG] poserBlock(27, 9)
[23:52:15][INFO] Main | Level value : 363C5E0
[23:52:15][DEBUG] poserBlock(14, 9)
[23:52:15][INFO] Main | Level value : 363C5E0
[23:52:15][DEBUG] poserBlock(37, 6)
[23:52:16][INFO] Main | Level value : 363C5E0
[23:52:16][DEBUG] File loaded: level.dat, 4
[23:52:16][DEBUG] Save_level | level : 0
[23:52:16][DEBUG] find_tableEntryOfIdx | globalIndexEntry = 0, addrTable = 13, numTable = 0
[23:52:16][DEBUG] get_table | addrTable = 13
[23:52:16][DEBUG] get_table | retour : firstAddress = -1, nextTable = -1
[23:52:16][DEBUG] find_tableEntryOfIdx | entry find ! localIndex = 0
[23:52:16][DEBUG] find_tableEntryOfIdx | L'indice n'a pas d'adresse d√©finie.
[23:52:16][DEBUG] Save_level | Table entry found : type = 0, addrCell = -1, addrTable = -1, idx = -1
[23:52:16][INFO] Level Converter | Convert level to bytes: 159 items.
[23:52:16][INFO] Level Converter | Convert level to bytes: Success! 2226 bytes.
[23:52:16][DEBUG] Save_level | Success level converted to bytes: AADC1CD0, size = 2226 bytes
[23:52:16][DEBUG] Save_level | Level 0 not found, write new level...
[23:52:16][DEBUG] add_data | data: AADC1CD0, size: 2226, data_type: 3
[23:52:16][DEBUG] find_av_tableEntry | addrTable = 13
[23:52:16][DEBUG] get_table | addrTable = 13
[23:52:16][DEBUG] get_table | retour : firstAddress = -1, nextTable = -1
[23:52:16][DEBUG] find_av_tableEntry | entry not used found at index = 0 of table = 13
[23:52:16][DEBUG] add_data | tableEntry : addr_table = 13, idx_table = 0, type_data = 0, addr_cell = -1
[23:52:16][DEBUG] get_table | addrTable = 13
[23:52:16][DEBUG] get_table | retour : firstAddress = -1, nextTable = -1
[23:52:16][DEBUG] get_empty | sizeNeeded = 2226, addrTable = 93
[23:52:16][DEBUG] get_table | addrTable = 93
[23:52:16][DEBUG] get_data_info | addr = 93
[23:52:16][INFO] get_data_info | retour : type = 2, size = 80
[23:52:16][DEBUG] get_table | retour : firstAddress = -1, nextTable = -1
[23:52:16][DEBUG] get_empty | Check table for an empty space...
[23:52:16][DEBUG] get_empty | no more table to check, no empty space found
[23:52:16][DEBUG] add_data | No empty space found, set cursor at the end of file
[23:52:16][DEBUG] write_data_info | addr = 189
[23:52:16][INFO] write_data_info | retour : type = 3, size = 2226
[23:52:16][DEBUG] write_table | addrTable = 13
[23:52:16][DEBUG] write_table | first table
[23:52:16][DEBUG] write_table | retour : success!
[23:52:16][DEBUG] add_data | Data added at addr = 189, idx = 0, tableAddr = 13
[23:52:16][DEBUG] Save_level | Success level 0 save created
[23:52:16][DEBUG] Get_level | level : 1
[23:52:16][DEBUG] Get_level | File opened: level.dat
[23:52:16][DEBUG] find_tableEntryOfIdx | globalIndexEntry = 1, addrTable = 13, numTable = 0
[23:52:16][DEBUG] get_table | addrTable = 13
[23:52:16][DEBUG] get_table | retour : firstAddress = 189, nextTable = -1
[23:52:16][DEBUG] find_tableEntryOfIdx | entry find ! localIndex = 1
[23:52:16][DEBUG] find_tableEntryOfIdx | L'indice n'a pas d'adresse d√©finie.
[23:52:16][DEBUG] Get_level | Table entry found : type = 0, addrCell = -1, addrTable = -1, idx = -1
[23:52:16][DEBUG] Get_level | Level not found
[23:52:16][INFO] Main | Level cleared
[23:52:16][INFO] Main | Level value : 7090
[23:52:16][INFO] Main | Level 1 not found, empty level generated
[23:52:16][DEBUG] Show_table | reading file : level.dat
[23:52:16][DEBUG] Show table | addrTable = 13, table_level = 0
[23:52:16][DEBUG] get_table | addrTable = 13
[23:52:16][DEBUG] get_table | retour : firstAddress = 189, nextTable = -1
[23:52:16][DEBUG] Show table | begin show table 0
[23:52:16][DEBUG] Get_data | Set cursor at addr = 189
[23:52:16][DEBUG] get_data_info | addr = 189
[23:52:16][INFO] get_data_info | retour : type = 3, size = 2226
[23:52:16][DEBUG] Get_data | dataInfo : type = 3, size = 2226
[23:52:16][DEBUG] Get_data | Success! data : AADC5000
[23:52:16][DEBUG] Show table | End of show table 0
[23:52:16][DEBUG] Show_table | Table vides
[23:52:16][DEBUG] Show table | addrTable = 93, table_level = 0
[23:52:16][DEBUG] get_table | addrTable = 93
[23:52:16][DEBUG] get_data_info | addr = 93
[23:52:16][INFO] get_data_info | retour : type = 2, size = 80
[23:52:16][DEBUG] get_table | retour : firstAddress = -1, nextTable = -1
[23:52:16][DEBUG] Show table | begin show table 0
[23:52:16][DEBUG] Show table | End of show table 0
[23:52:16][DEBUG] Show_table | Success
[23:52:16][INFO] 
======================Affichage Tables======================

0Ba–ETables :
Table 0 :
 CELL[0] : 189
   Data size : 2226
   Data type : 3
   Data : 159 map's items
 CELL[1] : EMPTY
 CELL[2] : EMPTY
 CELL[3] : EMPTY
 CELL[4] : EMPTY
 CELL[5] : EMPTY
 CELL[6] : EMPTY
 CELL[7] : EMPTY
 CELL[8] : EMPTY
 Next table : NO

Table de vides :
Table 0 :
 CELL[0] : EMPTY
 CELL[1] : EMPTY
 CELL[2] : EMPTY
 CELL[3] : EMPTY
 CELL[4] : EMPTY
 CELL[5] : EMPTY
 CELL[6] : EMPTY
 CELL[7] : EMPTY
 CELL[8] : EMPTY
 Next table : NO

======================Affichage Tables======================
[23:52:16][INFO] Main | New level load : 1, Old level save : 0
[23:52:16][INFO] Main | Level 1 : 156 items loaded
[23:52:17][INFO] Main | Level value : 363C5E0
[23:52:17][DEBUG] File loaded: level.dat, 4
[23:52:17][DEBUG] Save_level | level : 1
[23:52:17][DEBUG] find_tableEntryOfIdx | globalIndexEntry = 1, addrTable = 13, numTable = 0
[23:52:17][DEBUG] get_table | addrTable = 13
[23:52:17][DEBUG] get_table | retour : firstAddress = 189, nextTable = -1
[23:52:17][DEBUG] find_tableEntryOfIdx | entry find ! localIndex = 1
[23:52:17][DEBUG] find_tableEntryOfIdx | L'indice n'a pas d'adresse d√©finie.
[23:52:17][DEBUG] Save_level | Table entry found : type = 0, addrCell = -1, addrTable = -1, idx = -1
[23:52:17][INFO] Level Converter | Convert level to bytes: 156 items.
[23:52:17][INFO] Level Converter | Convert level to bytes: Success! 2184 bytes.
[23:52:17][DEBUG] Save_level | Success level converted to bytes: AADC58C0, size = 2184 bytes
[23:52:17][DEBUG] Save_level | Level 1 not found, write new level...
[23:52:17][DEBUG] add_data | data: AADC58C0, size: 2184, data_type: 3
[23:52:17][DEBUG] find_av_tableEntry | addrTable = 13
[23:52:17][DEBUG] get_table | addrTable = 13
[23:52:17][DEBUG] get_table | retour : firstAddress = 189, nextTable = -1
[23:52:17][DEBUG] find_av_tableEntry | entry not used found at index = 1 of table = 13
[23:52:17][DEBUG] add_data | tableEntry : addr_table = 13, idx_table = 1, type_data = 0, addr_cell = -1
[23:52:17][DEBUG] get_table | addrTable = 13
[23:52:17][DEBUG] get_table | retour : firstAddress = 189, nextTable = -1
[23:52:17][DEBUG] get_empty | sizeNeeded = 2184, addrTable = 93
[23:52:17][DEBUG] get_table | addrTable = 93
[23:52:17][DEBUG] get_data_info | addr = 93
[23:52:17][INFO] get_data_info | retour : type = 2, size = 80
[23:52:17][DEBUG] get_table | retour : firstAddress = -1, nextTable = -1
[23:52:17][DEBUG] get_empty | Check table for an empty space...
[23:52:17][DEBUG] get_empty | no more table to check, no empty space found
[23:52:17][DEBUG] add_data | No empty space found, set cursor at the end of file
[23:52:17][DEBUG] write_data_info | addr = 2431
[23:52:17][INFO] write_data_info | retour : type = 3, size = 2184
[23:52:17][DEBUG] write_table | addrTable = 13
[23:52:17][DEBUG] write_table | first table
[23:52:17][DEBUG] write_table | retour : success!
[23:52:17][DEBUG] add_data | Data added at addr = 2431, idx = 1, tableAddr = 13
[23:52:17][DEBUG] Save_level | Success level 1 save created
[23:52:17][DEBUG] Get_level | level : 2
[23:52:17][DEBUG] Get_level | File opened: level.dat
[23:52:17][DEBUG] find_tableEntryOfIdx | globalIndexEntry = 2, addrTable = 13, numTable = 0
[23:52:17][DEBUG] get_table | addrTable = 13
[23:52:17][DEBUG] get_table | retour : firstAddress = 189, nextTable = -1
[23:52:17][DEBUG] find_tableEntryOfIdx | entry find ! localIndex = 2
[23:52:17][DEBUG] find_tableEntryOfIdx | L'indice n'a pas d'adresse d√©finie.
[23:52:17][DEBUG] Get_level | Table entry found : type = 0, addrCell = -1, addrTable = -1, idx = -1
[23:52:17][DEBUG] Get_level | Level not found
[23:52:17][INFO] Main | Level cleared
[23:52:17][INFO] Main | Level value : 7090
[23:52:17][INFO] Main | Level 2 not found, empty level generated
[23:52:17][DEBUG] Show_table | reading file : level.dat
[23:52:17][DEBUG] Show table | addrTable = 13, table_level = 0
[23:52:17][DEBUG] get_table | addrTable = 13
[23:52:17][DEBUG] get_table | retour : firstAddress = 189, nextTable = -1
[23:52:17][DEBUG] Show table | begin show table 0
[23:52:17][DEBUG] Get_data | Set cursor at addr = 189
[23:52:17][DEBUG] get_data_info | addr = 189
[23:52:17][INFO] get_data_info | retour : type = 3, size = 2226
[23:52:17][DEBUG] Get_data | dataInfo : type = 3, size = 2226
[23:52:17][DEBUG] Get_data | Success! data : AADC8C50
[23:52:17][DEBUG] Get_data | Set cursor at addr = 2431
[23:52:17][DEBUG] get_data_info | addr = 2431
[23:52:17][INFO] get_data_info | retour : type = 3, size = 2184
[23:52:17][DEBUG] Get_data | dataInfo : type = 3, size = 2184
[23:52:17][DEBUG] Get_data | Success! data : AADC9510
[23:52:17][DEBUG] Show table | End of show table 0
[23:52:17][DEBUG] Show_table | Table vides
[23:52:17][DEBUG] Show table | addrTable = 93, table_level = 0
[23:52:17][DEBUG] get_table | addrTable = 93
[23:52:17][DEBUG] get_data_info | addr = 93
[23:52:17][INFO] get_data_info | retour : type = 2, size = 80
[23:52:17][DEBUG] get_table | retour : firstAddress = -1, nextTable = -1
[23:52:17][DEBUG] Show table | begin show table 0
[23:52:17][DEBUG] Show table | End of show table 0
[23:52:17][DEBUG] Show_table | Success
[23:52:17][INFO] 
======================Affichage Tables======================

Tables :
Table 0 :
 CELL[0] : 189
   Data size : 2226
   Data type : 3
   Data : 159 map's items
 CELL[1] : 2431
   Data size : 2184
   Data type : 3
   Data : 156 map's items
 CELL[2] : EMPTY
 CELL[3] : EMPTY
 CELL[4] : EMPTY
 CELL[5] : EMPTY
 CELL[6] : EMPTY
 CELL[7] : EMPTY
 CELL[8] : EMPTY
 Next table : NO

Table de vides :
Table 0 :
 CELL[0] : EMPTY
 CELL[1] : EMPTY
 CELL[2] : EMPTY
 CELL[3] : EMPTY
 CELL[4] : EMPTY
 CELL[5] : EMPTY
 CELL[6] : EMPTY
 CELL[7] : EMPTY
 CELL[8] : EMPTY
 Next table : NO

======================Affichage Tables======================
[23:52:17][INFO] Main | New level load : 2, Old level save : 1
[23:52:17][INFO] Main | Level 2 : 156 items loaded
[23:52:17][INFO] Main | Level value : 363C5E0
[23:52:17][DEBUG] File loaded: level.dat, 4
[23:52:17][DEBUG] Save_level | level : 2
[23:52:17][DEBUG] find_tableEntryOfIdx | globalIndexEntry = 2, addrTable = 13, numTable = 0
[23:52:17][DEBUG] get_table | addrTable = 13
[23:52:17][DEBUG] get_table | retour : firstAddress = 189, nextTable = -1
[23:52:17][DEBUG] find_tableEntryOfIdx | entry find ! localIndex = 2
[23:52:17][DEBUG] find_tableEntryOfIdx | L'indice n'a pas d'adresse d√©finie.
[23:52:17][DEBUG] Save_level | Table entry found : type = 0, addrCell = -1, addrTable = -1, idx = -1
[23:52:17][INFO] Level Converter | Convert level to bytes: 156 items.
[23:52:17][INFO] Level Converter | Convert level to bytes: Success! 2184 bytes.
[23:52:17][DEBUG] Save_level | Success level converted to bytes: AADE90F0, size = 2184 bytes
[23:52:17][DEBUG] Save_level | Level 2 not found, write new level...
[23:52:17][DEBUG] add_data | data: AADE90F0, size: 2184, data_type: 3
[23:52:17][DEBUG] find_av_tableEntry | addrTable = 13
[23:52:17][DEBUG] get_table | addrTable = 13
[23:52:17][DEBUG] get_table | retour : firstAddress = 189, nextTable = -1
[23:52:17][DEBUG] find_av_tableEntry | entry not used found at index = 2 of table = 13
[23:52:17][DEBUG] add_data | tableEntry : addr_table = 13, idx_table = 2, type_data = 0, addr_cell = -1
[23:52:17][DEBUG] get_table | addrTable = 13
[23:52:17][DEBUG] get_table | retour : firstAddress = 189, nextTable = -1
[23:52:17][DEBUG] get_empty | sizeNeeded = 2184, addrTable = 93
[23:52:17][DEBUG] get_table | addrTable = 93
[23:52:17][DEBUG] get_data_info | addr = 93
[23:52:17][INFO] get_data_info | retour : type = 2, size = 80
[23:52:17][DEBUG] get_table | retour : firstAddress = -1, nextTable = -1
[23:52:17][DEBUG] get_empty | Check table for an empty space...
[23:52:17][DEBUG] get_empty | no more table to check, no empty space found
[23:52:17][DEBUG] add_data | No empty space found, set cursor at the end of file
[23:52:17][DEBUG] write_data_info | addr = 4631
[23:52:17][INFO] write_data_info | retour : type = 3, size = 2184
[23:52:17][DEBUG] write_table | addrTable = 13
[23:52:17][DEBUG] write_table | first table
[23:52:17][DEBUG] write_table | retour : success!
[23:52:17][DEBUG] add_data | Data added at addr = 4631, idx = 2, tableAddr = 13
[23:52:17][DEBUG] Save_level | Success level 2 save created
[23:52:17][DEBUG] Get_level | level : 1
[23:52:17][DEBUG] Get_level | File opened: level.dat
[23:52:17][DEBUG] find_tableEntryOfIdx | globalIndexEntry = 1, addrTable = 13, numTable = 0
[23:52:17][DEBUG] get_table | addrTable = 13
[23:52:17][DEBUG] get_table | retour : firstAddress = 189, nextTable = -1
[23:52:17][DEBUG] find_tableEntryOfIdx | entry find ! localIndex = 1
[23:52:17][DEBUG] get_data_info | addr = 2431
[23:52:17][INFO] get_data_info | retour : type = 3, size = 2184
[23:52:17][DEBUG] find_tableEntryOfIdx | return the cell info, addr_cell = 2431, addr_table = 13, idx_table = 1, type_data = 3
[23:52:17][DEBUG] Get_level | Table entry found : type = 3, addrCell = 2431, addrTable = 13, idx = 1
[23:52:17][DEBUG] Get_data | Set cursor at addr = 2431
[23:52:17][DEBUG] get_data_info | addr = 2431
[23:52:17][INFO] get_data_info | retour : type = 3, size = 2184
[23:52:17][DEBUG] Get_data | dataInfo : type = 3, size = 2184
[23:52:17][DEBUG] Get_data | Success! data : AADE90F0
[23:52:17][DEBUG] Get_level | dataInfo.type = 3, dataInfo.size = 2184
[23:52:17][DEBUG] Get_level | data = AADE90F0
[23:52:17][INFO] Level Converter | Convert bytes to level: 2184 bytes.
[23:52:17][INFO] Level Converter | Convert bytes to level: Success! 156 items.
[23:52:17][DEBUG] Get_level | level : 1, success! 156 items loaded!
[23:52:17][DEBUG] Show_table | reading file : level.dat
[23:52:17][DEBUG] Show table | addrTable = 13, table_level = 0
[23:52:17][DEBUG] get_table | addrTable = 13
[23:52:17][DEBUG] get_table | retour : firstAddress = 189, nextTable = -1
[23:52:17][DEBUG] Show table | begin show table 0
[23:52:17][DEBUG] Get_data | Set cursor at addr = 189
[23:52:17][DEBUG] get_data_info | addr = 189
[23:52:17][INFO] get_data_info | retour : type = 3, size = 2226
[23:52:17][DEBUG] Get_data | dataInfo : type = 3, size = 2226
[23:52:17][DEBUG] Get_data | Success! data : AADEE050
[23:52:17][DEBUG] Get_data | Set cursor at addr = 2431
[23:52:17][DEBUG] get_data_info | addr = 2431
[23:52:17][INFO] get_data_info | retour : type = 3, size = 2184
[23:52:17][DEBUG] Get_data | dataInfo : type = 3, size = 2184
[23:52:17][DEBUG] Get_data | Success! data : AADE90F0
[23:52:17][DEBUG] Get_data | Set cursor at addr = 4631
[23:52:17][DEBUG] get_data_info | addr = 4631
[23:52:17][INFO] get_data_info | retour : type = 3, size = 2184
[23:52:17][DEBUG] Get_data | dataInfo : type = 3, size = 2184
[23:52:17][DEBUG] Get_data | Success! data : AADEE910
[23:52:17][DEBUG] Show table | End of show table 0
[23:52:17][DEBUG] Show_table | Table vides
[23:52:17][DEBUG] Show table | addrTable = 93, table_level = 0
[23:52:17][DEBUG] get_table | addrTable = 93
[23:52:17][DEBUG] get_data_info | addr = 93
[23:52:17][INFO] get_data_info | retour : type = 2, size = 80
[23:52:17][DEBUG] get_table | retour : firstAddress = -1, nextTable = -1
[23:52:17][DEBUG] Show table | begin show table 0
[23:52:17][DEBUG] Show table | End of show table 0
[23:52:17][DEBUG] Show_table | Success
[23:52:17][INFO] 
======================Affichage Tables======================

Tables :
Table 0 :
 CELL[0] : 189
   Data size : 2226
   Data type : 3
   Data : 159 map's items
 CELL[1] : 2431
   Data size : 2184
   Data type : 3
   Data : 156 map's items
 CELL[2] : 4631
   Data size : 2184
   Data type : 3
   Data : 156 map's items
 CELL[3] : EMPTY
 CELL[4] : EMPTY
 CELL[5] : EMPTY
 CELL[6] : EMPTY
 CELL[7] : EMPTY
 CELL[8] : EMPTY
 Next table : NO

Table de vides :
Table 0 :
 CELL[0] : EMPTY
 CELL[1] : EMPTY
 CELL[2] : EMPTY
 CELL[3] : EMPTY
 CELL[4] : EMPTY
 CELL[5] : EMPTY
 CELL[6] : EMPTY
 CELL[7] : EMPTY
 CELL[8] : EMPTY
 Next table : NO

======================Affichage Tables======================
[23:52:17][INFO] Main | New level load : 1, Old level save : 2
[23:52:17][INFO] Main | Level 1 : 156 items loaded
[23:52:18][INFO] Main | Level value : 363C5E0
[23:52:18][DEBUG] File loaded: level.dat, 4
[23:52:18][DEBUG] Save_level | level : 1
[23:52:18][DEBUG] find_tableEntryOfIdx | globalIndexEntry = 1, addrTable = 13, numTable = 0
[23:52:18][DEBUG] get_table | addrTable = 13
[23:52:18][DEBUG] get_table | retour : firstAddress = 189, nextTable = -1
[23:52:18][DEBUG] find_tableEntryOfIdx | entry find ! localIndex = 1
[23:52:18][DEBUG] get_data_info | addr = 2431
[23:52:18][INFO] get_data_info | retour : type = 3, size = 2184
[23:52:18][DEBUG] find_tableEntryOfIdx | return the cell info, addr_cell = 2431, addr_table = 13, idx_table = 1, type_data = 3
[23:52:18][DEBUG] Save_level | Table entry found : type = 3, addrCell = 2431, addrTable = 13, idx = 1
[23:52:18][INFO] Level Converter | Convert level to bytes: 156 items.
[23:52:18][INFO] Level Converter | Convert level to bytes: Success! 2184 bytes.
[23:52:18][DEBUG] Save_level | Success level converted to bytes: AADEF1A0, size = 2184 bytes
[23:52:18][DEBUG] Save_level | Level 1 found, update level..
[23:52:18][DEBUG] Remove_level | level : 1
[23:52:18][DEBUG] transform_to_empty | globalIndexEntry = 1, addrTable = 13, numTable = 0
[23:52:18][DEBUG] get_table | addrTable = 13
[23:52:18][DEBUG] get_table | retour : firstAddress = 189, nextTable = -1
[23:52:18][DEBUG] transform_to_empty | entry find ! localIndex = 1
[23:52:18][DEBUG] get_data_info | addr = 2431
[23:52:18][INFO] get_data_info | retour : type = 3, size = 2184
[23:52:18][DEBUG] transform_to_empty | Update the data_info
[23:52:18][DEBUG] transform_to_empty | Rewrite DataInfo and Erase data from 2431 to 4631
[23:52:18][DEBUG] find_av_tableEntry | addrTable = 93
[23:52:18][DEBUG] get_table | addrTable = 93
[23:52:18][DEBUG] get_data_info | addr = 93
[23:52:18][INFO] get_data_info | retour : type = 2, size = 80
[23:52:18][DEBUG] get_table | retour : firstAddress = -1, nextTable = -1
[23:52:18][DEBUG] find_av_tableEntry | entry not used found at index = 0 of table = 93
[23:52:18][DEBUG] transform_to_empty: Find space on empty table addr = 93 on index 0
[23:52:18][DEBUG] get_table | addrTable = 93
[23:52:18][DEBUG] get_data_info | addr = 93
[23:52:18][INFO] get_data_info | retour : type = 2, size = 80
[23:52:18][DEBUG] get_table | retour : firstAddress = -1, nextTable = -1
[23:52:18][DEBUG] write_table | addrTable = 93
[23:52:18][DEBUG] write_table | not first table
[23:52:18][DEBUG] write_table | retour : success!
[23:52:18][DEBUG] transform_to_empty: Register the empty space successfully
[23:52:18][DEBUG] transform_to_empty | Unregister the old data address
[23:52:18][DEBUG] write_table | addrTable = 13
[23:52:18][DEBUG] write_table | first table
[23:52:18][DEBUG] write_table | retour : success!
[23:52:18][DEBUG] transform_to_empty | End of transformation
[23:52:18][DEBUG] Remove_level | level : 1, success : 1
[23:52:18][DEBUG] add_data | data: AADEF1A0, size: 2184, data_type: 3
[23:52:18][DEBUG] find_av_tableEntry | addrTable = 13
[23:52:18][DEBUG] get_table | addrTable = 13
[23:52:18][DEBUG] get_table | retour : firstAddress = 189, nextTable = -1
[23:52:18][DEBUG] find_av_tableEntry | entry not used found at index = 1 of table = 13
[23:52:18][DEBUG] add_data | tableEntry : addr_table = 13, idx_table = 1, type_data = 0, addr_cell = -1
[23:52:18][DEBUG] get_table | addrTable = 13
[23:52:18][DEBUG] get_table | retour : firstAddress = 189, nextTable = -1
[23:52:18][DEBUG] get_empty | sizeNeeded = 2184, addrTable = 93
[23:52:18][DEBUG] get_table | addrTable = 93
[23:52:18][DEBUG] get_data_info | addr = 93
[23:52:18][INFO] get_data_info | retour : type = 2, size = 80
[23:52:18][DEBUG] get_table | retour : firstAddress = 2431, nextTable = -1
[23:52:18][DEBUG] get_empty | Check table for an empty space...
[23:52:18][DEBUG] get_empty | Empty found at index = 0 pointing to addr = 2431
[23:52:18][DEBUG] get_data_info | addr = 2431
[23:52:18][INFO] get_data_info | retour : type = 1, size = 2184
[23:52:18][DEBUG] get_empty | This empty had a size of 2184
[23:52:18][DEBUG] get_empty | Espace vide suffisament grand trouv√©!
[23:52:18][DEBUG] add_data | Empty space found, addr: 2431, size : 2184
[23:52:18][DEBUG] update_empty | addrEmpty = 2431, sizeNeeded = 2184
[23:52:18][DEBUG] get_table | addrTable = 93
[23:52:18][DEBUG] get_data_info | addr = 93
[23:52:18][INFO] get_data_info | retour : type = 2, size = 80
[23:52:18][DEBUG] get_table | retour : firstAddress = 2431, nextTable = -1
[23:52:18][DEBUG] update_empty | addrEmpty removed from table
[23:52:18][DEBUG] write_table | addrTable = 93
[23:52:18][DEBUG] write_table | not first table
[23:52:18][DEBUG] write_table | retour : success!
[23:52:18][DEBUG] update_empty | retour : success!
[23:52:18][DEBUG] write_data_info | addr = 2431
[23:52:18][INFO] write_data_info | retour : type = 3, size = 2184
[23:52:18][DEBUG] write_table | addrTable = 13
[23:52:18][DEBUG] write_table | first table
[23:52:18][DEBUG] write_table | retour : success!
[23:52:18][DEBUG] add_data | Data added at addr = 2431, idx = 1, tableAddr = 13
[23:52:18][DEBUG] Save_level | Success level 1 updated
[23:52:18][DEBUG] Get_level | level : 0
[23:52:18][DEBUG] Get_level | File opened: level.dat
[23:52:18][DEBUG] find_tableEntryOfIdx | globalIndexEntry = 0, addrTable = 13, numTable = 0
[23:52:18][DEBUG] get_table | addrTable = 13
[23:52:18][DEBUG] get_table | retour : firstAddress = 189, nextTable = -1
[23:52:18][DEBUG] find_tableEntryOfIdx | entry find ! localIndex = 0
[23:52:18][DEBUG] get_data_info | addr = 189
[23:52:18][INFO] get_data_info | retour : type = 3, size = 2226
[23:52:18][DEBUG] find_tableEntryOfIdx | return the cell info, addr_cell = 189, addr_table = 13, idx_table = 0, type_data = 3
[23:52:18][DEBUG] Get_level | Table entry found : type = 3, addrCell = 189, addrTable = 13, idx = 0
[23:52:18][DEBUG] Get_data | Set cursor at addr = 189
[23:52:18][DEBUG] get_data_info | addr = 189
[23:52:18][INFO] get_data_info | retour : type = 3, size = 2226
[23:52:18][DEBUG] Get_data | dataInfo : type = 3, size = 2226
[23:52:18][DEBUG] Get_data | Success! data : AADF02D0
[23:52:18][DEBUG] Get_level | dataInfo.type = 3, dataInfo.size = 2226
[23:52:18][DEBUG] Get_level | data = AADF02D0
[23:52:18][INFO] Level Converter | Convert bytes to level: 2226 bytes.
[23:52:18][INFO] Level Converter | Convert bytes to level: Success! 159 items.
[23:52:18][DEBUG] Get_level | level : 0, success! 159 items loaded!
[23:52:18][DEBUG] Show_table | reading file : level.dat
[23:52:18][DEBUG] Show table | addrTable = 13, table_level = 0
[23:52:18][DEBUG] get_table | addrTable = 13
[23:52:18][DEBUG] get_table | retour : firstAddress = 189, nextTable = -1
[23:52:18][DEBUG] Show table | begin show table 0
[23:52:18][DEBUG] Get_data | Set cursor at addr = 189
[23:52:18][DEBUG] get_data_info | addr = 189
[23:52:18][INFO] get_data_info | retour : type = 3, size = 2226
[23:52:18][DEBUG] Get_data | dataInfo : type = 3, size = 2226
[23:52:18][DEBUG] Get_data | Success! data : AADF02D0
[23:52:18][DEBUG] Get_data | Set cursor at addr = 2431
[23:52:18][DEBUG] get_data_info | addr = 2431
[23:52:18][INFO] get_data_info | retour : type = 3, size = 2184
[23:52:18][DEBUG] Get_data | dataInfo : type = 3, size = 2184
[23:52:18][DEBUG] Get_data | Success! data : AADF4AE0
[23:52:18][DEBUG] Get_data | Set cursor at addr = 4631
[23:52:18][DEBUG] get_data_info | addr = 4631
[23:52:18][INFO] get_data_info | retour : type = 3, size = 2184
[23:52:18][DEBUG] Get_data | dataInfo : type = 3, size = 2184
[23:52:18][DEBUG] Get_data | Success! data : AADF5370
[23:52:18][DEBUG] Show table | End of show table 0
[23:52:18][DEBUG] Show_table | Table vides
[23:52:18][DEBUG] Show table | addrTable = 93, table_level = 0
[23:52:18][DEBUG] get_table | addrTable = 93
[23:52:18][DEBUG] get_data_info | addr = 93
[23:52:18][INFO] get_data_info | retour : type = 2, size = 80
[23:52:18][DEBUG] get_table | retour : firstAddress = -1, nextTable = -1
[23:52:18][DEBUG] Show table | begin show table 0
[23:52:18][DEBUG] Show table | End of show table 0
[23:52:18][DEBUG] Show_table | Success
[23:52:18][INFO] 
======================Affichage Tables======================

Tables :
Table 0 :
 CELL[0] : 189
   Data size : 2226
   Data type : 3
   Data : 159 map's items
 CELL[1] : 2431
   Data size : 2184
   Data type : 3
   Data : 156 map's items
 CELL[2] : 4631
   Data size : 2184
   Data type : 3
   Data : 156 map's items
 CELL[3] : EMPTY
 CELL[4] : EMPTY
 CELL[5] : EMPTY
 CELL[6] : EMPTY
 CELL[7] : EMPTY
 CELL[8] : EMPTY
 Next table : NO

Table de vides :
Table 0 :
 CELL[0] : EMPTY
 CELL[1] : EMPTY
 CELL[2] : EMPTY
 CELL[3] : EMPTY
 CELL[4] : EMPTY
 CELL[5] : EMPTY
 CELL[6] : EMPTY
 CELL[7] : EMPTY
 CELL[8] : EMPTY
 Next table : NO

======================Affichage Tables======================
[23:52:18][INFO] Main | New level load : 0, Old level save : 1
[23:52:18][INFO] Main | Level 0 : 159 items loaded
[23:52:19][INFO] Main | Level value : 363C5E0
[23:52:19][INFO] liste_free | ERROR type inconnu
[23:52:19][INFO] Main | Level cleared
[23:52:19][INFO] Main | Level value : 7090
[23:52:19][INFO] Main | Remise √† z√©ro du niveau 1
[23:52:20][INFO] Main | Stopping game...
[23:52:20][INFO] Main | Ncurses windows deleted!
[23:52:20][DEBUG] File loaded: level.dat, 4
[23:52:20][INFO] Main | Saving level 1...
[23:52:20][DEBUG] Save_level | level : 1
[23:52:20][DEBUG] find_tableEntryOfIdx | globalIndexEntry = 1, addrTable = 13, numTable = 0
[23:52:20][DEBUG] get_table | addrTable = 13
[23:52:20][DEBUG] get_table | retour : firstAddress = 189, nextTable = -1
[23:52:20][DEBUG] find_tableEntryOfIdx | entry find ! localIndex = 1
[23:52:20][DEBUG] get_data_info | addr = 2431
[23:52:20][INFO] get_data_info | retour : type = 3, size = 2184
[23:52:20][DEBUG] find_tableEntryOfIdx | return the cell info, addr_cell = 2431, addr_table = 13, idx_table = 1, type_data = 3
[23:52:20][DEBUG] Save_level | Table entry found : type = 3, addrCell = 2431, addrTable = 13, idx = 1
[23:52:20][INFO] Level Converter | Convert level to bytes: 156 items.
[23:52:20][INFO] Level Converter | Convert level to bytes: Success! 2184 bytes.
[23:52:20][DEBUG] Save_level | Success level converted to bytes: AADB5440, size = 2184 bytes
[23:52:20][DEBUG] Save_level | Level 1 found, update level..
[23:52:20][DEBUG] Remove_level | level : 1
[23:52:20][DEBUG] transform_to_empty | globalIndexEntry = 1, addrTable = 13, numTable = 0
[23:52:20][DEBUG] get_table | addrTable = 13
[23:52:20][DEBUG] get_table | retour : firstAddress = 189, nextTable = -1
[23:52:20][DEBUG] transform_to_empty | entry find ! localIndex = 1
[23:52:20][DEBUG] get_data_info | addr = 2431
[23:52:20][INFO] get_data_info | retour : type = 3, size = 2184
[23:52:20][DEBUG] transform_to_empty | Update the data_info
[23:52:20][DEBUG] transform_to_empty | Rewrite DataInfo and Erase data from 2431 to 4631
[23:52:20][DEBUG] find_av_tableEntry | addrTable = 93
[23:52:20][DEBUG] get_table | addrTable = 93
[23:52:20][DEBUG] get_data_info | addr = 93
[23:52:20][INFO] get_data_info | retour : type = 2, size = 80
[23:52:20][DEBUG] get_table | retour : firstAddress = -1, nextTable = -1
[23:52:20][DEBUG] find_av_tableEntry | entry not used found at index = 0 of table = 93
[23:52:20][DEBUG] transform_to_empty: Find space on empty table addr = 93 on index 0
[23:52:20][DEBUG] get_table | addrTable = 93
[23:52:20][DEBUG] get_data_info | addr = 93
[23:52:20][INFO] get_data_info | retour : type = 2, size = 80
[23:52:20][DEBUG] get_table | retour : firstAddress = -1, nextTable = -1
[23:52:20][DEBUG] write_table | addrTable = 93
[23:52:20][DEBUG] write_table | not first table
[23:52:20][DEBUG] write_table | retour : success!
[23:52:20][DEBUG] transform_to_empty: Register the empty space successfully
[23:52:20][DEBUG] transform_to_empty | Unregister the old data address
[23:52:20][DEBUG] write_table | addrTable = 13
[23:52:20][DEBUG] write_table | first table
[23:52:20][DEBUG] write_table | retour : success!
[23:52:20][DEBUG] transform_to_empty | End of transformation
[23:52:20][DEBUG] Remove_level | level : 1, success : 1
[23:52:20][DEBUG] add_data | data: AADB5440, size: 2184, data_type: 3
[23:52:20][DEBUG] find_av_tableEntry | addrTable = 13
[23:52:20][DEBUG] get_table | addrTable = 13
[23:52:20][DEBUG] get_table | retour : firstAddress = 189, nextTable = -1
[23:52:20][DEBUG] find_av_tableEntry | entry not used found at index = 1 of table = 13
[23:52:20][DEBUG] add_data | tableEntry : addr_table = 13, idx_table = 1, type_data = 0, addr_cell = -1
[23:52:20][DEBUG] get_table | addrTable = 13
[23:52:20][DEBUG] get_table | retour : firstAddress = 189, nextTable = -1
[23:52:20][DEBUG] get_empty | sizeNeeded = 2184, addrTable = 93
[23:52:20][DEBUG] get_table | addrTable = 93
[23:52:20][DEBUG] get_data_info | addr = 93
[23:52:20][INFO] get_data_info | retour : type = 2, size = 80
[23:52:20][DEBUG] get_table | retour : firstAddress = 2431, nextTable = -1
[23:52:20][DEBUG] get_empty | Check table for an empty space...
[23:52:20][DEBUG] get_empty | Empty found at index = 0 pointing to addr = 2431
[23:52:20][DEBUG] get_data_info | addr = 2431
[23:52:20][INFO] get_data_info | retour : type = 1, size = 2184
[23:52:20][DEBUG] get_empty | This empty had a size of 2184
[23:52:20][DEBUG] get_empty | Espace vide suffisament grand trouv√©!
[23:52:20][DEBUG] add_data | Empty space found, addr: 2431, size : 2184
[23:52:20][DEBUG] update_empty | addrEmpty = 2431, sizeNeeded = 2184
[23:52:20][DEBUG] get_table | addrTable = 93
[23:52:20][DEBUG] get_data_info | addr = 93
[23:52:20][INFO] get_data_info | retour : type = 2, size = 80
[23:52:20][DEBUG] get_table | retour : firstAddress = 2431, nextTable = -1
[23:52:20][DEBUG] update_empty | addrEmpty removed from table
[23:52:20][DEBUG] write_table | addrTable = 93
[23:52:20][DEBUG] write_table | not first table
[23:52:20][DEBUG] write_table | retour : success!
[23:52:20][DEBUG] update_empty | retour : success!
[23:52:20][DEBUG] write_data_info | addr = 2431
[23:52:20][INFO] write_data_info | retour : type = 3, size = 2184
[23:52:20][DEBUG] write_table | addrTable = 13
[23:52:20][DEBUG] write_table | first table
[23:52:20][DEBUG] write_table | retour : success!
[23:52:20][DEBUG] add_data | Data added at addr = 2431, idx = 1, tableAddr = 13
[23:52:20][DEBUG] Save_level | Success level 1 updated
[23:52:20][INFO] Main | Level 1 saved
[23:52:20][DEBUG] Show_table | reading file : level.dat
[23:52:20][DEBUG] Show table | addrTable = 13, table_level = 0
[23:52:20][DEBUG] get_table | addrTable = 13
[23:52:20][DEBUG] get_table | retour : firstAddress = 189, nextTable = -1
[23:52:20][DEBUG] Show table | begin show table 0
[23:52:20][DEBUG] Get_data | Set cursor at addr = 189
[23:52:20][DEBUG] get_data_info | addr = 189
[23:52:20][INFO] get_data_info | retour : type = 3, size = 2226
[23:52:20][DEBUG] Get_data | dataInfo : type = 3, size = 2226
[23:52:20][DEBUG] Get_data | Success! data : AADB91B0
[23:52:20][DEBUG] Get_data | Set cursor at addr = 2431
[23:52:20][DEBUG] get_data_info | addr = 2431
[23:52:20][INFO] get_data_info | retour : type = 3, size = 2184
[23:52:20][DEBUG] Get_data | dataInfo : type = 3, size = 2184
[23:52:20][DEBUG] Get_data | Success! data : AADB5440
[23:52:20][DEBUG] Get_data | Set cursor at addr = 4631
[23:52:20][DEBUG] get_data_info | addr = 4631
[23:52:20][INFO] get_data_info | retour : type = 3, size = 2184
[23:52:20][DEBUG] Get_data | dataInfo : type = 3, size = 2184
[23:52:20][DEBUG] Get_data | Success! data : AADA8AE0
[23:52:20][DEBUG] Show table | End of show table 0
[23:52:20][DEBUG] Show_table | Table vides
[23:52:20][DEBUG] Show table | addrTable = 93, table_level = 0
[23:52:20][DEBUG] get_table | addrTable = 93
[23:52:20][DEBUG] get_data_info | addr = 93
[23:52:20][INFO] get_data_info | retour : type = 2, size = 80
[23:52:20][DEBUG] get_table | retour : firstAddress = -1, nextTable = -1
[23:52:20][DEBUG] Show table | begin show table 0
[23:52:20][DEBUG] Show table | End of show table 0
[23:52:20][DEBUG] Show_table | Success
[23:52:20][INFO] 
===================== Affichage Tables =====================

Aa–ETables :
Table 0 :
 CELL[0] : 189
   Data size : 2226
   Data type : 3
   Data : 159 map's items
 CELL[1] : 2431
   Data size : 2184
   Data type : 3
   Data : 156 map's items
 CELL[2] : 4631
   Data size : 2184
   Data type : 3
   Data : 156 map's items
 CELL[3] : EMPTY
 CELL[4] : EMPTY
 CELL[5] : EMPTY
 CELL[6] : EMPTY
 CELL[7] : EMPTY
 CELL[8] : EMPTY
 Next table : NO

Table de vides :
Table 0 :
 CELL[0] : EMPTY
 CELL[1] : EMPTY
 CELL[2] : EMPTY
 CELL[3] : EMPTY
 CELL[4] : EMPTY
 CELL[5] : EMPTY
 CELL[6] : EMPTY
 CELL[7] : EMPTY
 CELL[8] : EMPTY
 Next table : NO

===================== Affichage Tables =====================
[23:52:20][INFO] liste_free | ERROR type inconnu
[23:52:20][INFO] End of the session of the game.

