[17:54:15][INFO] Main | Loading first level from file...
[17:54:15][INFO] Main | File loaded
[17:54:15][INFO] Show table: 13, 0
[17:54:15][INFO] get_table | retour : firstAddress = -1, lastAddress = -1
[17:54:15][INFO] show_table: begin show table 0
[17:54:15][INFO] Show table: 93, 0
[17:54:15][INFO] get_data_info | retour : type = 2, size = 80
[17:54:15][INFO] get_table | retour : firstAddress = -1, lastAddress = -1
[17:54:15][INFO] show_table: begin show table 0
[17:54:15][INFO] 
======================Affichage Tables======================

Tables :
Table 0 :
 CELL[0] : EMPTY
 CELL[1] : EMPTY
 CELL[2] : EMPTY
 CELL[3] : EMPTY
 CELL[4] : EMPTY
 CELL[5] : EMPTY
 CELL[6] : EMPTY
 CELL[7] : EMPTY
 CELL[8] : EMPTY
 Next table : NO

Table de vides :
Table 0 :
 CELL[0] : EMPTY
 CELL[1] : EMPTY
 CELL[2] : EMPTY
 CELL[3] : EMPTY
 CELL[4] : EMPTY
 CELL[5] : EMPTY
 CELL[6] : EMPTY
 CELL[7] : EMPTY
 CELL[8] : EMPTY
 Next table : NO

======================Affichage Tables======================
[17:54:15][INFO] get_level: file opened: level.lvl
[17:54:15][INFO] get_table | retour : firstAddress = -1, lastAddress = -1
[17:54:15][INFO] get_data_info | retour : type = 2, size = 80
[17:54:15][INFO] get_level: table entry read: type: 0, addr: -1
[17:54:15][INFO] get_level: Level not found
[17:54:15][INFO] Main | First level not found, empty level generated.
[17:55:11][INFO] Main | Ncurses windows deleted, now loading file...
[17:55:11][INFO] Main | Saving level 1...
[17:55:11][INFO] get_table | retour : firstAddress = -1, lastAddress = -1
[17:55:11][INFO] get_data_info | retour : type = 2, size = 80
[17:55:11][INFO] Convert level to bytes: 156 items.
[17:55:11][INFO] Convert level to bytes: Success! 9984 bytes.
[17:55:11][INFO] get_table | retour : firstAddress = -1, lastAddress = -1
[17:55:11][INFO] get_table | retour : firstAddress = -1, lastAddress = -1
[17:55:11][INFO] get_data_info | retour : type = 2, size = 80
[17:55:11][INFO] get_table | retour : firstAddress = -1, lastAddress = -1
[17:55:11][INFO] Empty data not found write at the end of file
[17:55:11][INFO] Data added: 828FEC80, 4
[17:55:11][INFO] Main | Level 1 saved
[17:55:11][INFO] Show table: 13, 0
[17:55:11][INFO] get_table | retour : firstAddress = 189, lastAddress = -1
[17:55:11][INFO] show_table: begin show table 0
[17:55:11][INFO] show_table: cell 0 is not empty
[17:55:11][INFO] Get data: cursor set at 189
[17:55:11][INFO] get_data: data info read: type: 3, size: 9984
[17:55:11][INFO] get_data: Success! data : 82900C90
[17:55:11][INFO] show_table: data info read: type: 3, size: 9984
[17:55:11][INFO] Show table: 93, 0
[17:55:11][INFO] get_data_info | retour : type = 2, size = 80
[17:55:11][INFO] get_table | retour : firstAddress = -1, lastAddress = -1
[17:55:11][INFO] show_table: begin show table 0
[17:55:11][INFO] 
======================Affichage Tables======================

Tables :
Table 0 :
 CELL[0] : 189
   Data size : 9984
   Data type : 3
   Data : 156 map's items
 CELL[1] : EMPTY
 CELL[2] : EMPTY
 CELL[3] : EMPTY
 CELL[4] : EMPTY
 CELL[5] : EMPTY
 CELL[6] : EMPTY
 CELL[7] : EMPTY
 CELL[8] : EMPTY
 Next table : NO

Table de vides :
Table 0 :
 CELL[0] : EMPTY
 CELL[1] : EMPTY
 CELL[2] : EMPTY
 CELL[3] : EMPTY
 CELL[4] : EMPTY
 CELL[5] : EMPTY
 CELL[6] : EMPTY
 CELL[7] : EMPTY
 CELL[8] : EMPTY
 Next table : NO

======================Affichage Tables======================
[17:55:11][INFO] End of the session of the game.
