[18:00:27][INFO] Main | Loading first level from file...
[18:00:27][INFO] Main | File loaded
[18:00:27][INFO] Show table: 13, 0
[18:00:27][INFO] get_table | retour : firstAddress = 189, lastAddress = -1
[18:00:27][INFO] show_table: begin show table 0
[18:00:27][INFO] show_table: cell 0 is not empty
[18:00:27][INFO] Get data: cursor set at 189
[18:00:27][INFO] get_data: data info read: type: 3, size: 9984
[18:00:27][INFO] get_data: Success! data : 4EB6E430
[18:00:27][INFO] show_table: data info read: type: 3, size: 9984
[18:00:27][INFO] Show table: 93, 0
[18:00:27][INFO] get_data_info | retour : type = 2, size = 80
[18:00:27][INFO] get_table | retour : firstAddress = 10189, lastAddress = -1
[18:00:27][INFO] show_table: begin show table 0
[18:00:27][INFO] show_table: cell 0 is not empty
[18:00:27][INFO] Get data: cursor set at 10189
[18:00:27][INFO] get_data: data info read: type: 1, size: 0
[18:00:27][INFO] get_data: Success! data : 4EB6AFE0
[18:00:27][INFO] show_table: data info read: type: 1, size: 0
[18:00:27][INFO] show_table: cell 1 is not empty
[18:00:27][INFO] Get data: cursor set at 10189
[18:00:27][INFO] get_data: data info read: type: 1, size: 0
[18:00:27][INFO] get_data: Success! data : 4EB6B0A0
[18:00:27][INFO] show_table: data info read: type: 1, size: 0
[18:00:27][INFO] show_table: cell 2 is not empty
[18:00:27][INFO] Get data: cursor set at 10189
[18:00:27][INFO] get_data: data info read: type: 1, size: 0
[18:00:27][INFO] get_data: Success! data : 4EB6B160
[18:00:27][INFO] show_table: data info read: type: 1, size: 0
[18:00:27][INFO] 
======================Affichage Tables======================

Tables :
Table 0 :
 CELL[0] : 189
   Data size : 9984
   Data type : 3
   Data : 156 map's items
 CELL[1] : EMPTY
 CELL[2] : EMPTY
 CELL[3] : EMPTY
 CELL[4] : EMPTY
 CELL[5] : EMPTY
 CELL[6] : EMPTY
 CELL[7] : EMPTY
 CELL[8] : EMPTY
 Next table : NO

Table de vides :
Table 0 :
 CELL[0] : 10189
   Data size : 0
   Data type : 1
   Data : EMPTY
 CELL[1] : 10189
   Data size : 0
   Data type : 1
   Data : EMPTY
 CELL[2] : 10189
   Data size : 0
   Data type : 1
   Data : EMPTY
 CELL[3] : EMPTY
 CELL[4] : EMPTY
 CELL[5] : EMPTY
 CELL[6] : EMPTY
 CELL[7] : EMPTY
 CELL[8] : EMPTY
 Next table : NO

======================Affichage Tables======================
[18:00:27][INFO] get_level: file opened: level.lvl
[18:00:27][INFO] get_table | retour : firstAddress = 189, lastAddress = -1
[18:00:27][INFO] get_data_info | retour : type = 3, size = 9984
[18:00:27][INFO] get_level: table entry read: type: 3, addr: 189
[18:00:27][INFO] Get data: cursor set at 189
[18:00:27][INFO] get_data: data info read: type: 3, size: 9984
[18:00:27][INFO] get_data: Success! data : 4EB70B40
[18:00:27][INFO] get_level: data read: 4EB70B40
[18:00:27][INFO] Convert bytes to level: 9984 bytes.
[18:00:27][INFO] Convert bytes to level: Success! 156 items.
[18:00:27][INFO] Main | First level found and loaded.
[18:00:27][INFO] Main | First level : 156 items loaded
[18:00:29][INFO] Main | Ncurses windows deleted, now loading file...
[18:00:29][INFO] Main | Saving level 1...
[18:00:29][INFO] get_table | retour : firstAddress = 189, lastAddress = -1
[18:00:29][INFO] get_data_info | retour : type = 3, size = 9984
[18:00:29][INFO] Convert level to bytes: 156 items.
[18:00:29][INFO] Convert level to bytes: Success! 9984 bytes.
[18:00:29][INFO] get_table | retour : firstAddress = 189, lastAddress = -1
[18:00:29][INFO] get_data_info | retour : type = 3, size = 9984
[18:00:29][INFO] get_data_info | retour : type = 2, size = 80
[18:00:29][INFO] get_table | retour : firstAddress = 10189, lastAddress = -1
[18:00:29][INFO] get_data_info | retour : type = 2, size = 80
[18:00:29][INFO] get_table | retour : firstAddress = 10189, lastAddress = -1
[18:00:29][INFO] write_data_info | retour : type = 1, size = 9984
[18:00:29][INFO] get_table | retour : firstAddress = -1, lastAddress = -1
[18:00:29][INFO] get_table | retour : firstAddress = -1, lastAddress = -1
[18:00:29][INFO] get_data_info | retour : type = 2, size = 80
[18:00:29][INFO] get_table | retour : firstAddress = 10189, lastAddress = -1
[18:00:29][INFO] get_data_info | retour : type = 1, size = 0
[18:00:29][INFO] get_data_info | retour : type = 1, size = 0
[18:00:29][INFO] get_data_info | retour : type = 1, size = 0
[18:00:29][INFO] get_data_info | retour : type = 1, size = 9984
[18:00:29][INFO] Empty data found: addr: 189, size : 9984
[18:00:29][INFO] get_data_info | retour : type = 2, size = 80
[18:00:29][INFO] get_table | retour : firstAddress = 10189, lastAddress = -1
[18:00:29][INFO] write_data_info | retour : type = 1, size = 0
[18:00:29][INFO] Data added: 4EB84E20, 4
[18:00:29][INFO] Main | Level 1 saved
[18:00:29][INFO] Show table: 13, 0
[18:00:29][INFO] get_table | retour : firstAddress = 189, lastAddress = -1
[18:00:29][INFO] show_table: begin show table 0
[18:00:29][INFO] show_table: cell 0 is not empty
[18:00:29][INFO] Get data: cursor set at 189
[18:00:29][INFO] get_data: data info read: type: 3, size: 9984
[18:00:29][INFO] get_data: Success! data : 4EB84E20
[18:00:29][INFO] show_table: data info read: type: 3, size: 9984
[18:00:29][INFO] Show table: 93, 0
[18:00:29][INFO] get_data_info | retour : type = 2, size = 80
[18:00:29][INFO] get_table | retour : firstAddress = 10189, lastAddress = -1
[18:00:29][INFO] show_table: begin show table 0
[18:00:29][INFO] show_table: cell 0 is not empty
[18:00:29][INFO] Get data: cursor set at 10189
[18:00:29][INFO] get_data: data info read: type: 1, size: 0
[18:00:29][INFO] get_data: Success! data : 4EB72B90
[18:00:29][INFO] show_table: data info read: type: 1, size: 0
[18:00:29][INFO] show_table: cell 1 is not empty
[18:00:29][INFO] Get data: cursor set at 10189
[18:00:29][INFO] get_data: data info read: type: 1, size: 0
[18:00:29][INFO] get_data: Success! data : 4EB72C50
[18:00:29][INFO] show_table: data info read: type: 1, size: 0
[18:00:29][INFO] show_table: cell 2 is not empty
[18:00:29][INFO] Get data: cursor set at 10189
[18:00:29][INFO] get_data: data info read: type: 1, size: 0
[18:00:29][INFO] get_data: Success! data : 4EB72D10
[18:00:29][INFO] show_table: data info read: type: 1, size: 0
[18:00:29][INFO] show_table: cell 3 is not empty
[18:00:29][INFO] Get data: cursor set at 10189
[18:00:29][INFO] get_data: data info read: type: 1, size: 0
[18:00:29][INFO] get_data: Success! data : 4EB72DD0
[18:00:29][INFO] show_table: data info read: type: 1, size: 0
[18:00:29][INFO] 
======================Affichage Tables======================

°;žTables :
Table 0 :
 CELL[0] : 189
   Data size : 9984
   Data type : 3
   Data : 156 map's items
 CELL[1] : EMPTY
 CELL[2] : EMPTY
 CELL[3] : EMPTY
 CELL[4] : EMPTY
 CELL[5] : EMPTY
 CELL[6] : EMPTY
 CELL[7] : EMPTY
 CELL[8] : EMPTY
 Next table : NO

Table de vides :
Table 0 :
 CELL[0] : 10189
   Data size : 0
   Data type : 1
   Data : EMPTY
 CELL[1] : 10189
   Data size : 0
   Data type : 1
   Data : EMPTY
 CELL[2] : 10189
   Data size : 0
   Data type : 1
   Data : EMPTY
 CELL[3] : 10189
   Data size : 0
   Data type : 1
   Data : EMPTY
 CELL[4] : EMPTY
 CELL[5] : EMPTY
 CELL[6] : EMPTY
 CELL[7] : EMPTY
 CELL[8] : EMPTY
 Next table : NO

======================Affichage Tables======================
[18:00:29][INFO] End of the session of the game.
