[15:26:48][INFO] Main | Loading first level from file...
[15:26:48][INFO] File loaded: level.lvl, 4
[15:26:48][INFO] Main | File loaded
[15:26:48][INFO] Show table: 13, 0
[15:26:48][INFO] get_table: addrTable = 13
[15:26:48][INFO] get_table: success! firstAddress = 189
[15:26:48][INFO] show_table: begin show table 0
[15:26:48][INFO] show_table: cell 0 is not empty
[15:26:48][INFO] Get data: cursor set at 189
[15:26:48][INFO] get_data: data info read: type: 3, size: 9984
[15:26:48][INFO] get_data: Success! data : 60951430
[15:26:48][INFO] show_table: data info read: type: 3, size: 9984
[15:26:48][INFO] Show table: 93, 0
[15:26:48][INFO] get_table: addrTable = 93
[15:26:48][INFO] get_data_info: type = 2, size = 80
[15:26:48][INFO] get_table: success! firstAddress = -1
[15:26:48][INFO] show_table: begin show table 0
[15:26:48][INFO] 
======================Affichage Tables======================

Tables :
Table 0 :
 CELL[0] : 189
   Data size : 9984
   Data type : 3
   Data : 156 map's items
 CELL[1] : EMPTY
 CELL[2] : EMPTY
 CELL[3] : EMPTY
 CELL[4] : EMPTY
 CELL[5] : EMPTY
 CELL[6] : EMPTY
 CELL[7] : EMPTY
 CELL[8] : EMPTY
 Next table : NO

Table de vides :
Table 0 :
 CELL[0] : EMPTY
 CELL[1] : EMPTY
 CELL[2] : EMPTY
 CELL[3] : EMPTY
 CELL[4] : EMPTY
 CELL[5] : EMPTY
 CELL[6] : EMPTY
 CELL[7] : EMPTY
 CELL[8] : EMPTY
 Next table : NO

======================Affichage Tables======================
[15:26:48][INFO] get_level: start
[15:26:48][INFO] get_level: file opened: level.lvl
[15:26:48][INFO] get_table: addrTable = 13
[15:26:48][INFO] get_table: success! firstAddress = 189
[15:26:48][INFO] get_data_info: type = 3, size = 9984
[15:26:48][INFO] get_level: table entry read: type: 3, addr: 189
[15:26:48][INFO] Get data: cursor set at 189
[15:26:48][INFO] get_data: data info read: type: 3, size: 9984
[15:26:48][INFO] get_data: Success! data : 60953B40
[15:26:48][INFO] get_level: data read: 60953B40
[15:26:48][INFO] Convert bytes to level: 9984 bytes.
[15:26:48][INFO] Convert bytes to level: Success! 156 items.
[15:26:48][INFO] get_level: Level load success : 156 items loaded!
[15:26:48][INFO] Main | First level found and loaded.
[15:26:48][INFO] Main | First level : 156 items loaded
[15:26:49][INFO] Main | Ncurses windows deleted, now loading file...
[15:26:49][INFO] File loaded: level.lvl, 4
[15:26:49][INFO] Main | Saving level 1...
[15:26:49][INFO] get_table: addrTable = 13
[15:26:49][INFO] get_table: success! firstAddress = 189
[15:26:49][INFO] get_data_info: type = 3, size = 9984
[15:26:49][INFO] save_level: table entry found: type: 3, addr: 189
[15:26:49][INFO] Convert level to bytes: 156 items.
[15:26:49][INFO] Convert level to bytes: Success! 9984 bytes.
[15:26:49][INFO] save_level: level converted to bytes: 60967CE0
[15:26:49][INFO] get_table: addrTable = 13
[15:26:49][INFO] get_table: success! firstAddress = 189
[15:26:49][INFO] get_data_info: type = 3, size = 9984
[15:26:49][INFO] transform_to_empty: erase data at 189
[15:26:49][INFO] get_table: addrTable = 93
[15:26:49][INFO] get_data_info: type = 2, size = 80
[15:26:49][INFO] get_table: success! firstAddress = -1
[15:26:49][INFO] find_av_tableEntry: table[0] = -1
[15:26:49][INFO] transform_to_empty: find space on empty table at 93
[15:26:49][INFO] get_table: addrTable = 93
[15:26:49][INFO] get_data_info: type = 2, size = 80
[15:26:49][INFO] get_table: success! firstAddress = -1
[15:26:49][INFO] transform_to_empty: get the empty table at 93
[15:26:49][INFO] write_table: not first table (addr = 93)
[15:26:49][INFO] write_table: success!
[15:26:49][INFO] write_data_info: success! type = 1, size = 9984
[15:26:49][INFO] write_table: first table (addr = 13)
[15:26:49][INFO] write_table: success!
[15:26:49][INFO] transform_to_empty: success
[15:26:49][INFO] Add data: 60967CE0, 9984, 3
[15:26:49][INFO] get_table: addrTable = 13
[15:26:49][INFO] get_table: success! firstAddress = -1
[15:26:49][INFO] find_av_tableEntry: table[0] = -1
[15:26:49][INFO] Table entry found: -1, 13, 0, 0
[15:26:49][INFO] get_table: addrTable = 13
[15:26:49][INFO] get_table: success! firstAddress = -1
[15:26:49][INFO] get_table: addrTable = 93
[15:26:49][INFO] get_data_info: type = 2, size = 80
[15:26:49][INFO] get_table: success! firstAddress = 189
[15:26:49][INFO] get_empty: checking table at addr = 93
[15:26:49][INFO] get_empty: cellule 0 direct to 189
[15:26:49][INFO] get_data_info: type = 1, size = 9984
[15:26:49][INFO] get_empty: empty found at 189
[15:26:49][INFO] get_empty: size enoughly big, size: 9984
[15:26:49][INFO] Empty data found: addr: 189, size : 9984
[15:26:49][INFO] update_empty: addrEmpty = 189, sizeNeeded = 9984
[15:26:49][INFO] get_table: addrTable = 93
[15:26:49][INFO] get_data_info: type = 2, size = 80
[15:26:49][INFO] get_table: success! firstAddress = 189
[15:26:49][INFO] write_table: not first table (addr = 93)
[15:26:49][INFO] write_table: success!
[15:26:49][INFO] update_empty: success!
[15:26:49][INFO] write_table: first table (addr = 13)
[15:26:49][INFO] write_table: success!
[15:26:49][INFO] Data added: 60967CE0, 4
[15:26:49][INFO] Main | Level 1 saved
[15:26:49][INFO] Show table: 13, 0
[15:26:49][INFO] get_table: addrTable = 13
[15:26:49][INFO] get_table: success! firstAddress = 189
[15:26:49][INFO] show_table: begin show table 0
[15:26:49][INFO] show_table: cell 0 is not empty
[15:26:49][INFO] Get data: cursor set at 189
[15:26:49][INFO] get_data: data info read: type: 3, size: 9984
[15:26:49][INFO] get_data: Success! data : 60967CE0
[15:26:49][INFO] show_table: data info read: type: 3, size: 9984
[15:26:49][INFO] Show table: 93, 0
[15:26:49][INFO] get_table: addrTable = 93
[15:26:49][INFO] get_data_info: type = 2, size = 80
[15:26:49][INFO] get_table: success! firstAddress = -1
[15:26:49][INFO] show_table: begin show table 0
[15:26:49][INFO] 
======================Affichage Tables======================

°ccíÌTables :
Table 0 :
 CELL[0] : 189
   Data size : 9984
   Data type : 3
   Data : 156 map's items
 CELL[1] : EMPTY
 CELL[2] : EMPTY
 CELL[3] : EMPTY
 CELL[4] : EMPTY
 CELL[5] : EMPTY
 CELL[6] : EMPTY
 CELL[7] : EMPTY
 CELL[8] : EMPTY
 Next table : NO

Table de vides :
Table 0 :
 CELL[0] : EMPTY
 CELL[1] : EMPTY
 CELL[2] : EMPTY
 CELL[3] : EMPTY
 CELL[4] : EMPTY
 CELL[5] : EMPTY
 CELL[6] : EMPTY
 CELL[7] : EMPTY
 CELL[8] : EMPTY
 Next table : NO

======================Affichage Tables======================
[15:26:49][INFO] End of the session of the game.
