[18:07:09][INFO] Main | Loading first level from file...
[18:07:09][DEBUG] File loaded: level.lvl, 4
[18:07:09][INFO] Main | File loaded
[18:07:09][DEBUG] Show_table | reading file : level.lvl
[18:07:09][DEBUG] get_table | addrTable = 13
[18:07:09][DEBUG] get_table | retour : firstAddress = 189, nextTable = 90189
[18:07:09][DEBUG] Get_data | Set cursor at addr = 189
[18:07:09][DEBUG] get_data_info | addr = 189
[18:07:09][INFO] get_data_info | retour : type = 3, size = 9984
[18:07:09][DEBUG] Get_data | dataInfo : type = 3, size = 9984
[18:07:09][DEBUG] Get_data | Success! data : 2C1D1430
[18:07:09][DEBUG] Get_data | Set cursor at addr = 10189
[18:07:09][DEBUG] get_data_info | addr = 10189
[18:07:09][INFO] get_data_info | retour : type = 3, size = 9984
[18:07:09][DEBUG] Get_data | dataInfo : type = 3, size = 9984
[18:07:09][DEBUG] Get_data | Success! data : 2C1D3B40
[18:07:09][DEBUG] Get_data | Set cursor at addr = 20189
[18:07:09][DEBUG] get_data_info | addr = 20189
[18:07:09][INFO] get_data_info | retour : type = 3, size = 9984
[18:07:09][DEBUG] Get_data | dataInfo : type = 3, size = 9984
[18:07:09][DEBUG] Get_data | Success! data : 2C1D6250
[18:07:09][DEBUG] Get_data | Set cursor at addr = 30189
[18:07:09][DEBUG] get_data_info | addr = 30189
[18:07:09][INFO] get_data_info | retour : type = 3, size = 9984
[18:07:09][DEBUG] Get_data | dataInfo : type = 3, size = 9984
[18:07:09][DEBUG] Get_data | Success! data : 2C1D8960
[18:07:09][DEBUG] Get_data | Set cursor at addr = 40189
[18:07:09][DEBUG] get_data_info | addr = 40189
[18:07:09][INFO] get_data_info | retour : type = 3, size = 9984
[18:07:09][DEBUG] Get_data | dataInfo : type = 3, size = 9984
[18:07:09][DEBUG] Get_data | Success! data : 2C1DB070
[18:07:09][DEBUG] Get_data | Set cursor at addr = 50189
[18:07:09][DEBUG] get_data_info | addr = 50189
[18:07:09][INFO] get_data_info | retour : type = 3, size = 9984
[18:07:09][DEBUG] Get_data | dataInfo : type = 3, size = 9984
[18:07:09][DEBUG] Get_data | Success! data : 2C1DD780
[18:07:09][DEBUG] Get_data | Set cursor at addr = 60189
[18:07:09][DEBUG] get_data_info | addr = 60189
[18:07:09][INFO] get_data_info | retour : type = 3, size = 9984
[18:07:09][DEBUG] Get_data | dataInfo : type = 3, size = 9984
[18:07:09][DEBUG] Get_data | Success! data : 2C1DFE90
[18:07:09][DEBUG] Get_data | Set cursor at addr = 70189
[18:07:09][DEBUG] get_data_info | addr = 70189
[18:07:09][INFO] get_data_info | retour : type = 3, size = 9984
[18:07:09][DEBUG] Get_data | dataInfo : type = 3, size = 9984
[18:07:09][DEBUG] Get_data | Success! data : 2C1E25A0
[18:07:09][DEBUG] Get_data | Set cursor at addr = 80189
[18:07:09][DEBUG] get_data_info | addr = 80189
[18:07:09][INFO] get_data_info | retour : type = 3, size = 9984
[18:07:09][DEBUG] Get_data | dataInfo : type = 3, size = 9984
[18:07:09][DEBUG] Get_data | Success! data : 2C1E4CB0
[18:07:09][DEBUG] get_table | addrTable = 90189
[18:07:09][DEBUG] get_data_info | addr = 90189
[18:07:09][INFO] get_data_info | retour : type = 2, size = 80
[18:07:09][DEBUG] get_table | retour : firstAddress = 90285, nextTable = -1
[18:07:09][DEBUG] Get_data | Set cursor at addr = 90285
[18:07:09][DEBUG] get_data_info | addr = 90285
[18:07:09][INFO] get_data_info | retour : type = 3, size = 9984
[18:07:09][DEBUG] Get_data | dataInfo : type = 3, size = 9984
[18:07:09][DEBUG] Get_data | Success! data : 2C1E73C0
[18:07:09][DEBUG] Get_data | Set cursor at addr = 100285
[18:07:09][DEBUG] get_data_info | addr = 100285
[18:07:09][INFO] get_data_info | retour : type = 3, size = 9984
[18:07:09][DEBUG] Get_data | dataInfo : type = 3, size = 9984
[18:07:09][DEBUG] Get_data | Success! data : 2C1E9AD0
[18:07:09][DEBUG] Get_data | Set cursor at addr = 110285
[18:07:09][DEBUG] get_data_info | addr = 110285
[18:07:09][INFO] get_data_info | retour : type = 3, size = 9984
[18:07:09][DEBUG] Get_data | dataInfo : type = 3, size = 9984
[18:07:09][DEBUG] Get_data | Success! data : 2C1EC1E0
[18:07:09][DEBUG] Get_data | Set cursor at addr = 120285
[18:07:09][DEBUG] get_data_info | addr = 120285
[18:07:09][INFO] get_data_info | retour : type = 3, size = 9984
[18:07:09][DEBUG] Get_data | dataInfo : type = 3, size = 9984
[18:07:09][DEBUG] Get_data | Success! data : 2C1EE8F0
[18:07:09][DEBUG] Show_table | Table vides
[18:07:09][DEBUG] get_table | addrTable = 93
[18:07:09][DEBUG] get_data_info | addr = 93
[18:07:09][INFO] get_data_info | retour : type = 2, size = 80
[18:07:09][DEBUG] get_table | retour : firstAddress = -1, nextTable = -1
[18:07:09][DEBUG] Show_table | Success
[18:07:09][INFO] 
======================Affichage Tables======================

Tables :
Table 0 :
 CELL[0] : 189
   Data size : 9984
   Data type : 3
   Data : 156 map's items
 CELL[1] : 10189
   Data size : 9984
   Data type : 3
   Data : 156 map's items
 CELL[2] : 20189
   Data size : 9984
   Data type : 3
   Data : 156 map's items
 CELL[3] : 30189
   Data size : 9984
   Data type : 3
   Data : 156 map's items
 CELL[4] : 40189
   Data size : 9984
   Data type : 3
   Data : 156 map's items
 CELL[5] : 50189
   Data size : 9984
   Data type : 3
   Data : 156 map's items
 CELL[6] : 60189
   Data size : 9984
   Data type : 3
   Data : 156 map's items
 CELL[7] : 70189
   Data size : 9984
   Data type : 3
   Data : 156 map's items
 CELL[8] : 80189
   Data size : 9984
   Data type : 3
   Data : 156 map's items
 Next table : YES

Table 1 :
 CELL[0] : 90285
   Data size : 9984
   Data type : 3
   Data : 156 map's items
 CELL[1] : 100285
   Data size : 9984
   Data type : 3
   Data : 156 map's items
 CELL[2] : 110285
   Data size : 9984
   Data type : 3
   Data : 156 map's items
 CELL[3] : 120285
   Data size : 9984
   Data type : 3
   Data : 156 map's items
 CELL[4] : EMPTY
 CELL[5] : EMPTY
 CELL[6] : EMPTY
 CELL[7] : EMPTY
 CELL[8] : EMPTY
 Next table : NO

Table de vides :
Table 0 :
 CELL[0] : EMPTY
 CELL[1] : EMPTY
 CELL[2] : EMPTY
 CELL[3] : EMPTY
 CELL[4] : EMPTY
 CELL[5] : EMPTY
 CELL[6] : EMPTY
 CELL[7] : EMPTY
 CELL[8] : EMPTY
 Next table : NO

======================Affichage Tables======================
[18:07:09][DEBUG] Get_level | level : 0
[18:07:09][DEBUG] Get_level | File opened: level.lvl
[18:07:09][DEBUG] find_tableEntryOfIdx | globalIndexEntry = 0, addrTable = 13, numTable = 0
[18:07:09][DEBUG] get_table | addrTable = 13
[18:07:09][DEBUG] get_table | retour : firstAddress = 189, nextTable = 90189
[18:07:09][DEBUG] find_tableEntryOfIdx | entry find ! localIndex = 0
[18:07:09][DEBUG] get_data_info | addr = 189
[18:07:09][INFO] get_data_info | retour : type = 3, size = 9984
[18:07:09][DEBUG] find_tableEntryOfIdx | return the cell info, addr_cell = 189, addr_table = 13, idx_table = 0, type_data = 3
[18:07:09][DEBUG] Get_level | Table entry found : type = 3, addrCell = 189, addrTable = 13, idx = 0
[18:07:09][DEBUG] Get_data | Set cursor at addr = 189
[18:07:09][DEBUG] get_data_info | addr = 189
[18:07:09][INFO] get_data_info | retour : type = 3, size = 9984
[18:07:09][DEBUG] Get_data | dataInfo : type = 3, size = 9984
[18:07:09][DEBUG] Get_data | Success! data : 2C1F1000
[18:07:09][DEBUG] Get_level | dataInfo.type = 3, dataInfo.size = 9984
[18:07:09][DEBUG] Get_level | data = 2C1F1000
[18:07:09][INFO] Level Converter | Convert bytes to level: 9984 bytes.
[18:07:09][INFO] Level Converter | Convert bytes to level: Success! 156 items.
[18:07:09][DEBUG] Get_level | level : 0, success! 156 items loaded!
[18:07:09][INFO] Main | First level found and loaded.
[18:07:09][INFO] Main | First level : 156 items loaded
[18:07:09][DEBUG] Show_table | reading file : level.lvl
[18:07:09][DEBUG] get_table | addrTable = 13
[18:07:09][DEBUG] get_table | retour : firstAddress = 189, nextTable = 90189
[18:07:09][DEBUG] Get_data | Set cursor at addr = 189
[18:07:09][DEBUG] get_data_info | addr = 189
[18:07:09][INFO] get_data_info | retour : type = 3, size = 9984
[18:07:09][DEBUG] Get_data | dataInfo : type = 3, size = 9984
[18:07:09][DEBUG] Get_data | Success! data : 2C205A20
[18:07:09][DEBUG] Get_data | Set cursor at addr = 10189
[18:07:09][DEBUG] get_data_info | addr = 10189
[18:07:09][INFO] get_data_info | retour : type = 3, size = 9984
[18:07:09][DEBUG] Get_data | dataInfo : type = 3, size = 9984
[18:07:09][DEBUG] Get_data | Success! data : 2C208130
[18:07:09][DEBUG] Get_data | Set cursor at addr = 20189
[18:07:09][DEBUG] get_data_info | addr = 20189
[18:07:09][INFO] get_data_info | retour : type = 3, size = 9984
[18:07:09][DEBUG] Get_data | dataInfo : type = 3, size = 9984
[18:07:09][DEBUG] Get_data | Success! data : 2C20A840
[18:07:09][DEBUG] Get_data | Set cursor at addr = 30189
[18:07:09][DEBUG] get_data_info | addr = 30189
[18:07:09][INFO] get_data_info | retour : type = 3, size = 9984
[18:07:09][DEBUG] Get_data | dataInfo : type = 3, size = 9984
[18:07:09][DEBUG] Get_data | Success! data : 2C20CF50
[18:07:09][DEBUG] Get_data | Set cursor at addr = 40189
[18:07:09][DEBUG] get_data_info | addr = 40189
[18:07:09][INFO] get_data_info | retour : type = 3, size = 9984
[18:07:09][DEBUG] Get_data | dataInfo : type = 3, size = 9984
[18:07:09][DEBUG] Get_data | Success! data : 2C20F660
[18:07:09][DEBUG] Get_data | Set cursor at addr = 50189
[18:07:09][DEBUG] get_data_info | addr = 50189
[18:07:09][INFO] get_data_info | retour : type = 3, size = 9984
[18:07:09][DEBUG] Get_data | dataInfo : type = 3, size = 9984
[18:07:09][DEBUG] Get_data | Success! data : 2C211D70
[18:07:09][DEBUG] Get_data | Set cursor at addr = 60189
[18:07:09][DEBUG] get_data_info | addr = 60189
[18:07:09][INFO] get_data_info | retour : type = 3, size = 9984
[18:07:09][DEBUG] Get_data | dataInfo : type = 3, size = 9984
[18:07:09][DEBUG] Get_data | Success! data : 2C214480
[18:07:09][DEBUG] Get_data | Set cursor at addr = 70189
[18:07:09][DEBUG] get_data_info | addr = 70189
[18:07:09][INFO] get_data_info | retour : type = 3, size = 9984
[18:07:09][DEBUG] Get_data | dataInfo : type = 3, size = 9984
[18:07:09][DEBUG] Get_data | Success! data : 2C216B90
[18:07:09][DEBUG] Get_data | Set cursor at addr = 80189
[18:07:09][DEBUG] get_data_info | addr = 80189
[18:07:09][INFO] get_data_info | retour : type = 3, size = 9984
[18:07:09][DEBUG] Get_data | dataInfo : type = 3, size = 9984
[18:07:09][DEBUG] Get_data | Success! data : 2C2192A0
[18:07:09][DEBUG] get_table | addrTable = 90189
[18:07:09][DEBUG] get_data_info | addr = 90189
[18:07:09][INFO] get_data_info | retour : type = 2, size = 80
[18:07:09][DEBUG] get_table | retour : firstAddress = 90285, nextTable = -1
[18:07:09][DEBUG] Get_data | Set cursor at addr = 90285
[18:07:09][DEBUG] get_data_info | addr = 90285
[18:07:09][INFO] get_data_info | retour : type = 3, size = 9984
[18:07:09][DEBUG] Get_data | dataInfo : type = 3, size = 9984
[18:07:09][DEBUG] Get_data | Success! data : 2C21BA10
[18:07:09][DEBUG] Get_data | Set cursor at addr = 100285
[18:07:09][DEBUG] get_data_info | addr = 100285
[18:07:09][INFO] get_data_info | retour : type = 3, size = 9984
[18:07:09][DEBUG] Get_data | dataInfo : type = 3, size = 9984
[18:07:09][DEBUG] Get_data | Success! data : 2C21E1C0
[18:07:09][DEBUG] Get_data | Set cursor at addr = 110285
[18:07:09][DEBUG] get_data_info | addr = 110285
[18:07:09][INFO] get_data_info | retour : type = 3, size = 9984
[18:07:09][DEBUG] Get_data | dataInfo : type = 3, size = 9984
[18:07:09][DEBUG] Get_data | Success! data : 2C220970
[18:07:09][DEBUG] Get_data | Set cursor at addr = 120285
[18:07:09][DEBUG] get_data_info | addr = 120285
[18:07:09][INFO] get_data_info | retour : type = 3, size = 9984
[18:07:09][DEBUG] Get_data | dataInfo : type = 3, size = 9984
[18:07:09][DEBUG] Get_data | Success! data : 2C223120
[18:07:09][DEBUG] Show_table | Table vides
[18:07:09][DEBUG] get_table | addrTable = 93
[18:07:09][DEBUG] get_data_info | addr = 93
[18:07:09][INFO] get_data_info | retour : type = 2, size = 80
[18:07:09][DEBUG] get_table | retour : firstAddress = -1, nextTable = -1
[18:07:09][DEBUG] Show_table | Success
[18:07:09][INFO] 
======================Affichage Tables======================

∞CGB\Tables :
Table 0 :
 CELL[0] : 189
   Data size : 9984
   Data type : 3
   Data : 156 map's items
 CELL[1] : 10189
   Data size : 9984
   Data type : 3
   Data : 156 map's items
 CELL[2] : 20189
   Data size : 9984
   Data type : 3
   Data : 156 map's items
 CELL[3] : 30189
   Data size : 9984
   Data type : 3
   Data : 156 map's items
 CELL[4] : 40189
   Data size : 9984
   Data type : 3
   Data : 156 map's items
 CELL[5] : 50189
   Data size : 9984
   Data type : 3
   Data : 156 map's items
 CELL[6] : 60189
   Data size : 9984
   Data type : 3
   Data : 156 map's items
 CELL[7] : 70189
   Data size : 9984
   Data type : 3
   Data : 156 map's items
 CELL[8] : 80189
   Data size : 9984
   Data type : 3
   Data : 156 map's items
 Next table : YES

Table 1 :
 CELL[0] : 90285
   Data size : 9984
   Data type : 3
   Data : 156 map's items
 CELL[1] : 100285
   Data size : 9984
   Data type : 3
   Data : 156 map's items
 CELL[2] : 110285
   Data size : 9984
   Data type : 3
   Data : 156 map's items
 CELL[3] : 120285
   Data size : 9984
   Data type : 3
   Data : 156 map's items
 CELL[4] : EMPTY
 CELL[5] : EMPTY
 CELL[6] : EMPTY
 CELL[7] : EMPTY
 CELL[8] : EMPTY
 Next table : NO

Table de vides :
Table 0 :
 CELL[0] : EMPTY
 CELL[1] : EMPTY
 CELL[2] : EMPTY
 CELL[3] : EMPTY
 CELL[4] : EMPTY
 CELL[5] : EMPTY
 CELL[6] : EMPTY
 CELL[7] : EMPTY
 CELL[8] : EMPTY
 Next table : NO

======================Affichage Tables======================
[18:07:09][DEBUG] free_file | file = level.lvl
[18:07:10][INFO] Main | Ncurses windows deleted, now loading file...
[18:07:10][DEBUG] File loaded: level.lvl, 4
[18:07:10][INFO] Main | Saving level 1...
[18:07:10][DEBUG] Save_level | level : 1
[18:07:10][DEBUG] find_tableEntryOfIdx | globalIndexEntry = 1, addrTable = 13, numTable = 0
[18:07:10][DEBUG] get_table | addrTable = 13
[18:07:10][DEBUG] get_table | retour : firstAddress = 189, nextTable = 90189
[18:07:10][DEBUG] find_tableEntryOfIdx | entry find ! localIndex = 1
[18:07:10][DEBUG] get_data_info | addr = 10189
[18:07:10][INFO] get_data_info | retour : type = 3, size = 9984
[18:07:10][DEBUG] find_tableEntryOfIdx | return the cell info, addr_cell = 10189, addr_table = 13, idx_table = 1, type_data = 3
[18:07:10][DEBUG] Save_level | Table entry found : type = 3, addrCell = 10189, addrTable = 13, idx = 1
[18:07:10][INFO] Level Converter | Convert level to bytes: 156 items.
[18:07:10][INFO] Level Converter | Convert level to bytes: Success! 9984 bytes.
[18:07:10][DEBUG] Save_level | Success level converted to bytes: 2C225950, size = 9984 bytes
[18:07:10][DEBUG] Save_level | Level 1 found, update level..
[18:07:10][DEBUG] Remove_level | level : 1
[18:07:10][DEBUG] transform_to_empty | globalIndexEntry = 1, addrTable = 13, numTable = 0
[18:07:10][DEBUG] get_table | addrTable = 13
[18:07:10][DEBUG] get_table | retour : firstAddress = 189, nextTable = 90189
[18:07:10][DEBUG] transform_to_empty | entry find ! localIndex = 1
[18:07:10][DEBUG] get_data_info | addr = 10189
[18:07:10][INFO] get_data_info | retour : type = 3, size = 9984
[18:07:10][DEBUG] transform_to_empty | Update the data_info
[18:07:10][DEBUG] transform_to_empty | Rewrite DataInfo and Erase data from 10189 to 20189
[18:07:10][DEBUG] find_av_tableEntry | addrTable = 93
[18:07:10][DEBUG] get_table | addrTable = 93
[18:07:10][DEBUG] get_data_info | addr = 93
[18:07:10][INFO] get_data_info | retour : type = 2, size = 80
[18:07:10][DEBUG] get_table | retour : firstAddress = -1, nextTable = -1
[18:07:10][DEBUG] find_av_tableEntry | entry not used found at index = 0 of table = 93
[18:07:10][DEBUG] transform_to_empty: Find space on empty table addr = 93 on index 0
[18:07:10][DEBUG] get_table | addrTable = 93
[18:07:10][DEBUG] get_data_info | addr = 93
[18:07:10][INFO] get_data_info | retour : type = 2, size = 80
[18:07:10][DEBUG] get_table | retour : firstAddress = -1, nextTable = -1
[18:07:10][DEBUG] write_table | addrTable = 93
[18:07:10][DEBUG] write_table | not first table
[18:07:10][DEBUG] write_table | retour : success!
[18:07:10][DEBUG] transform_to_empty: Register the empty space successfully
[18:07:10][DEBUG] transform_to_empty | Unregister the old data address
[18:07:10][DEBUG] write_table | addrTable = 13
[18:07:10][DEBUG] write_table | first table
[18:07:10][DEBUG] write_table | retour : success!
[18:07:10][DEBUG] transform_to_empty | End of transformation
[18:07:10][DEBUG] Remove_level | level : 1, success : 1
[18:07:10][DEBUG] add_data | data: 2C225950, size: 9984, data_type: 3
[18:07:10][DEBUG] find_av_tableEntry | addrTable = 13
[18:07:10][DEBUG] get_table | addrTable = 13
[18:07:10][DEBUG] get_table | retour : firstAddress = 189, nextTable = 90189
[18:07:10][DEBUG] find_av_tableEntry | entry not used found at index = 1 of table = 13
[18:07:10][DEBUG] add_data | tableEntry : addr_table = 13, idx_table = 1, type_data = 0, addr_cell = -1
[18:07:10][DEBUG] get_table | addrTable = 13
[18:07:10][DEBUG] get_table | retour : firstAddress = 189, nextTable = 90189
[18:07:10][DEBUG] get_empty | sizeNeeded = 9984, addrTable = 93
[18:07:10][DEBUG] get_table | addrTable = 93
[18:07:10][DEBUG] get_data_info | addr = 93
[18:07:10][INFO] get_data_info | retour : type = 2, size = 80
[18:07:10][DEBUG] get_table | retour : firstAddress = 10189, nextTable = -1
[18:07:10][DEBUG] get_empty | Check table for an empty space...
[18:07:10][DEBUG] get_empty | Empty found at index = 0 pointing to addr = 10189
[18:07:10][DEBUG] get_data_info | addr = 10189
[18:07:10][INFO] get_data_info | retour : type = 1, size = 9984
[18:07:10][DEBUG] get_empty | This empty had a size of 9984
[18:07:10][DEBUG] get_empty | Espace vide suffisament grand trouv√©!
[18:07:10][DEBUG] add_data | Empty space found, addr: 10189, size : 9984
[18:07:10][DEBUG] update_empty | addrEmpty = 10189, sizeNeeded = 9984
[18:07:10][DEBUG] get_table | addrTable = 93
[18:07:10][DEBUG] get_data_info | addr = 93
[18:07:10][INFO] get_data_info | retour : type = 2, size = 80
[18:07:10][DEBUG] get_table | retour : firstAddress = 10189, nextTable = -1
[18:07:10][DEBUG] write_data_info | addr = 20189
[18:07:10][INFO] write_data_info | retour : type = 1, size = -16
[18:07:10][DEBUG] update_empty | addrEmpty updated in table sizeLeft = -16, addrOfNewEmpty = 20189
[18:07:10][DEBUG] write_table | addrTable = 93
[18:07:10][DEBUG] write_table | not first table
[18:07:10][DEBUG] write_table | retour : success!
[18:07:10][DEBUG] update_empty | retour : success!
[18:07:10][DEBUG] write_data_info | addr = 10189
[18:07:10][INFO] write_data_info | retour : type = 3, size = 9984
[18:07:10][DEBUG] write_table | addrTable = 13
[18:07:10][DEBUG] write_table | first table
[18:07:10][DEBUG] write_table | retour : success!
[18:07:10][DEBUG] add_data | Data added at addr = 10189, idx = 1, tableAddr = 13
[18:07:10][DEBUG] Save_level | Success level 1 updated
[18:07:10][INFO] Main | Level 1 saved
[18:07:10][DEBUG] Show_table | reading file : level.lvl
[18:07:10][DEBUG] get_table | addrTable = 13
[18:07:10][DEBUG] get_table | retour : firstAddress = 189, nextTable = 90189
[18:07:10][DEBUG] Get_data | Set cursor at addr = 189
[18:07:10][DEBUG] get_data_info | addr = 189
[18:07:10][INFO] get_data_info | retour : type = 3, size = 9984
[18:07:10][DEBUG] Get_data | dataInfo : type = 3, size = 9984
[18:07:10][DEBUG] Get_data | Success! data : 2C227960
[18:07:10][DEBUG] Get_data | Set cursor at addr = 10189
[18:07:10][DEBUG] get_data_info | addr = 10189
[18:07:10][INFO] get_data_info | retour : type = 3, size = 9984
[18:07:10][DEBUG] Get_data | dataInfo : type = 3, size = 9984
[18:07:10][DEBUG] Get_data | Success! data : 2C22A070
[18:07:10][DEBUG] Get_data | Set cursor at addr = 20189
[18:07:10][DEBUG] get_data_info | addr = 20189
[18:07:10][INFO] get_data_info | retour : type = 1, size = -16
[18:07:10][DEBUG] Get_data | dataInfo : type = 1, size = -16
[18:07:10][DEBUG] Get_data | ERROR read data : Bad address
[18:07:10][DEBUG] Get_data | Set cursor at addr = 30189
[18:07:10][DEBUG] get_data_info | addr = 30189
[18:07:10][INFO] get_data_info | retour : type = 3, size = 9984
[18:07:10][DEBUG] Get_data | dataInfo : type = 3, size = 9984
[18:07:10][DEBUG] Get_data | Success! data : 2C22DFA0
[18:07:10][DEBUG] Get_data | Set cursor at addr = 40189
[18:07:10][DEBUG] get_data_info | addr = 40189
[18:07:10][INFO] get_data_info | retour : type = 3, size = 9984
[18:07:10][DEBUG] Get_data | dataInfo : type = 3, size = 9984
[18:07:10][DEBUG] Get_data | Success! data : 2C2306B0
[18:07:10][DEBUG] Get_data | Set cursor at addr = 50189
[18:07:10][DEBUG] get_data_info | addr = 50189
[18:07:10][INFO] get_data_info | retour : type = 3, size = 9984
[18:07:10][DEBUG] Get_data | dataInfo : type = 3, size = 9984
[18:07:10][DEBUG] Get_data | Success! data : 2C232DC0
[18:07:10][DEBUG] Get_data | Set cursor at addr = 60189
[18:07:10][DEBUG] get_data_info | addr = 60189
[18:07:10][INFO] get_data_info | retour : type = 3, size = 9984
[18:07:10][DEBUG] Get_data | dataInfo : type = 3, size = 9984
[18:07:10][DEBUG] Get_data | Success! data : 2C2354D0
[18:07:10][DEBUG] Get_data | Set cursor at addr = 70189
[18:07:10][DEBUG] get_data_info | addr = 70189
[18:07:10][INFO] get_data_info | retour : type = 3, size = 9984
[18:07:10][DEBUG] Get_data | dataInfo : type = 3, size = 9984
[18:07:10][DEBUG] Get_data | Success! data : 2C237BE0
[18:07:10][DEBUG] Get_data | Set cursor at addr = 80189
[18:07:10][DEBUG] get_data_info | addr = 80189
[18:07:10][INFO] get_data_info | retour : type = 3, size = 9984
[18:07:10][DEBUG] Get_data | dataInfo : type = 3, size = 9984
[18:07:10][DEBUG] Get_data | Success! data : 2C23A2F0
[18:07:10][DEBUG] get_table | addrTable = 90189
[18:07:10][DEBUG] get_data_info | addr = 90189
[18:07:10][INFO] get_data_info | retour : type = 2, size = 80
[18:07:10][DEBUG] get_table | retour : firstAddress = 90285, nextTable = -1
[18:07:10][DEBUG] Get_data | Set cursor at addr = 90285
[18:07:10][DEBUG] get_data_info | addr = 90285
[18:07:10][INFO] get_data_info | retour : type = 3, size = 9984
[18:07:10][DEBUG] Get_data | dataInfo : type = 3, size = 9984
[18:07:10][DEBUG] Get_data | Success! data : 2C23CA00
[18:07:10][DEBUG] Get_data | Set cursor at addr = 100285
[18:07:10][DEBUG] get_data_info | addr = 100285
[18:07:10][INFO] get_data_info | retour : type = 3, size = 9984
[18:07:10][DEBUG] Get_data | dataInfo : type = 3, size = 9984
[18:07:10][DEBUG] Get_data | Success! data : 2C23F110
[18:07:10][DEBUG] Get_data | Set cursor at addr = 110285
[18:07:10][DEBUG] get_data_info | addr = 110285
[18:07:10][INFO] get_data_info | retour : type = 3, size = 9984
[18:07:10][DEBUG] Get_data | dataInfo : type = 3, size = 9984
[18:07:10][DEBUG] Get_data | Success! data : 2C241820
[18:07:10][DEBUG] Get_data | Set cursor at addr = 120285
[18:07:10][DEBUG] get_data_info | addr = 120285
[18:07:10][INFO] get_data_info | retour : type = 3, size = 9984
[18:07:10][DEBUG] Get_data | dataInfo : type = 3, size = 9984
[18:07:10][DEBUG] Get_data | Success! data : 2C243F30
[18:07:10][DEBUG] Show_table | Table vides
[18:07:10][DEBUG] get_table | addrTable = 93
[18:07:10][DEBUG] get_data_info | addr = 93
[18:07:10][INFO] get_data_info | retour : type = 2, size = 80
[18:07:10][DEBUG] get_table | retour : firstAddress = 20189, nextTable = -1
[18:07:10][DEBUG] Get_data | Set cursor at addr = 20189
[18:07:10][DEBUG] get_data_info | addr = 20189
[18:07:10][INFO] get_data_info | retour : type = 1, size = -16
[18:07:10][DEBUG] Get_data | dataInfo : type = 1, size = -16
[18:07:10][DEBUG] Get_data | ERROR read data : Bad address
[18:07:10][DEBUG] Show_table | Success
[18:07:10][INFO] 
======================Affichage Tables======================

Tables :
Table 0 :
 CELL[0] : 189
   Data size : 9984
   Data type : 3
   Data : 156 map's items
 CELL[1] : 10189
   Data size : 9984
   Data type : 3
   Data : 156 map's items
 CELL[2] : 20189
   Data : ERROR
 CELL[3] : 30189
   Data size : 9984
   Data type : 3
   Data : 156 map's items
 CELL[4] : 40189
   Data size : 9984
   Data type : 3
   Data : 156 map's items
 CELL[5] : 50189
   Data size : 9984
   Data type : 3
   Data : 156 map's items
 CELL[6] : 60189
   Data size : 9984
   Data type : 3
   Data : 156 map's items
 CELL[7] : 70189
   Data size : 9984
   Data type : 3
   Data : 156 map's items
 CELL[8] : 80189
   Data size : 9984
   Data type : 3
   Data : 156 map's items
 Next table : YES

Table 1 :
 CELL[0] : 90285
   Data size : 9984
   Data type : 3
   Data : 156 map's items
 CELL[1] : 100285
   Data size : 9984
   Data type : 3
   Data : 156 map's items
 CELL[2] : 110285
   Data size : 9984
   Data type : 3
   Data : 156 map's items
 CELL[3] : 120285
   Data size : 9984
   Data type : 3
   Data : 156 map's items
 CELL[4] : EMPTY
 CELL[5] : EMPTY
 CELL[6] : EMPTY
 CELL[7] : EMPTY
 CELL[8] : EMPTY
 Next table : NO

Table de vides :
Table 0 :
 CELL[0] : 20189
   Data : ERROR
 CELL[1] : EMPTY
 CELL[2] : EMPTY
 CELL[3] : EMPTY
 CELL[4] : EMPTY
 CELL[5] : EMPTY
 CELL[6] : EMPTY
 CELL[7] : EMPTY
 CELL[8] : EMPTY
 Next table : NO

======================Affichage Tables======================
[18:07:10][DEBUG] free_file | file = level.lvl
[18:07:10][INFO] End of the session of the game.
