[15:15:29][INFO] Main | Loading first level from file...
[15:15:29][DEBUG] File loaded: level.lvl, 4
[15:15:29][INFO] Main | File loaded
[15:15:29][DEBUG] Show_table | reading file : level.lvl
[15:15:29][DEBUG] get_table | addrTable = 13
[15:15:29][DEBUG] get_table | retour : firstAddress = 189, nextTable = -1
[15:15:29][DEBUG] Get_data | Set cursor at addr = 189
[15:15:29][DEBUG] get_data_info | addr = 189
[15:15:29][INFO] get_data_info | retour : type = 3, size = 9984
[15:15:29][DEBUG] Get_data | dataInfo : type = 3, size = 9984
[15:15:29][DEBUG] Get_data | Success! data : 33E9C430
[15:15:29][DEBUG] Get_data | Set cursor at addr = 20189
[15:15:29][DEBUG] get_data_info | addr = 20189
[15:15:29][INFO] get_data_info | retour : type = 3, size = 9984
[15:15:29][DEBUG] Get_data | dataInfo : type = 3, size = 9984
[15:15:29][DEBUG] Get_data | Success! data : 33E9EB40
[15:15:29][DEBUG] Get_data | Set cursor at addr = 20189
[15:15:29][DEBUG] get_data_info | addr = 20189
[15:15:29][INFO] get_data_info | retour : type = 3, size = 9984
[15:15:29][DEBUG] Get_data | dataInfo : type = 3, size = 9984
[15:15:29][DEBUG] Get_data | Success! data : 33EA1250
[15:15:29][DEBUG] Show_table | Table vides
[15:15:29][DEBUG] get_table | addrTable = 93
[15:15:29][DEBUG] get_data_info | addr = 93
[15:15:29][INFO] get_data_info | retour : type = 2, size = 80
[15:15:29][DEBUG] get_table | retour : firstAddress = 30189, nextTable = -1
[15:15:29][DEBUG] Get_data | Set cursor at addr = 30189
[15:15:29][DEBUG] get_data_info | addr = 30189
[15:15:29][INFO] get_data_info | retour : type = 1, size = -10016
[15:15:29][DEBUG] Get_data | dataInfo : type = 1, size = -10016
[15:15:29][DEBUG] Get_data | ERROR read data : Bad address
[15:15:29][DEBUG] Get_data | Set cursor at addr = 10189
[15:15:29][DEBUG] get_data_info | addr = 10189
[15:15:29][INFO] get_data_info | retour : type = 1, size = 9984
[15:15:29][DEBUG] Get_data | dataInfo : type = 1, size = 9984
[15:15:29][DEBUG] Get_data | Success! data : 33EA5180
[15:15:29][DEBUG] Show_table | Success
[15:15:29][INFO] 
======================Affichage Tables======================

Tables :
Table 0 :
 CELL[0] : 189
   Data size : 9984
   Data type : 3
   Data : 156 map's items
 CELL[1] : 20189
   Data size : 9984
   Data type : 3
   Data : 156 map's items
 CELL[2] : 20189
   Data size : 9984
   Data type : 3
   Data : 156 map's items
 CELL[3] : EMPTY
 CELL[4] : EMPTY
 CELL[5] : EMPTY
 CELL[6] : EMPTY
 CELL[7] : EMPTY
 CELL[8] : EMPTY
 Next table : NO

Table de vides :
Table 0 :
 CELL[0] : 30189
   Data : ERROR
 CELL[1] : 10189
   Data size : 9984
   Data type : 1
   Data : EMPTY
 CELL[2] : EMPTY
 CELL[3] : EMPTY
 CELL[4] : EMPTY
 CELL[5] : EMPTY
 CELL[6] : EMPTY
 CELL[7] : EMPTY
 CELL[8] : EMPTY
 Next table : NO

======================Affichage Tables======================
[15:15:29][DEBUG] Get_level | level : 0
[15:15:29][DEBUG] Get_level | File opened: level.lvl
[15:15:29][DEBUG] find_tableEntryOfIdx | globalIndexEntry = 0, addrTable = 13, numTable = 0
[15:15:29][DEBUG] get_table | addrTable = 13
[15:15:29][DEBUG] get_table | retour : firstAddress = 189, nextTable = -1
[15:15:29][DEBUG] find_tableEntryOfIdx | entry find ! localIndex = 0
[15:15:29][DEBUG] get_data_info | addr = 189
[15:15:29][INFO] get_data_info | retour : type = 3, size = 9984
[15:15:29][DEBUG] find_tableEntryOfIdx | return the cell info, addr_cell = 189, addr_table = 13, idx_table = 0, type_data = 3
[15:15:29][DEBUG] Get_level | Table entry found : type = 3, addrCell = 189, addrTable = 13, idx = 0
[15:15:29][DEBUG] Get_data | Set cursor at addr = 189
[15:15:29][DEBUG] get_data_info | addr = 189
[15:15:29][INFO] get_data_info | retour : type = 3, size = 9984
[15:15:29][DEBUG] Get_data | dataInfo : type = 3, size = 9984
[15:15:29][DEBUG] Get_data | Success! data : 33EA7890
[15:15:29][DEBUG] Get_level | dataInfo.type = 3, dataInfo.size = 9984
[15:15:29][DEBUG] Get_level | data = 33EA7890
[15:15:29][INFO] Level Converter | Convert bytes to level: 9984 bytes.
[15:15:29][INFO] Level Converter | Convert bytes to level: Success! 156 items.
[15:15:29][DEBUG] Get_level | level : 0, success! 156 items loaded!
[15:15:29][INFO] Main | First level found and loaded.
[15:15:29][INFO] Main | First level : 156 items loaded
[15:15:29][DEBUG] Show_table | reading file : level.lvl
[15:15:29][DEBUG] get_table | addrTable = 13
[15:15:29][DEBUG] get_table | retour : firstAddress = 189, nextTable = -1
[15:15:29][DEBUG] Get_data | Set cursor at addr = 189
[15:15:29][DEBUG] get_data_info | addr = 189
[15:15:29][INFO] get_data_info | retour : type = 3, size = 9984
[15:15:29][DEBUG] Get_data | dataInfo : type = 3, size = 9984
[15:15:29][DEBUG] Get_data | Success! data : 33EBC260
[15:15:29][DEBUG] Get_data | Set cursor at addr = 20189
[15:15:29][DEBUG] get_data_info | addr = 20189
[15:15:29][INFO] get_data_info | retour : type = 3, size = 9984
[15:15:29][DEBUG] Get_data | dataInfo : type = 3, size = 9984
[15:15:29][DEBUG] Get_data | Success! data : 33EBE970
[15:15:29][DEBUG] Get_data | Set cursor at addr = 20189
[15:15:29][DEBUG] get_data_info | addr = 20189
[15:15:29][INFO] get_data_info | retour : type = 3, size = 9984
[15:15:29][DEBUG] Get_data | dataInfo : type = 3, size = 9984
[15:15:29][DEBUG] Get_data | Success! data : 33EC1080
[15:15:29][DEBUG] Show_table | Table vides
[15:15:29][DEBUG] get_table | addrTable = 93
[15:15:29][DEBUG] get_data_info | addr = 93
[15:15:29][INFO] get_data_info | retour : type = 2, size = 80
[15:15:29][DEBUG] get_table | retour : firstAddress = 30189, nextTable = -1
[15:15:29][DEBUG] Get_data | Set cursor at addr = 30189
[15:15:29][DEBUG] get_data_info | addr = 30189
[15:15:29][INFO] get_data_info | retour : type = 1, size = -10016
[15:15:29][DEBUG] Get_data | dataInfo : type = 1, size = -10016
[15:15:29][DEBUG] Get_data | ERROR read data : Bad address
[15:15:29][DEBUG] Get_data | Set cursor at addr = 10189
[15:15:29][DEBUG] get_data_info | addr = 10189
[15:15:29][INFO] get_data_info | retour : type = 1, size = 9984
[15:15:29][DEBUG] Get_data | dataInfo : type = 1, size = 9984
[15:15:29][DEBUG] Get_data | Success! data : 33EC3790
[15:15:29][DEBUG] Show_table | Success
[15:15:29][INFO] 
======================Affichage Tables======================

∞Cå¿Tables :
Table 0 :
 CELL[0] : 189
   Data size : 9984
   Data type : 3
   Data : 156 map's items
 CELL[1] : 20189
   Data size : 9984
   Data type : 3
   Data : 156 map's items
 CELL[2] : 20189
   Data size : 9984
   Data type : 3
   Data : 156 map's items
 CELL[3] : EMPTY
 CELL[4] : EMPTY
 CELL[5] : EMPTY
 CELL[6] : EMPTY
 CELL[7] : EMPTY
 CELL[8] : EMPTY
 Next table : NO

Table de vides :
Table 0 :
 CELL[0] : 30189
   Data : ERROR
 CELL[1] : 10189
   Data size : 9984
   Data type : 1
   Data : EMPTY
 CELL[2] : EMPTY
 CELL[3] : EMPTY
 CELL[4] : EMPTY
 CELL[5] : EMPTY
 CELL[6] : EMPTY
 CELL[7] : EMPTY
 CELL[8] : EMPTY
 Next table : NO

======================Affichage Tables======================
[15:15:29][DEBUG] free_file | file = level.lvl
[15:15:51][INFO] Main | Ncurses windows deleted, now loading file...
[15:15:51][DEBUG] init_table | Initialisation √† ADDR_UNUSED des entr√©es de la table.
[15:15:51][DEBUG] Tag written: GAMEOFTABLES, size_tag : 13
[15:15:51][DEBUG] Cursor at : 109
[15:15:51][DEBUG] File created: level.lvl, 4
[15:15:51][DEBUG] load_file: file level.lvl has been create.
[15:15:51][INFO] Main | Saving level 1...
[15:15:51][DEBUG] Save_level | level : 1
[15:15:51][DEBUG] find_tableEntryOfIdx | globalIndexEntry = 1, addrTable = 13, numTable = 0
[15:15:51][DEBUG] get_table | addrTable = 13
[15:15:51][DEBUG] get_table | retour : firstAddress = -1, nextTable = -1
[15:15:51][DEBUG] find_tableEntryOfIdx | entry find ! localIndex = 1
[15:15:51][DEBUG] find_tableEntryOfIdx | L'indice n'a pas d'adresse d√©finie.
[15:15:51][DEBUG] Save_level | Table entry found : type = 0, addrCell = -1, addrTable = -1, idx = -1
[15:15:51][INFO] Level Converter | Convert level to bytes: 156 items.
[15:15:51][INFO] Level Converter | Convert level to bytes: Success! 9984 bytes.
[15:15:51][DEBUG] Save_level | Success level converted to bytes: 33EC5EA0, size = 9984 bytes
[15:15:51][DEBUG] Save_level | Level 1 not found, write new level...
[15:15:51][DEBUG] add_data | data: 33EC5EA0, size: 9984, data_type: 3
[15:15:51][DEBUG] find_av_tableEntry | addrTable = 13
[15:15:51][DEBUG] get_table | addrTable = 13
[15:15:51][DEBUG] get_table | retour : firstAddress = -1, nextTable = -1
[15:15:51][DEBUG] find_av_tableEntry | entry not used found at index = 0 of table = 13
[15:15:51][DEBUG] add_data | tableEntry : addr_table = 13, idx_table = 0, type_data = 0, addr_cell = -1
[15:15:51][DEBUG] get_table | addrTable = 13
[15:15:51][DEBUG] get_table | retour : firstAddress = -1, nextTable = -1
[15:15:51][DEBUG] get_empty | sizeNeeded = 9984, addrTable = 93
[15:15:51][DEBUG] get_table | addrTable = 93
[15:15:51][DEBUG] get_data_info | addr = 93
[15:15:51][INFO] get_data_info | retour : type = 2, size = 80
[15:15:51][DEBUG] get_table | retour : firstAddress = -1, nextTable = -1
[15:15:51][DEBUG] get_empty | Check table for an empty space...
[15:15:51][DEBUG] get_empty | no more table to check, no empty space found
[15:15:51][DEBUG] add_data | No empty space found, set cursor at the end of file
[15:15:51][DEBUG] write_data_info | addr = 189
[15:15:51][INFO] write_data_info | retour : type = 3, size = 9984
[15:15:51][DEBUG] write_table | addrTable = 13
[15:15:51][DEBUG] write_table | first table
[15:15:51][DEBUG] write_table | retour : success!
[15:15:51][DEBUG] add_data | Data added at addr = 189, idx = 0, tableAddr = 13
[15:15:51][DEBUG] Save_level | Success level 1 save created
[15:15:51][INFO] Main | Level 1 saved
[15:15:51][DEBUG] Show_table | reading file : level.lvl
[15:15:51][DEBUG] get_table | addrTable = 13
[15:15:51][DEBUG] get_table | retour : firstAddress = 189, nextTable = -1
[15:15:51][DEBUG] Get_data | Set cursor at addr = 189
[15:15:51][DEBUG] get_data_info | addr = 189
[15:15:51][INFO] get_data_info | retour : type = 3, size = 9984
[15:15:51][DEBUG] Get_data | dataInfo : type = 3, size = 9984
[15:15:51][DEBUG] Get_data | Success! data : 33EC7EB0
[15:15:51][DEBUG] Show_table | Table vides
[15:15:51][DEBUG] get_table | addrTable = 93
[15:15:51][DEBUG] get_data_info | addr = 93
[15:15:51][INFO] get_data_info | retour : type = 2, size = 80
[15:15:51][DEBUG] get_table | retour : firstAddress = -1, nextTable = -1
[15:15:51][DEBUG] Show_table | Success
[15:15:51][INFO] 
======================Affichage Tables======================

Tables :
Table 0 :
 CELL[0] : 189
   Data size : 9984
   Data type : 3
   Data : 156 map's items
 CELL[1] : EMPTY
 CELL[2] : EMPTY
 CELL[3] : EMPTY
 CELL[4] : EMPTY
 CELL[5] : EMPTY
 CELL[6] : EMPTY
 CELL[7] : EMPTY
 CELL[8] : EMPTY
 Next table : NO

Table de vides :
Table 0 :
 CELL[0] : EMPTY
 CELL[1] : EMPTY
 CELL[2] : EMPTY
 CELL[3] : EMPTY
 CELL[4] : EMPTY
 CELL[5] : EMPTY
 CELL[6] : EMPTY
 CELL[7] : EMPTY
 CELL[8] : EMPTY
 Next table : NO

======================Affichage Tables======================
[15:15:51][DEBUG] free_file | file = level.lvl
[15:15:51][INFO] End of the session of the game.
