[15:15:52][INFO] Main | Loading first level from file...
[15:15:52][DEBUG] File loaded: level.lvl, 4
[15:15:52][INFO] Main | File loaded
[15:15:52][DEBUG] Show_table | reading file : level.lvl
[15:15:52][DEBUG] get_table | addrTable = 13
[15:15:52][DEBUG] get_table | retour : firstAddress = 189, nextTable = -1
[15:15:52][DEBUG] Get_data | Set cursor at addr = 189
[15:15:52][DEBUG] get_data_info | addr = 189
[15:15:52][INFO] get_data_info | retour : type = 3, size = 9984
[15:15:52][DEBUG] Get_data | dataInfo : type = 3, size = 9984
[15:15:52][DEBUG] Get_data | Success! data : 257EE430
[15:15:52][DEBUG] Show_table | Table vides
[15:15:52][DEBUG] get_table | addrTable = 93
[15:15:52][DEBUG] get_data_info | addr = 93
[15:15:52][INFO] get_data_info | retour : type = 2, size = 80
[15:15:52][DEBUG] get_table | retour : firstAddress = -1, nextTable = -1
[15:15:52][DEBUG] Show_table | Success
[15:15:52][INFO] 
======================Affichage Tables======================

Tables :
Table 0 :
 CELL[0] : 189
   Data size : 9984
   Data type : 3
   Data : 156 map's items
 CELL[1] : EMPTY
 CELL[2] : EMPTY
 CELL[3] : EMPTY
 CELL[4] : EMPTY
 CELL[5] : EMPTY
 CELL[6] : EMPTY
 CELL[7] : EMPTY
 CELL[8] : EMPTY
 Next table : NO

Table de vides :
Table 0 :
 CELL[0] : EMPTY
 CELL[1] : EMPTY
 CELL[2] : EMPTY
 CELL[3] : EMPTY
 CELL[4] : EMPTY
 CELL[5] : EMPTY
 CELL[6] : EMPTY
 CELL[7] : EMPTY
 CELL[8] : EMPTY
 Next table : NO

======================Affichage Tables======================
[15:15:52][DEBUG] Get_level | level : 0
[15:15:52][DEBUG] Get_level | File opened: level.lvl
[15:15:52][DEBUG] find_tableEntryOfIdx | globalIndexEntry = 0, addrTable = 13, numTable = 0
[15:15:52][DEBUG] get_table | addrTable = 13
[15:15:52][DEBUG] get_table | retour : firstAddress = 189, nextTable = -1
[15:15:52][DEBUG] find_tableEntryOfIdx | entry find ! localIndex = 0
[15:15:52][DEBUG] get_data_info | addr = 189
[15:15:52][INFO] get_data_info | retour : type = 3, size = 9984
[15:15:52][DEBUG] find_tableEntryOfIdx | return the cell info, addr_cell = 189, addr_table = 13, idx_table = 0, type_data = 3
[15:15:52][DEBUG] Get_level | Table entry found : type = 3, addrCell = 189, addrTable = 13, idx = 0
[15:15:52][DEBUG] Get_data | Set cursor at addr = 189
[15:15:52][DEBUG] get_data_info | addr = 189
[15:15:52][INFO] get_data_info | retour : type = 3, size = 9984
[15:15:52][DEBUG] Get_data | dataInfo : type = 3, size = 9984
[15:15:52][DEBUG] Get_data | Success! data : 257F0B40
[15:15:52][DEBUG] Get_level | dataInfo.type = 3, dataInfo.size = 9984
[15:15:52][DEBUG] Get_level | data = 257F0B40
[15:15:52][INFO] Level Converter | Convert bytes to level: 9984 bytes.
[15:15:52][INFO] Level Converter | Convert bytes to level: Success! 156 items.
[15:15:52][DEBUG] Get_level | level : 0, success! 156 items loaded!
[15:15:52][INFO] Main | First level found and loaded.
[15:15:52][INFO] Main | First level : 156 items loaded
[15:15:52][DEBUG] Show_table | reading file : level.lvl
[15:15:52][DEBUG] get_table | addrTable = 13
[15:15:52][DEBUG] get_table | retour : firstAddress = 189, nextTable = -1
[15:15:52][DEBUG] Get_data | Set cursor at addr = 189
[15:15:52][DEBUG] get_data_info | addr = 189
[15:15:52][INFO] get_data_info | retour : type = 3, size = 9984
[15:15:52][DEBUG] Get_data | dataInfo : type = 3, size = 9984
[15:15:52][DEBUG] Get_data | Success! data : 25804D60
[15:15:52][DEBUG] Show_table | Table vides
[15:15:52][DEBUG] get_table | addrTable = 93
[15:15:52][DEBUG] get_data_info | addr = 93
[15:15:52][INFO] get_data_info | retour : type = 2, size = 80
[15:15:52][DEBUG] get_table | retour : firstAddress = -1, nextTable = -1
[15:15:52][DEBUG] Show_table | Success
[15:15:52][INFO] 
======================Affichage Tables======================

∞√ñ‹8Tables :
Table 0 :
 CELL[0] : 189
   Data size : 9984
   Data type : 3
   Data : 156 map's items
 CELL[1] : EMPTY
 CELL[2] : EMPTY
 CELL[3] : EMPTY
 CELL[4] : EMPTY
 CELL[5] : EMPTY
 CELL[6] : EMPTY
 CELL[7] : EMPTY
 CELL[8] : EMPTY
 Next table : NO

Table de vides :
Table 0 :
 CELL[0] : EMPTY
 CELL[1] : EMPTY
 CELL[2] : EMPTY
 CELL[3] : EMPTY
 CELL[4] : EMPTY
 CELL[5] : EMPTY
 CELL[6] : EMPTY
 CELL[7] : EMPTY
 CELL[8] : EMPTY
 Next table : NO

======================Affichage Tables======================
[15:15:52][DEBUG] free_file | file = level.lvl
[15:15:58][DEBUG] File loaded: level.lvl, 4
[15:15:58][DEBUG] Show_table | reading file : level.lvl
[15:15:58][DEBUG] get_table | addrTable = 13
[15:15:58][DEBUG] get_table | retour : firstAddress = 189, nextTable = -1
[15:15:58][DEBUG] Get_data | Set cursor at addr = 189
[15:15:58][DEBUG] get_data_info | addr = 189
[15:15:58][INFO] get_data_info | retour : type = 3, size = 9984
[15:15:58][DEBUG] Get_data | dataInfo : type = 3, size = 9984
[15:15:58][DEBUG] Get_data | Success! data : 25809480
[15:15:58][DEBUG] Show_table | Table vides
[15:15:58][DEBUG] get_table | addrTable = 93
[15:15:58][DEBUG] get_data_info | addr = 93
[15:15:58][INFO] get_data_info | retour : type = 2, size = 80
[15:15:58][DEBUG] get_table | retour : firstAddress = -1, nextTable = -1
[15:15:58][DEBUG] Show_table | Success
[15:15:58][INFO] 
======================Affichage Tables======================

Tables :
Table 0 :
 CELL[0] : 189
   Data size : 9984
   Data type : 3
   Data : 156 map's items
 CELL[1] : EMPTY
 CELL[2] : EMPTY
 CELL[3] : EMPTY
 CELL[4] : EMPTY
 CELL[5] : EMPTY
 CELL[6] : EMPTY
 CELL[7] : EMPTY
 CELL[8] : EMPTY
 Next table : NO

Table de vides :
Table 0 :
 CELL[0] : EMPTY
 CELL[1] : EMPTY
 CELL[2] : EMPTY
 CELL[3] : EMPTY
 CELL[4] : EMPTY
 CELL[5] : EMPTY
 CELL[6] : EMPTY
 CELL[7] : EMPTY
 CELL[8] : EMPTY
 Next table : NO

======================Affichage Tables======================
[15:15:58][DEBUG] Save_level | level : 0
[15:15:58][DEBUG] find_tableEntryOfIdx | globalIndexEntry = 0, addrTable = 13, numTable = 0
[15:15:58][DEBUG] get_table | addrTable = 13
[15:15:58][DEBUG] get_table | retour : firstAddress = 189, nextTable = -1
[15:15:58][DEBUG] find_tableEntryOfIdx | entry find ! localIndex = 0
[15:15:58][DEBUG] get_data_info | addr = 189
[15:15:58][INFO] get_data_info | retour : type = 3, size = 9984
[15:15:58][DEBUG] find_tableEntryOfIdx | return the cell info, addr_cell = 189, addr_table = 13, idx_table = 0, type_data = 3
[15:15:58][DEBUG] Save_level | Table entry found : type = 3, addrCell = 189, addrTable = 13, idx = 0
[15:15:58][INFO] Level Converter | Convert level to bytes: 156 items.
[15:15:58][INFO] Level Converter | Convert level to bytes: Success! 9984 bytes.
[15:15:58][DEBUG] Save_level | Success level converted to bytes: 2580BB90, size = 9984 bytes
[15:15:58][DEBUG] Save_level | Level 0 found, update level..
[15:15:58][DEBUG] Remove_level | level : 0
[15:15:58][DEBUG] transform_to_empty | globalIndexEntry = 0, addrTable = 13, numTable = 0
[15:15:58][DEBUG] get_table | addrTable = 13
[15:15:58][DEBUG] get_table | retour : firstAddress = 189, nextTable = -1
[15:15:58][DEBUG] transform_to_empty | entry find ! localIndex = 0
[15:15:58][DEBUG] get_data_info | addr = 189
[15:15:58][INFO] get_data_info | retour : type = 3, size = 9984
[15:15:58][DEBUG] transform_to_empty | Update the data_info
[15:15:58][DEBUG] transform_to_empty | Rewrite DataInfo and Erase data from 189 to 10189
[15:15:58][DEBUG] find_av_tableEntry | addrTable = 93
[15:15:58][DEBUG] get_table | addrTable = 93
[15:15:58][DEBUG] get_data_info | addr = 93
[15:15:58][INFO] get_data_info | retour : type = 2, size = 80
[15:15:58][DEBUG] get_table | retour : firstAddress = -1, nextTable = -1
[15:15:58][DEBUG] find_av_tableEntry | entry not used found at index = 0 of table = 93
[15:15:58][DEBUG] transform_to_empty: Find space on empty table addr = 93 on index 0
[15:15:58][DEBUG] get_table | addrTable = 93
[15:15:58][DEBUG] get_data_info | addr = 93
[15:15:58][INFO] get_data_info | retour : type = 2, size = 80
[15:15:58][DEBUG] get_table | retour : firstAddress = -1, nextTable = -1
[15:15:58][DEBUG] write_table | addrTable = 93
[15:15:58][DEBUG] write_table | not first table
[15:15:58][DEBUG] write_table | retour : success!
[15:15:58][DEBUG] transform_to_empty: Register the empty space successfully
[15:15:58][DEBUG] transform_to_empty | Unregister the old data address
[15:15:58][DEBUG] write_table | addrTable = 13
[15:15:58][DEBUG] write_table | first table
[15:15:58][DEBUG] write_table | retour : success!
[15:15:58][DEBUG] transform_to_empty | End of transformation
[15:15:58][DEBUG] Remove_level | level : 0, success : 1
[15:15:58][DEBUG] add_data | data: 2580BB90, size: 9984, data_type: 3
[15:15:58][DEBUG] find_av_tableEntry | addrTable = 13
[15:15:58][DEBUG] get_table | addrTable = 13
[15:15:58][DEBUG] get_table | retour : firstAddress = -1, nextTable = -1
[15:15:58][DEBUG] find_av_tableEntry | entry not used found at index = 0 of table = 13
[15:15:58][DEBUG] add_data | tableEntry : addr_table = 13, idx_table = 0, type_data = 0, addr_cell = -1
[15:15:58][DEBUG] get_table | addrTable = 13
[15:15:58][DEBUG] get_table | retour : firstAddress = -1, nextTable = -1
[15:15:58][DEBUG] get_empty | sizeNeeded = 9984, addrTable = 93
[15:15:58][DEBUG] get_table | addrTable = 93
[15:15:58][DEBUG] get_data_info | addr = 93
[15:15:58][INFO] get_data_info | retour : type = 2, size = 80
[15:15:58][DEBUG] get_table | retour : firstAddress = 189, nextTable = -1
[15:15:58][DEBUG] get_empty | Check table for an empty space...
[15:15:58][DEBUG] get_empty | Empty found at index = 0 pointing to addr = 189
[15:15:58][DEBUG] get_data_info | addr = 189
[15:15:58][INFO] get_data_info | retour : type = 1, size = 9984
[15:15:58][DEBUG] get_empty | This empty had a size of 9984
[15:15:58][DEBUG] get_empty | Espace vide suffisament grand trouv√©!
[15:15:58][DEBUG] add_data | Empty space found, addr: 189, size : 9984
[15:15:58][DEBUG] update_empty | addrEmpty = 189, sizeNeeded = 9984
[15:15:58][DEBUG] get_table | addrTable = 93
[15:15:58][DEBUG] get_data_info | addr = 93
[15:15:58][INFO] get_data_info | retour : type = 2, size = 80
[15:15:58][DEBUG] get_table | retour : firstAddress = 189, nextTable = -1
[15:15:58][DEBUG] write_data_info | addr = 10189
[15:15:58][INFO] write_data_info | retour : type = 1, size = -16
[15:15:58][DEBUG] update_empty | addrEmpty updated in table sizeLeft = -16, addrOfNewEmpty = 10189
[15:15:58][DEBUG] write_table | addrTable = 93
[15:15:58][DEBUG] write_table | not first table
[15:15:58][DEBUG] write_table | retour : success!
[15:15:58][DEBUG] update_empty | retour : success!
[15:15:58][DEBUG] write_data_info | addr = 189
[15:15:58][INFO] write_data_info | retour : type = 3, size = 9984
[15:15:58][DEBUG] write_table | addrTable = 13
[15:15:58][DEBUG] write_table | first table
[15:15:58][DEBUG] write_table | retour : success!
[15:15:58][DEBUG] add_data | Data added at addr = 189, idx = 0, tableAddr = 13
[15:15:58][DEBUG] Save_level | Success level 0 updated
[15:15:58][DEBUG] Get_level | level : 1
[15:15:58][DEBUG] Get_level | File opened: level.lvl
[15:15:58][DEBUG] find_tableEntryOfIdx | globalIndexEntry = 1, addrTable = 13, numTable = 0
[15:15:58][DEBUG] get_table | addrTable = 13
[15:15:58][DEBUG] get_table | retour : firstAddress = 189, nextTable = -1
[15:15:58][DEBUG] find_tableEntryOfIdx | entry find ! localIndex = 1
[15:15:58][DEBUG] find_tableEntryOfIdx | L'indice n'a pas d'adresse d√©finie.
[15:15:58][DEBUG] Get_level | Table entry found : type = 0, addrCell = -1, addrTable = -1, idx = -1
[15:15:58][DEBUG] Get_level | Level not found
[15:15:58][INFO] Main | Level 1 not found, empty level generated
[15:15:58][DEBUG] Show_table | reading file : level.lvl
[15:15:58][DEBUG] get_table | addrTable = 13
[15:15:58][DEBUG] get_table | retour : firstAddress = 189, nextTable = -1
[15:15:58][DEBUG] Get_data | Set cursor at addr = 189
[15:15:58][DEBUG] get_data_info | addr = 189
[15:15:58][INFO] get_data_info | retour : type = 3, size = 9984
[15:15:58][DEBUG] Get_data | dataInfo : type = 3, size = 9984
[15:15:58][DEBUG] Get_data | Success! data : 2580EA40
[15:15:58][DEBUG] Show_table | Table vides
[15:15:58][DEBUG] get_table | addrTable = 93
[15:15:58][DEBUG] get_data_info | addr = 93
[15:15:58][INFO] get_data_info | retour : type = 2, size = 80
[15:15:58][DEBUG] get_table | retour : firstAddress = 10189, nextTable = -1
[15:15:58][DEBUG] Get_data | Set cursor at addr = 10189
[15:15:58][DEBUG] get_data_info | addr = 10189
[15:15:58][INFO] get_data_info | retour : type = 1, size = -16
[15:15:58][DEBUG] Get_data | dataInfo : type = 1, size = -16
[15:15:58][DEBUG] Get_data | ERROR read data : Bad address
[15:15:58][DEBUG] Show_table | Success
[15:15:58][INFO] 
======================Affichage Tables======================

†√ñ‹8Tables :
Table 0 :
 CELL[0] : 189
   Data size : 9984
   Data type : 3
   Data : 156 map's items
 CELL[1] : EMPTY
 CELL[2] : EMPTY
 CELL[3] : EMPTY
 CELL[4] : EMPTY
 CELL[5] : EMPTY
 CELL[6] : EMPTY
 CELL[7] : EMPTY
 CELL[8] : EMPTY
 Next table : NO

Table de vides :
Table 0 :
 CELL[0] : 10189
   Data : ERROR
 CELL[1] : EMPTY
 CELL[2] : EMPTY
 CELL[3] : EMPTY
 CELL[4] : EMPTY
 CELL[5] : EMPTY
 CELL[6] : EMPTY
 CELL[7] : EMPTY
 CELL[8] : EMPTY
 Next table : NO

======================Affichage Tables======================
[15:15:58][DEBUG] free_file | file = level.lvl
[15:15:58][INFO] Main | New level load : 1, Old level save : 0
[15:15:58][INFO] Main | Level 1 : 156 items loaded
[15:15:58][DEBUG] File loaded: level.lvl, 4
[15:15:58][DEBUG] Show_table | reading file : level.lvl
[15:15:58][DEBUG] get_table | addrTable = 13
[15:15:58][DEBUG] get_table | retour : firstAddress = 189, nextTable = -1
[15:15:58][DEBUG] Get_data | Set cursor at addr = 189
[15:15:58][DEBUG] get_data_info | addr = 189
[15:15:58][INFO] get_data_info | retour : type = 3, size = 9984
[15:15:58][DEBUG] Get_data | dataInfo : type = 3, size = 9984
[15:15:58][DEBUG] Get_data | Success! data : 25814FD0
[15:15:58][DEBUG] Show_table | Table vides
[15:15:58][DEBUG] get_table | addrTable = 93
[15:15:58][DEBUG] get_data_info | addr = 93
[15:15:58][INFO] get_data_info | retour : type = 2, size = 80
[15:15:58][DEBUG] get_table | retour : firstAddress = 10189, nextTable = -1
[15:15:58][DEBUG] Get_data | Set cursor at addr = 10189
[15:15:58][DEBUG] get_data_info | addr = 10189
[15:15:58][INFO] get_data_info | retour : type = 1, size = -16
[15:15:58][DEBUG] Get_data | dataInfo : type = 1, size = -16
[15:15:58][DEBUG] Get_data | ERROR read data : Bad address
[15:15:58][DEBUG] Show_table | Success
[15:15:58][INFO] 
======================Affichage Tables======================

Tables :
Table 0 :
 CELL[0] : 189
   Data size : 9984
   Data type : 3
   Data : 156 map's items
 CELL[1] : EMPTY
 CELL[2] : EMPTY
 CELL[3] : EMPTY
 CELL[4] : EMPTY
 CELL[5] : EMPTY
 CELL[6] : EMPTY
 CELL[7] : EMPTY
 CELL[8] : EMPTY
 Next table : NO

Table de vides :
Table 0 :
 CELL[0] : 10189
   Data : ERROR
 CELL[1] : EMPTY
 CELL[2] : EMPTY
 CELL[3] : EMPTY
 CELL[4] : EMPTY
 CELL[5] : EMPTY
 CELL[6] : EMPTY
 CELL[7] : EMPTY
 CELL[8] : EMPTY
 Next table : NO

======================Affichage Tables======================
[15:15:58][DEBUG] Save_level | level : 1
[15:15:58][DEBUG] find_tableEntryOfIdx | globalIndexEntry = 1, addrTable = 13, numTable = 0
[15:15:58][DEBUG] get_table | addrTable = 13
[15:15:58][DEBUG] get_table | retour : firstAddress = 189, nextTable = -1
[15:15:58][DEBUG] find_tableEntryOfIdx | entry find ! localIndex = 1
[15:15:58][DEBUG] find_tableEntryOfIdx | L'indice n'a pas d'adresse d√©finie.
[15:15:58][DEBUG] Save_level | Table entry found : type = 0, addrCell = -1, addrTable = -1, idx = -1
[15:15:58][INFO] Level Converter | Convert level to bytes: 156 items.
[15:15:58][INFO] Level Converter | Convert level to bytes: Success! 9984 bytes.
[15:15:58][DEBUG] Save_level | Success level converted to bytes: 258176E0, size = 9984 bytes
[15:15:58][DEBUG] Save_level | Level 1 not found, write new level...
[15:15:58][DEBUG] add_data | data: 258176E0, size: 9984, data_type: 3
[15:15:58][DEBUG] find_av_tableEntry | addrTable = 13
[15:15:58][DEBUG] get_table | addrTable = 13
[15:15:58][DEBUG] get_table | retour : firstAddress = 189, nextTable = -1
[15:15:58][DEBUG] find_av_tableEntry | entry not used found at index = 1 of table = 13
[15:15:58][DEBUG] add_data | tableEntry : addr_table = 13, idx_table = 1, type_data = 0, addr_cell = -1
[15:15:58][DEBUG] get_table | addrTable = 13
[15:15:58][DEBUG] get_table | retour : firstAddress = 189, nextTable = -1
[15:15:58][DEBUG] get_empty | sizeNeeded = 9984, addrTable = 93
[15:15:58][DEBUG] get_table | addrTable = 93
[15:15:58][DEBUG] get_data_info | addr = 93
[15:15:58][INFO] get_data_info | retour : type = 2, size = 80
[15:15:58][DEBUG] get_table | retour : firstAddress = 10189, nextTable = -1
[15:15:58][DEBUG] get_empty | Check table for an empty space...
[15:15:58][DEBUG] get_empty | Empty found at index = 0 pointing to addr = 10189
[15:15:58][DEBUG] get_data_info | addr = 10189
[15:15:58][INFO] get_data_info | retour : type = 1, size = -16
[15:15:58][DEBUG] get_empty | This empty had a size of -16
[15:15:58][DEBUG] get_empty | Espace vide suffisament grand trouv√©!
[15:15:58][DEBUG] add_data | Empty space found, addr: 10189, size : -16
[15:15:58][DEBUG] update_empty | addrEmpty = 10189, sizeNeeded = 9984
[15:15:58][DEBUG] get_table | addrTable = 93
[15:15:58][DEBUG] get_data_info | addr = 93
[15:15:58][INFO] get_data_info | retour : type = 2, size = 80
[15:15:58][DEBUG] get_table | retour : firstAddress = 10189, nextTable = -1
[15:15:58][DEBUG] write_data_info | addr = 20189
[15:15:58][INFO] write_data_info | retour : type = 1, size = -10016
[15:15:58][DEBUG] update_empty | addrEmpty updated in table sizeLeft = -10016, addrOfNewEmpty = 20189
[15:15:58][DEBUG] write_table | addrTable = 93
[15:15:58][DEBUG] write_table | not first table
[15:15:58][DEBUG] write_table | retour : success!
[15:15:58][DEBUG] update_empty | retour : success!
[15:15:58][DEBUG] write_data_info | addr = 10189
[15:15:58][INFO] write_data_info | retour : type = 3, size = 9984
[15:15:58][DEBUG] write_table | addrTable = 13
[15:15:58][DEBUG] write_table | first table
[15:15:58][DEBUG] write_table | retour : success!
[15:15:58][DEBUG] add_data | Data added at addr = 10189, idx = 1, tableAddr = 13
[15:15:58][DEBUG] Save_level | Success level 1 save created
[15:15:58][DEBUG] Get_level | level : 2
[15:15:58][DEBUG] Get_level | File opened: level.lvl
[15:15:58][DEBUG] find_tableEntryOfIdx | globalIndexEntry = 2, addrTable = 13, numTable = 0
[15:15:58][DEBUG] get_table | addrTable = 13
[15:15:58][DEBUG] get_table | retour : firstAddress = 189, nextTable = -1
[15:15:58][DEBUG] find_tableEntryOfIdx | entry find ! localIndex = 2
[15:15:58][DEBUG] find_tableEntryOfIdx | L'indice n'a pas d'adresse d√©finie.
[15:15:58][DEBUG] Get_level | Table entry found : type = 0, addrCell = -1, addrTable = -1, idx = -1
[15:15:58][DEBUG] Get_level | Level not found
[15:15:58][INFO] Main | Level 2 not found, empty level generated
[15:15:58][DEBUG] Show_table | reading file : level.lvl
[15:15:58][DEBUG] get_table | addrTable = 13
[15:15:58][DEBUG] get_table | retour : firstAddress = 189, nextTable = -1
[15:15:58][DEBUG] Get_data | Set cursor at addr = 189
[15:15:58][DEBUG] get_data_info | addr = 189
[15:15:58][INFO] get_data_info | retour : type = 3, size = 9984
[15:15:58][DEBUG] Get_data | dataInfo : type = 3, size = 9984
[15:15:58][DEBUG] Get_data | Success! data : 25819F30
[15:15:58][DEBUG] Get_data | Set cursor at addr = 10189
[15:15:58][DEBUG] get_data_info | addr = 10189
[15:15:58][INFO] get_data_info | retour : type = 3, size = 9984
[15:15:58][DEBUG] Get_data | dataInfo : type = 3, size = 9984
[15:15:58][DEBUG] Get_data | Success! data : 2581C640
[15:15:58][DEBUG] Show_table | Table vides
[15:15:58][DEBUG] get_table | addrTable = 93
[15:15:58][DEBUG] get_data_info | addr = 93
[15:15:58][INFO] get_data_info | retour : type = 2, size = 80
[15:15:58][DEBUG] get_table | retour : firstAddress = 20189, nextTable = -1
[15:15:58][DEBUG] Get_data | Set cursor at addr = 20189
[15:15:58][DEBUG] get_data_info | addr = 20189
[15:15:58][INFO] get_data_info | retour : type = 1, size = -10016
[15:15:58][DEBUG] Get_data | dataInfo : type = 1, size = -10016
[15:15:58][DEBUG] Get_data | ERROR read data : Bad address
[15:15:58][DEBUG] Show_table | Success
[15:15:58][INFO] 
======================Affichage Tables======================

†√ñ‹8Tables :
Table 0 :
 CELL[0] : 189
   Data size : 9984
   Data type : 3
   Data : 156 map's items
 CELL[1] : 10189
   Data size : 9984
   Data type : 3
   Data : 156 map's items
 CELL[2] : EMPTY
 CELL[3] : EMPTY
 CELL[4] : EMPTY
 CELL[5] : EMPTY
 CELL[6] : EMPTY
 CELL[7] : EMPTY
 CELL[8] : EMPTY
 Next table : NO

Table de vides :
Table 0 :
 CELL[0] : 20189
   Data : ERROR
 CELL[1] : EMPTY
 CELL[2] : EMPTY
 CELL[3] : EMPTY
 CELL[4] : EMPTY
 CELL[5] : EMPTY
 CELL[6] : EMPTY
 CELL[7] : EMPTY
 CELL[8] : EMPTY
 Next table : NO

======================Affichage Tables======================
[15:15:58][DEBUG] free_file | file = level.lvl
[15:15:58][INFO] Main | New level load : 2, Old level save : 1
[15:15:58][INFO] Main | Level 2 : 156 items loaded
[15:21:41][INFO] Main | Ncurses windows deleted, now loading file...
[15:21:41][DEBUG] File loaded: level.lvl, 4
[15:21:41][INFO] Main | Saving level 3...
[15:21:41][DEBUG] Save_level | level : 3
[15:21:41][DEBUG] find_tableEntryOfIdx | globalIndexEntry = 3, addrTable = 13, numTable = 0
[15:21:41][DEBUG] get_table | addrTable = 13
[15:21:41][DEBUG] get_table | retour : firstAddress = 189, nextTable = -1
[15:21:41][DEBUG] find_tableEntryOfIdx | entry find ! localIndex = 3
[15:21:41][DEBUG] find_tableEntryOfIdx | L'indice n'a pas d'adresse d√©finie.
[15:21:41][DEBUG] Save_level | Table entry found : type = 0, addrCell = -1, addrTable = -1, idx = -1
[15:21:41][INFO] Level Converter | Convert level to bytes: 156 items.
[15:21:41][INFO] Level Converter | Convert level to bytes: Success! 9984 bytes.
[15:21:41][DEBUG] Save_level | Success level converted to bytes: 2581ED50, size = 9984 bytes
[15:21:41][DEBUG] Save_level | Level 3 not found, write new level...
[15:21:41][DEBUG] add_data | data: 2581ED50, size: 9984, data_type: 3
[15:21:41][DEBUG] find_av_tableEntry | addrTable = 13
[15:21:41][DEBUG] get_table | addrTable = 13
[15:21:41][DEBUG] get_table | retour : firstAddress = 189, nextTable = -1
[15:21:41][DEBUG] find_av_tableEntry | entry not used found at index = 2 of table = 13
[15:21:41][DEBUG] add_data | tableEntry : addr_table = 13, idx_table = 2, type_data = 0, addr_cell = -1
[15:21:41][DEBUG] get_table | addrTable = 13
[15:21:41][DEBUG] get_table | retour : firstAddress = 189, nextTable = -1
[15:21:41][DEBUG] get_empty | sizeNeeded = 9984, addrTable = 93
[15:21:41][DEBUG] get_table | addrTable = 93
[15:21:41][DEBUG] get_data_info | addr = 93
[15:21:41][INFO] get_data_info | retour : type = 2, size = 80
[15:21:41][DEBUG] get_table | retour : firstAddress = 20189, nextTable = -1
[15:21:41][DEBUG] get_empty | Check table for an empty space...
[15:21:41][DEBUG] get_empty | Empty found at index = 0 pointing to addr = 20189
[15:21:41][DEBUG] get_data_info | addr = 20189
[15:21:41][INFO] get_data_info | retour : type = 1, size = -10016
[15:21:41][DEBUG] get_empty | This empty had a size of -10016
[15:21:41][DEBUG] get_empty | Espace vide suffisament grand trouv√©!
[15:21:41][DEBUG] add_data | Empty space found, addr: 20189, size : -10016
[15:21:41][DEBUG] update_empty | addrEmpty = 20189, sizeNeeded = 9984
[15:21:41][DEBUG] get_table | addrTable = 93
[15:21:41][DEBUG] get_data_info | addr = 93
[15:21:41][INFO] get_data_info | retour : type = 2, size = 80
[15:21:41][DEBUG] get_table | retour : firstAddress = 20189, nextTable = -1
[15:21:41][DEBUG] write_data_info | addr = 30189
[15:21:41][INFO] write_data_info | retour : type = 1, size = -20016
[15:21:41][DEBUG] update_empty | addrEmpty updated in table sizeLeft = -20016, addrOfNewEmpty = 30189
[15:21:41][DEBUG] write_table | addrTable = 93
[15:21:41][DEBUG] write_table | not first table
[15:21:41][DEBUG] write_table | retour : success!
[15:21:41][DEBUG] update_empty | retour : success!
[15:21:41][DEBUG] write_data_info | addr = 20189
[15:21:41][INFO] write_data_info | retour : type = 3, size = 9984
[15:21:41][DEBUG] write_table | addrTable = 13
[15:21:41][DEBUG] write_table | first table
[15:21:41][DEBUG] write_table | retour : success!
[15:21:41][DEBUG] add_data | Data added at addr = 20189, idx = 2, tableAddr = 13
[15:21:41][DEBUG] Save_level | Success level 3 save created
[15:21:41][INFO] Main | Level 3 saved
[15:21:41][DEBUG] Show_table | reading file : level.lvl
[15:21:41][DEBUG] get_table | addrTable = 13
[15:21:41][DEBUG] get_table | retour : firstAddress = 189, nextTable = -1
[15:21:41][DEBUG] Get_data | Set cursor at addr = 189
[15:21:41][DEBUG] get_data_info | addr = 189
[15:21:41][INFO] get_data_info | retour : type = 3, size = 9984
[15:21:41][DEBUG] Get_data | dataInfo : type = 3, size = 9984
[15:21:41][DEBUG] Get_data | Success! data : 25820D60
[15:21:41][DEBUG] Get_data | Set cursor at addr = 10189
[15:21:41][DEBUG] get_data_info | addr = 10189
[15:21:41][INFO] get_data_info | retour : type = 3, size = 9984
[15:21:41][DEBUG] Get_data | dataInfo : type = 3, size = 9984
[15:21:41][DEBUG] Get_data | Success! data : 25823470
[15:21:41][DEBUG] Get_data | Set cursor at addr = 20189
[15:21:41][DEBUG] get_data_info | addr = 20189
[15:21:41][INFO] get_data_info | retour : type = 3, size = 9984
[15:21:41][DEBUG] Get_data | dataInfo : type = 3, size = 9984
[15:21:41][DEBUG] Get_data | Success! data : 25825B80
[15:21:41][DEBUG] Show_table | Table vides
[15:21:41][DEBUG] get_table | addrTable = 93
[15:21:41][DEBUG] get_data_info | addr = 93
[15:21:41][INFO] get_data_info | retour : type = 2, size = 80
[15:21:41][DEBUG] get_table | retour : firstAddress = 30189, nextTable = -1
[15:21:41][DEBUG] Get_data | Set cursor at addr = 30189
[15:21:41][DEBUG] get_data_info | addr = 30189
[15:21:41][INFO] get_data_info | retour : type = 1, size = -20016
[15:21:41][DEBUG] Get_data | dataInfo : type = 1, size = -20016
[15:21:41][DEBUG] Get_data | ERROR read data : Bad address
[15:21:41][DEBUG] Show_table | Success
[15:21:41][INFO] 
======================Affichage Tables======================

Tables :
Table 0 :
 CELL[0] : 189
   Data size : 9984
   Data type : 3
   Data : 156 map's items
 CELL[1] : 10189
   Data size : 9984
   Data type : 3
   Data : 156 map's items
 CELL[2] : 20189
   Data size : 9984
   Data type : 3
   Data : 156 map's items
 CELL[3] : EMPTY
 CELL[4] : EMPTY
 CELL[5] : EMPTY
 CELL[6] : EMPTY
 CELL[7] : EMPTY
 CELL[8] : EMPTY
 Next table : NO

Table de vides :
Table 0 :
 CELL[0] : 30189
   Data : ERROR
 CELL[1] : EMPTY
 CELL[2] : EMPTY
 CELL[3] : EMPTY
 CELL[4] : EMPTY
 CELL[5] : EMPTY
 CELL[6] : EMPTY
 CELL[7] : EMPTY
 CELL[8] : EMPTY
 Next table : NO

======================Affichage Tables======================
[15:21:41][DEBUG] free_file | file = level.lvl
[15:21:41][INFO] End of the session of the game.
