[18:44:55][INFO] Main | Loading first level from file...
[18:44:55][DEBUG] File loaded: level.lvl, 4
[18:44:55][INFO] Main | File loaded
[18:44:55][DEBUG] Show_table | reading file : level.lvl
[18:44:55][DEBUG] get_table | addrTable = 13
[18:44:55][DEBUG] get_table | retour : firstAddress = 189, nextTable = 90189
[18:44:55][DEBUG] Get_data | Set cursor at addr = 189
[18:44:55][DEBUG] get_data_info | addr = 189
[18:44:55][INFO] get_data_info | retour : type = 3, size = 9984
[18:44:55][DEBUG] Get_data | dataInfo : type = 3, size = 9984
[18:44:55][DEBUG] Get_data | Success! data : 977F1430
[18:44:55][DEBUG] Get_data | Set cursor at addr = 140477
[18:44:55][DEBUG] get_data_info | addr = 140477
[18:44:55][INFO] get_data_info | retour : type = 3, size = 9984
[18:44:55][DEBUG] Get_data | dataInfo : type = 3, size = 9984
[18:44:55][DEBUG] Get_data | Success! data : 977F3B40
[18:44:55][DEBUG] Get_data | Set cursor at addr = 20189
[18:44:55][DEBUG] get_data_info | addr = 20189
[18:44:55][INFO] get_data_info | retour : type = 3, size = 9984
[18:44:55][DEBUG] Get_data | dataInfo : type = 3, size = 9984
[18:44:55][DEBUG] Get_data | Success! data : 977F6250
[18:44:55][DEBUG] Get_data | Set cursor at addr = 30189
[18:44:55][DEBUG] get_data_info | addr = 30189
[18:44:55][INFO] get_data_info | retour : type = 3, size = 9984
[18:44:55][DEBUG] Get_data | dataInfo : type = 3, size = 9984
[18:44:55][DEBUG] Get_data | Success! data : 977F8960
[18:44:55][DEBUG] Get_data | Set cursor at addr = 40189
[18:44:55][DEBUG] get_data_info | addr = 40189
[18:44:55][INFO] get_data_info | retour : type = 3, size = 9984
[18:44:55][DEBUG] Get_data | dataInfo : type = 3, size = 9984
[18:44:55][DEBUG] Get_data | Success! data : 977FB070
[18:44:55][DEBUG] Get_data | Set cursor at addr = 50189
[18:44:55][DEBUG] get_data_info | addr = 50189
[18:44:55][INFO] get_data_info | retour : type = 3, size = 9984
[18:44:55][DEBUG] Get_data | dataInfo : type = 3, size = 9984
[18:44:55][DEBUG] Get_data | Success! data : 977FD780
[18:44:55][DEBUG] Get_data | Set cursor at addr = 60189
[18:44:55][DEBUG] get_data_info | addr = 60189
[18:44:55][INFO] get_data_info | retour : type = 3, size = 9984
[18:44:55][DEBUG] Get_data | dataInfo : type = 3, size = 9984
[18:44:55][DEBUG] Get_data | Success! data : 977FFE90
[18:44:55][DEBUG] Get_data | Set cursor at addr = 70189
[18:44:55][DEBUG] get_data_info | addr = 70189
[18:44:55][INFO] get_data_info | retour : type = 3, size = 9984
[18:44:55][DEBUG] Get_data | dataInfo : type = 3, size = 9984
[18:44:55][DEBUG] Get_data | Success! data : 978025A0
[18:44:55][DEBUG] Get_data | Set cursor at addr = 80189
[18:44:55][DEBUG] get_data_info | addr = 80189
[18:44:55][INFO] get_data_info | retour : type = 3, size = 9984
[18:44:55][DEBUG] Get_data | dataInfo : type = 3, size = 9984
[18:44:55][DEBUG] Get_data | Success! data : 97804CB0
[18:44:55][DEBUG] get_table | addrTable = 90189
[18:44:55][DEBUG] get_data_info | addr = 90189
[18:44:55][INFO] get_data_info | retour : type = 2, size = 80
[18:44:55][DEBUG] get_table | retour : firstAddress = 90285, nextTable = -1
[18:44:55][DEBUG] Get_data | Set cursor at addr = 90285
[18:44:55][DEBUG] get_data_info | addr = 90285
[18:44:55][INFO] get_data_info | retour : type = 3, size = 9984
[18:44:55][DEBUG] Get_data | dataInfo : type = 3, size = 9984
[18:44:55][DEBUG] Get_data | Success! data : 978073C0
[18:44:55][DEBUG] Get_data | Set cursor at addr = 100285
[18:44:55][DEBUG] get_data_info | addr = 100285
[18:44:55][INFO] get_data_info | retour : type = 3, size = 9984
[18:44:55][DEBUG] Get_data | dataInfo : type = 3, size = 9984
[18:44:55][DEBUG] Get_data | Success! data : 97809AD0
[18:44:55][DEBUG] Get_data | Set cursor at addr = 120477
[18:44:55][DEBUG] get_data_info | addr = 120477
[18:44:55][INFO] get_data_info | retour : type = 3, size = 9984
[18:44:55][DEBUG] Get_data | dataInfo : type = 3, size = 9984
[18:44:55][DEBUG] Get_data | Success! data : 9780C1E0
[18:44:55][DEBUG] Get_data | Set cursor at addr = 120477
[18:44:55][DEBUG] get_data_info | addr = 120477
[18:44:55][INFO] get_data_info | retour : type = 3, size = 9984
[18:44:55][DEBUG] Get_data | dataInfo : type = 3, size = 9984
[18:44:55][DEBUG] Get_data | Success! data : 9780E8F0
[18:44:55][DEBUG] Show_table | Table vides
[18:44:55][DEBUG] get_table | addrTable = 93
[18:44:55][DEBUG] get_data_info | addr = 93
[18:44:55][INFO] get_data_info | retour : type = 2, size = 80
[18:44:55][DEBUG] get_table | retour : firstAddress = 150477, nextTable = -1
[18:44:55][DEBUG] Get_data | Set cursor at addr = 150477
[18:44:55][DEBUG] get_data_info | addr = 150477
[18:44:55][INFO] get_data_info | retour : type = 1, size = -30016
[18:44:55][DEBUG] Get_data | dataInfo : type = 1, size = -30016
[18:44:55][DEBUG] Get_data | ERROR read data : Bad address
[18:44:55][DEBUG] Get_data | Set cursor at addr = 110285
[18:44:55][DEBUG] get_data_info | addr = 110285
[18:44:55][INFO] get_data_info | retour : type = 1, size = 10176
[18:44:55][DEBUG] Get_data | dataInfo : type = 1, size = 10176
[18:44:55][DEBUG] Get_data | Success! data : 97812E70
[18:44:55][DEBUG] Get_data | Set cursor at addr = 10189
[18:44:55][DEBUG] get_data_info | addr = 10189
[18:44:55][INFO] get_data_info | retour : type = 1, size = 9984
[18:44:55][DEBUG] Get_data | dataInfo : type = 1, size = 9984
[18:44:55][DEBUG] Get_data | Success! data : 97815640
[18:44:55][DEBUG] Get_data | Set cursor at addr = 130477
[18:44:55][DEBUG] get_data_info | addr = 130477
[18:44:55][INFO] get_data_info | retour : type = 1, size = 9984
[18:44:55][DEBUG] Get_data | dataInfo : type = 1, size = 9984
[18:44:55][DEBUG] Get_data | Success! data : 97817D50
[18:44:55][DEBUG] Show_table | Success
[18:44:55][INFO] 
======================Affichage Tables======================

Tables :
Table 0 :
 CELL[0] : 189
   Data size : 9984
   Data type : 3
   Data : 156 map's items
 CELL[1] : 140477
   Data size : 9984
   Data type : 3
   Data : 156 map's items
 CELL[2] : 20189
   Data size : 9984
   Data type : 3
   Data : 156 map's items
 CELL[3] : 30189
   Data size : 9984
   Data type : 3
   Data : 156 map's items
 CELL[4] : 40189
   Data size : 9984
   Data type : 3
   Data : 156 map's items
 CELL[5] : 50189
   Data size : 9984
   Data type : 3
   Data : 156 map's items
 CELL[6] : 60189
   Data size : 9984
   Data type : 3
   Data : 156 map's items
 CELL[7] : 70189
   Data size : 9984
   Data type : 3
   Data : 156 map's items
 CELL[8] : 80189
   Data size : 9984
   Data type : 3
   Data : 156 map's items
 Next table : YES

Table 1 :
 CELL[0] : 90285
   Data size : 9984
   Data type : 3
   Data : 156 map's items
 CELL[1] : 100285
   Data size : 9984
   Data type : 3
   Data : 156 map's items
 CELL[2] : 120477
   Data size : 9984
   Data type : 3
   Data : 156 map's items
 CELL[3] : 120477
   Data size : 9984
   Data type : 3
   Data : 156 map's items
 CELL[4] : EMPTY
 CELL[5] : EMPTY
 CELL[6] : EMPTY
 CELL[7] : EMPTY
 CELL[8] : EMPTY
 Next table : NO

Table de vides :
Table 0 :
 CELL[0] : 150477
   Data : ERROR
 CELL[1] : 110285
   Data size : 10176
   Data type : 1
   Data : EMPTY
 CELL[2] : 10189
   Data size : 9984
   Data type : 1
   Data : EMPTY
 CELL[3] : 130477
   Data size : 9984
   Data type : 1
   Data : EMPTY
 CELL[4] : EMPTY
 CELL[5] : EMPTY
 CELL[6] : EMPTY
 CELL[7] : EMPTY
 CELL[8] : EMPTY
 Next table : NO

======================Affichage Tables======================
[18:44:55][DEBUG] Get_level | level : 0
[18:44:55][DEBUG] Get_level | File opened: level.lvl
[18:44:55][DEBUG] find_tableEntryOfIdx | globalIndexEntry = 0, addrTable = 13, numTable = 0
[18:44:55][DEBUG] get_table | addrTable = 13
[18:44:55][DEBUG] get_table | retour : firstAddress = 189, nextTable = 90189
[18:44:55][DEBUG] find_tableEntryOfIdx | entry find ! localIndex = 0
[18:44:55][DEBUG] get_data_info | addr = 189
[18:44:55][INFO] get_data_info | retour : type = 3, size = 9984
[18:44:55][DEBUG] find_tableEntryOfIdx | return the cell info, addr_cell = 189, addr_table = 13, idx_table = 0, type_data = 3
[18:44:55][DEBUG] Get_level | Table entry found : type = 3, addrCell = 189, addrTable = 13, idx = 0
[18:44:55][DEBUG] Get_data | Set cursor at addr = 189
[18:44:55][DEBUG] get_data_info | addr = 189
[18:44:55][INFO] get_data_info | retour : type = 3, size = 9984
[18:44:55][DEBUG] Get_data | dataInfo : type = 3, size = 9984
[18:44:55][DEBUG] Get_data | Success! data : 9781A460
[18:44:55][DEBUG] Get_level | dataInfo.type = 3, dataInfo.size = 9984
[18:44:55][DEBUG] Get_level | data = 9781A460
[18:44:55][INFO] Level Converter | Convert bytes to level: 9984 bytes.
[18:44:55][INFO] Level Converter | Convert bytes to level: Success! 156 items.
[18:44:55][DEBUG] Get_level | level : 0, success! 156 items loaded!
[18:44:55][INFO] Main | First level found and loaded.
[18:44:55][INFO] Main | First level : 156 items loaded
[18:44:55][DEBUG] Show_table | reading file : level.lvl
[18:44:55][DEBUG] get_table | addrTable = 13
[18:44:55][DEBUG] get_table | retour : firstAddress = 189, nextTable = 90189
[18:44:55][DEBUG] Get_data | Set cursor at addr = 189
[18:44:55][DEBUG] get_data_info | addr = 189
[18:44:55][INFO] get_data_info | retour : type = 3, size = 9984
[18:44:55][DEBUG] Get_data | dataInfo : type = 3, size = 9984
[18:44:55][DEBUG] Get_data | Success! data : 9782EFB0
[18:44:55][DEBUG] Get_data | Set cursor at addr = 140477
[18:44:55][DEBUG] get_data_info | addr = 140477
[18:44:55][INFO] get_data_info | retour : type = 3, size = 9984
[18:44:55][DEBUG] Get_data | dataInfo : type = 3, size = 9984
[18:44:55][DEBUG] Get_data | Success! data : 978316C0
[18:44:55][DEBUG] Get_data | Set cursor at addr = 20189
[18:44:55][DEBUG] get_data_info | addr = 20189
[18:44:55][INFO] get_data_info | retour : type = 3, size = 9984
[18:44:55][DEBUG] Get_data | dataInfo : type = 3, size = 9984
[18:44:55][DEBUG] Get_data | Success! data : 97833DD0
[18:44:55][DEBUG] Get_data | Set cursor at addr = 30189
[18:44:55][DEBUG] get_data_info | addr = 30189
[18:44:55][INFO] get_data_info | retour : type = 3, size = 9984
[18:44:55][DEBUG] Get_data | dataInfo : type = 3, size = 9984
[18:44:55][DEBUG] Get_data | Success! data : 978364E0
[18:44:55][DEBUG] Get_data | Set cursor at addr = 40189
[18:44:55][DEBUG] get_data_info | addr = 40189
[18:44:55][INFO] get_data_info | retour : type = 3, size = 9984
[18:44:55][DEBUG] Get_data | dataInfo : type = 3, size = 9984
[18:44:55][DEBUG] Get_data | Success! data : 97838BF0
[18:44:55][DEBUG] Get_data | Set cursor at addr = 50189
[18:44:55][DEBUG] get_data_info | addr = 50189
[18:44:55][INFO] get_data_info | retour : type = 3, size = 9984
[18:44:55][DEBUG] Get_data | dataInfo : type = 3, size = 9984
[18:44:55][DEBUG] Get_data | Success! data : 9783B300
[18:44:55][DEBUG] Get_data | Set cursor at addr = 60189
[18:44:55][DEBUG] get_data_info | addr = 60189
[18:44:55][INFO] get_data_info | retour : type = 3, size = 9984
[18:44:55][DEBUG] Get_data | dataInfo : type = 3, size = 9984
[18:44:55][DEBUG] Get_data | Success! data : 9783DA10
[18:44:55][DEBUG] Get_data | Set cursor at addr = 70189
[18:44:55][DEBUG] get_data_info | addr = 70189
[18:44:55][INFO] get_data_info | retour : type = 3, size = 9984
[18:44:55][DEBUG] Get_data | dataInfo : type = 3, size = 9984
[18:44:55][DEBUG] Get_data | Success! data : 97840120
[18:44:55][DEBUG] Get_data | Set cursor at addr = 80189
[18:44:55][DEBUG] get_data_info | addr = 80189
[18:44:55][INFO] get_data_info | retour : type = 3, size = 9984
[18:44:55][DEBUG] Get_data | dataInfo : type = 3, size = 9984
[18:44:55][DEBUG] Get_data | Success! data : 97842830
[18:44:55][DEBUG] get_table | addrTable = 90189
[18:44:55][DEBUG] get_data_info | addr = 90189
[18:44:55][INFO] get_data_info | retour : type = 2, size = 80
[18:44:55][DEBUG] get_table | retour : firstAddress = 90285, nextTable = -1
[18:44:55][DEBUG] Get_data | Set cursor at addr = 90285
[18:44:55][DEBUG] get_data_info | addr = 90285
[18:44:55][INFO] get_data_info | retour : type = 3, size = 9984
[18:44:55][DEBUG] Get_data | dataInfo : type = 3, size = 9984
[18:44:55][DEBUG] Get_data | Success! data : 97844FA0
[18:44:55][DEBUG] Get_data | Set cursor at addr = 100285
[18:44:55][DEBUG] get_data_info | addr = 100285
[18:44:55][INFO] get_data_info | retour : type = 3, size = 9984
[18:44:55][DEBUG] Get_data | dataInfo : type = 3, size = 9984
[18:44:55][DEBUG] Get_data | Success! data : 97847750
[18:44:55][DEBUG] Get_data | Set cursor at addr = 120477
[18:44:55][DEBUG] get_data_info | addr = 120477
[18:44:55][INFO] get_data_info | retour : type = 3, size = 9984
[18:44:55][DEBUG] Get_data | dataInfo : type = 3, size = 9984
[18:44:55][DEBUG] Get_data | Success! data : 97849F00
[18:44:55][DEBUG] Get_data | Set cursor at addr = 120477
[18:44:55][DEBUG] get_data_info | addr = 120477
[18:44:55][INFO] get_data_info | retour : type = 3, size = 9984
[18:44:55][DEBUG] Get_data | dataInfo : type = 3, size = 9984
[18:44:55][DEBUG] Get_data | Success! data : 9784C6B0
[18:44:55][DEBUG] Show_table | Table vides
[18:44:55][DEBUG] get_table | addrTable = 93
[18:44:55][DEBUG] get_data_info | addr = 93
[18:44:55][INFO] get_data_info | retour : type = 2, size = 80
[18:44:55][DEBUG] get_table | retour : firstAddress = 150477, nextTable = -1
[18:44:55][DEBUG] Get_data | Set cursor at addr = 150477
[18:44:55][DEBUG] get_data_info | addr = 150477
[18:44:55][INFO] get_data_info | retour : type = 1, size = -30016
[18:44:55][DEBUG] Get_data | dataInfo : type = 1, size = -30016
[18:44:55][DEBUG] Get_data | ERROR read data : Bad address
[18:44:55][DEBUG] Get_data | Set cursor at addr = 110285
[18:44:55][DEBUG] get_data_info | addr = 110285
[18:44:55][INFO] get_data_info | retour : type = 1, size = 10176
[18:44:55][DEBUG] Get_data | dataInfo : type = 1, size = 10176
[18:44:55][DEBUG] Get_data | Success! data : 9784EFA0
[18:44:55][DEBUG] Get_data | Set cursor at addr = 10189
[18:44:55][DEBUG] get_data_info | addr = 10189
[18:44:55][INFO] get_data_info | retour : type = 1, size = 9984
[18:44:55][DEBUG] Get_data | dataInfo : type = 1, size = 9984
[18:44:55][DEBUG] Get_data | Success! data : 97851810
[18:44:55][DEBUG] Get_data | Set cursor at addr = 130477
[18:44:55][DEBUG] get_data_info | addr = 130477
[18:44:55][INFO] get_data_info | retour : type = 1, size = 9984
[18:44:55][DEBUG] Get_data | dataInfo : type = 1, size = 9984
[18:44:55][DEBUG] Get_data | Success! data : 97853FC0
[18:44:55][DEBUG] Show_table | Success
[18:44:55][INFO] 
======================Affichage Tables======================

∞ì$ÍTables :
Table 0 :
 CELL[0] : 189
   Data size : 9984
   Data type : 3
   Data : 156 map's items
 CELL[1] : 140477
   Data size : 9984
   Data type : 3
   Data : 156 map's items
 CELL[2] : 20189
   Data size : 9984
   Data type : 3
   Data : 156 map's items
 CELL[3] : 30189
   Data size : 9984
   Data type : 3
   Data : 156 map's items
 CELL[4] : 40189
   Data size : 9984
   Data type : 3
   Data : 156 map's items
 CELL[5] : 50189
   Data size : 9984
   Data type : 3
   Data : 156 map's items
 CELL[6] : 60189
   Data size : 9984
   Data type : 3
   Data : 156 map's items
 CELL[7] : 70189
   Data size : 9984
   Data type : 3
   Data : 156 map's items
 CELL[8] : 80189
   Data size : 9984
   Data type : 3
   Data : 156 map's items
 Next table : YES

Table 1 :
 CELL[0] : 90285
   Data size : 9984
   Data type : 3
   Data : 156 map's items
 CELL[1] : 100285
   Data size : 9984
   Data type : 3
   Data : 156 map's items
 CELL[2] : 120477
   Data size : 9984
   Data type : 3
   Data : 156 map's items
 CELL[3] : 120477
   Data size : 9984
   Data type : 3
   Data : 156 map's items
 CELL[4] : EMPTY
 CELL[5] : EMPTY
 CELL[6] : EMPTY
 CELL[7] : EMPTY
 CELL[8] : EMPTY
 Next table : NO

Table de vides :
Table 0 :
 CELL[0] : 150477
   Data : ERROR
 CELL[1] : 110285
   Data size : 10176
   Data type : 1
   Data : EMPTY
 CELL[2] : 10189
   Data size : 9984
   Data type : 1
   Data : EMPTY
 CELL[3] : 130477
   Data size : 9984
   Data type : 1
   Data : EMPTY
 CELL[4] : EMPTY
 CELL[5] : EMPTY
 CELL[6] : EMPTY
 CELL[7] : EMPTY
 CELL[8] : EMPTY
 Next table : NO

======================Affichage Tables======================
[18:44:55][DEBUG] free_file | file = level.lvl
[18:45:03][INFO] Main | Ncurses windows deleted, now loading file...
[18:45:03][DEBUG] File loaded: level.lvl, 4
[18:45:03][INFO] Main | Saving level 1...
[18:45:03][DEBUG] Save_level | level : 1
[18:45:03][DEBUG] find_tableEntryOfIdx | globalIndexEntry = 1, addrTable = 13, numTable = 0
[18:45:03][DEBUG] get_table | addrTable = 13
[18:45:03][DEBUG] get_table | retour : firstAddress = 189, nextTable = 90189
[18:45:03][DEBUG] find_tableEntryOfIdx | entry find ! localIndex = 1
[18:45:03][DEBUG] get_data_info | addr = 140477
[18:45:03][INFO] get_data_info | retour : type = 3, size = 9984
[18:45:03][DEBUG] find_tableEntryOfIdx | return the cell info, addr_cell = 140477, addr_table = 13, idx_table = 1, type_data = 3
[18:45:03][DEBUG] Save_level | Table entry found : type = 3, addrCell = 140477, addrTable = 13, idx = 1
[18:45:03][INFO] Level Converter | Convert level to bytes: 156 items.
[18:45:03][INFO] Level Converter | Convert level to bytes: Success! 9984 bytes.
[18:45:03][DEBUG] Save_level | Success level converted to bytes: 97856750, size = 9984 bytes
[18:45:03][DEBUG] Save_level | Level 1 found, update level..
[18:45:03][DEBUG] Remove_level | level : 1
[18:45:03][DEBUG] transform_to_empty | globalIndexEntry = 1, addrTable = 13, numTable = 0
[18:45:03][DEBUG] get_table | addrTable = 13
[18:45:03][DEBUG] get_table | retour : firstAddress = 189, nextTable = 90189
[18:45:03][DEBUG] transform_to_empty | entry find ! localIndex = 1
[18:45:03][DEBUG] get_data_info | addr = 140477
[18:45:03][INFO] get_data_info | retour : type = 3, size = 9984
[18:45:03][DEBUG] transform_to_empty | Update the data_info
[18:45:03][DEBUG] transform_to_empty | Rewrite DataInfo and Erase data from 140477 to 150477
[18:45:03][DEBUG] find_av_tableEntry | addrTable = 93
[18:45:03][DEBUG] get_table | addrTable = 93
[18:45:03][DEBUG] get_data_info | addr = 93
[18:45:03][INFO] get_data_info | retour : type = 2, size = 80
[18:45:03][DEBUG] get_table | retour : firstAddress = 150477, nextTable = -1
[18:45:03][DEBUG] find_av_tableEntry | entry not used found at index = 4 of table = 93
[18:45:03][DEBUG] transform_to_empty: Find space on empty table addr = 93 on index 4
[18:45:03][DEBUG] get_table | addrTable = 93
[18:45:03][DEBUG] get_data_info | addr = 93
[18:45:03][INFO] get_data_info | retour : type = 2, size = 80
[18:45:03][DEBUG] get_table | retour : firstAddress = 150477, nextTable = -1
[18:45:03][DEBUG] write_table | addrTable = 93
[18:45:03][DEBUG] write_table | not first table
[18:45:03][DEBUG] write_table | retour : success!
[18:45:03][DEBUG] transform_to_empty: Register the empty space successfully
[18:45:03][DEBUG] transform_to_empty | Unregister the old data address
[18:45:03][DEBUG] write_table | addrTable = 13
[18:45:03][DEBUG] write_table | first table
[18:45:03][DEBUG] write_table | retour : success!
[18:45:03][DEBUG] transform_to_empty | End of transformation
[18:45:03][DEBUG] Remove_level | level : 1, success : 1
[18:45:03][DEBUG] add_data | data: 97856750, size: 9984, data_type: 3
[18:45:03][DEBUG] find_av_tableEntry | addrTable = 13
[18:45:03][DEBUG] get_table | addrTable = 13
[18:45:03][DEBUG] get_table | retour : firstAddress = 189, nextTable = 90189
[18:45:03][DEBUG] find_av_tableEntry | entry not used found at index = 1 of table = 13
[18:45:03][DEBUG] add_data | tableEntry : addr_table = 13, idx_table = 1, type_data = 0, addr_cell = -1
[18:45:03][DEBUG] get_table | addrTable = 13
[18:45:03][DEBUG] get_table | retour : firstAddress = 189, nextTable = 90189
[18:45:03][DEBUG] get_empty | sizeNeeded = 9984, addrTable = 93
[18:45:03][DEBUG] get_table | addrTable = 93
[18:45:03][DEBUG] get_data_info | addr = 93
[18:45:03][INFO] get_data_info | retour : type = 2, size = 80
[18:45:03][DEBUG] get_table | retour : firstAddress = 150477, nextTable = -1
[18:45:03][DEBUG] get_empty | Check table for an empty space...
[18:45:03][DEBUG] get_empty | Empty found at index = 0 pointing to addr = 150477
[18:45:03][DEBUG] get_data_info | addr = 150477
[18:45:03][INFO] get_data_info | retour : type = 1, size = -30016
[18:45:03][DEBUG] get_empty | This empty had a size of -30016
[18:45:03][DEBUG] get_empty | Espace vide suffisament grand trouv√©!
[18:45:03][DEBUG] add_data | Empty space found, addr: 150477, size : -30016
[18:45:03][DEBUG] update_empty | addrEmpty = 150477, sizeNeeded = 9984
[18:45:03][DEBUG] get_table | addrTable = 93
[18:45:03][DEBUG] get_data_info | addr = 93
[18:45:03][INFO] get_data_info | retour : type = 2, size = 80
[18:45:03][DEBUG] get_table | retour : firstAddress = 150477, nextTable = -1
[18:45:03][DEBUG] write_data_info | addr = 160477
[18:45:03][INFO] write_data_info | retour : type = 1, size = -40016
[18:45:03][DEBUG] update_empty | addrEmpty updated in table sizeLeft = 18446744073709511600, addrOfNewEmpty = 160477
[18:45:03][DEBUG] write_table | addrTable = 93
[18:45:03][DEBUG] write_table | not first table
[18:45:03][DEBUG] write_table | retour : success!
[18:45:03][DEBUG] update_empty | retour : success!
[18:45:03][DEBUG] write_data_info | addr = 150477
[18:45:03][INFO] write_data_info | retour : type = 3, size = 9984
[18:45:03][DEBUG] write_table | addrTable = 13
[18:45:03][DEBUG] write_table | first table
[18:45:03][DEBUG] write_table | retour : success!
[18:45:03][DEBUG] add_data | Data added at addr = 150477, idx = 1, tableAddr = 13
[18:45:03][DEBUG] Save_level | Success level 1 updated
[18:45:03][INFO] Main | Level 1 saved
[18:45:03][DEBUG] Show_table | reading file : level.lvl
[18:45:03][DEBUG] get_table | addrTable = 13
[18:45:03][DEBUG] get_table | retour : firstAddress = 189, nextTable = 90189
[18:45:03][DEBUG] Get_data | Set cursor at addr = 189
[18:45:03][DEBUG] get_data_info | addr = 189
[18:45:03][INFO] get_data_info | retour : type = 3, size = 9984
[18:45:03][DEBUG] Get_data | dataInfo : type = 3, size = 9984
[18:45:03][DEBUG] Get_data | Success! data : 97858760
[18:45:03][DEBUG] Get_data | Set cursor at addr = 150477
[18:45:03][DEBUG] get_data_info | addr = 150477
[18:45:03][INFO] get_data_info | retour : type = 3, size = 9984
[18:45:03][DEBUG] Get_data | dataInfo : type = 3, size = 9984
[18:45:03][DEBUG] Get_data | Success! data : 9785AE70
[18:45:03][DEBUG] Get_data | Set cursor at addr = 20189
[18:45:03][DEBUG] get_data_info | addr = 20189
[18:45:03][INFO] get_data_info | retour : type = 3, size = 9984
[18:45:03][DEBUG] Get_data | dataInfo : type = 3, size = 9984
[18:45:03][DEBUG] Get_data | Success! data : 9785D580
[18:45:03][DEBUG] Get_data | Set cursor at addr = 30189
[18:45:03][DEBUG] get_data_info | addr = 30189
[18:45:03][INFO] get_data_info | retour : type = 3, size = 9984
[18:45:03][DEBUG] Get_data | dataInfo : type = 3, size = 9984
[18:45:03][DEBUG] Get_data | Success! data : 9785FC90
[18:45:03][DEBUG] Get_data | Set cursor at addr = 40189
[18:45:03][DEBUG] get_data_info | addr = 40189
[18:45:03][INFO] get_data_info | retour : type = 3, size = 9984
[18:45:03][DEBUG] Get_data | dataInfo : type = 3, size = 9984
[18:45:03][DEBUG] Get_data | Success! data : 978623A0
[18:45:03][DEBUG] Get_data | Set cursor at addr = 50189
[18:45:03][DEBUG] get_data_info | addr = 50189
[18:45:03][INFO] get_data_info | retour : type = 3, size = 9984
[18:45:03][DEBUG] Get_data | dataInfo : type = 3, size = 9984
[18:45:03][DEBUG] Get_data | Success! data : 97864AB0
[18:45:03][DEBUG] Get_data | Set cursor at addr = 60189
[18:45:03][DEBUG] get_data_info | addr = 60189
[18:45:03][INFO] get_data_info | retour : type = 3, size = 9984
[18:45:03][DEBUG] Get_data | dataInfo : type = 3, size = 9984
[18:45:03][DEBUG] Get_data | Success! data : 978671C0
[18:45:03][DEBUG] Get_data | Set cursor at addr = 70189
[18:45:03][DEBUG] get_data_info | addr = 70189
[18:45:03][INFO] get_data_info | retour : type = 3, size = 9984
[18:45:03][DEBUG] Get_data | dataInfo : type = 3, size = 9984
[18:45:03][DEBUG] Get_data | Success! data : 978698D0
[18:45:03][DEBUG] Get_data | Set cursor at addr = 80189
[18:45:03][DEBUG] get_data_info | addr = 80189
[18:45:03][INFO] get_data_info | retour : type = 3, size = 9984
[18:45:03][DEBUG] Get_data | dataInfo : type = 3, size = 9984
[18:45:03][DEBUG] Get_data | Success! data : 9786BFE0
[18:45:03][DEBUG] get_table | addrTable = 90189
[18:45:03][DEBUG] get_data_info | addr = 90189
[18:45:03][INFO] get_data_info | retour : type = 2, size = 80
[18:45:03][DEBUG] get_table | retour : firstAddress = 90285, nextTable = -1
[18:45:03][DEBUG] Get_data | Set cursor at addr = 90285
[18:45:03][DEBUG] get_data_info | addr = 90285
[18:45:03][INFO] get_data_info | retour : type = 3, size = 9984
[18:45:03][DEBUG] Get_data | dataInfo : type = 3, size = 9984
[18:45:03][DEBUG] Get_data | Success! data : 9786E6F0
[18:45:03][DEBUG] Get_data | Set cursor at addr = 100285
[18:45:03][DEBUG] get_data_info | addr = 100285
[18:45:03][INFO] get_data_info | retour : type = 3, size = 9984
[18:45:03][DEBUG] Get_data | dataInfo : type = 3, size = 9984
[18:45:03][DEBUG] Get_data | Success! data : 97870E00
[18:45:03][DEBUG] Get_data | Set cursor at addr = 120477
[18:45:03][DEBUG] get_data_info | addr = 120477
[18:45:03][INFO] get_data_info | retour : type = 3, size = 9984
[18:45:03][DEBUG] Get_data | dataInfo : type = 3, size = 9984
[18:45:03][DEBUG] Get_data | Success! data : 97873510
[18:45:03][DEBUG] Get_data | Set cursor at addr = 120477
[18:45:03][DEBUG] get_data_info | addr = 120477
[18:45:03][INFO] get_data_info | retour : type = 3, size = 9984
[18:45:03][DEBUG] Get_data | dataInfo : type = 3, size = 9984
[18:45:03][DEBUG] Get_data | Success! data : 97875C20
[18:45:03][DEBUG] Show_table | Table vides
[18:45:03][DEBUG] get_table | addrTable = 93
[18:45:03][DEBUG] get_data_info | addr = 93
[18:45:03][INFO] get_data_info | retour : type = 2, size = 80
[18:45:03][DEBUG] get_table | retour : firstAddress = 160477, nextTable = -1
[18:45:03][DEBUG] Get_data | Set cursor at addr = 160477
[18:45:03][DEBUG] get_data_info | addr = 160477
[18:45:03][INFO] get_data_info | retour : type = 1, size = -40016
[18:45:03][DEBUG] Get_data | dataInfo : type = 1, size = -40016
[18:45:03][DEBUG] Get_data | ERROR read data : Bad address
[18:45:03][DEBUG] Get_data | Set cursor at addr = 110285
[18:45:03][DEBUG] get_data_info | addr = 110285
[18:45:03][INFO] get_data_info | retour : type = 1, size = 10176
[18:45:03][DEBUG] Get_data | dataInfo : type = 1, size = 10176
[18:45:03][DEBUG] Get_data | Success! data : 97878510
[18:45:03][DEBUG] Get_data | Set cursor at addr = 10189
[18:45:03][DEBUG] get_data_info | addr = 10189
[18:45:03][INFO] get_data_info | retour : type = 1, size = 9984
[18:45:03][DEBUG] Get_data | dataInfo : type = 1, size = 9984
[18:45:03][DEBUG] Get_data | Success! data : 9787AD80
[18:45:03][DEBUG] Get_data | Set cursor at addr = 130477
[18:45:03][DEBUG] get_data_info | addr = 130477
[18:45:03][INFO] get_data_info | retour : type = 1, size = 9984
[18:45:03][DEBUG] Get_data | dataInfo : type = 1, size = 9984
[18:45:03][DEBUG] Get_data | Success! data : 9787D530
[18:45:03][DEBUG] Get_data | Set cursor at addr = 140477
[18:45:03][DEBUG] get_data_info | addr = 140477
[18:45:03][INFO] get_data_info | retour : type = 1, size = 9984
[18:45:03][DEBUG] Get_data | dataInfo : type = 1, size = 9984
[18:45:03][DEBUG] Get_data | Success! data : 9787FCE0
[18:45:03][DEBUG] Show_table | Success
[18:45:03][INFO] 
======================Affichage Tables======================

Tables :
Table 0 :
 CELL[0] : 189
   Data size : 9984
   Data type : 3
   Data : 156 map's items
 CELL[1] : 150477
   Data size : 9984
   Data type : 3
   Data : 156 map's items
 CELL[2] : 20189
   Data size : 9984
   Data type : 3
   Data : 156 map's items
 CELL[3] : 30189
   Data size : 9984
   Data type : 3
   Data : 156 map's items
 CELL[4] : 40189
   Data size : 9984
   Data type : 3
   Data : 156 map's items
 CELL[5] : 50189
   Data size : 9984
   Data type : 3
   Data : 156 map's items
 CELL[6] : 60189
   Data size : 9984
   Data type : 3
   Data : 156 map's items
 CELL[7] : 70189
   Data size : 9984
   Data type : 3
   Data : 156 map's items
 CELL[8] : 80189
   Data size : 9984
   Data type : 3
   Data : 156 map's items
 Next table : YES

Table 1 :
 CELL[0] : 90285
   Data size : 9984
   Data type : 3
   Data : 156 map's items
 CELL[1] : 100285
   Data size : 9984
   Data type : 3
   Data : 156 map's items
 CELL[2] : 120477
   Data size : 9984
   Data type : 3
   Data : 156 map's items
 CELL[3] : 120477
   Data size : 9984
   Data type : 3
   Data : 156 map's items
 CELL[4] : EMPTY
 CELL[5] : EMPTY
 CELL[6] : EMPTY
 CELL[7] : EMPTY
 CELL[8] : EMPTY
 Next table : NO

Table de vides :
Table 0 :
 CELL[0] : 160477
   Data : ERROR
 CELL[1] : 110285
   Data size : 10176
   Data type : 1
   Data : EMPTY
 CELL[2] : 10189
   Data size : 9984
   Data type : 1
   Data : EMPTY
 CELL[3] : 130477
   Data size : 9984
   Data type : 1
   Data : EMPTY
 CELL[4] : 140477
   Data size : 9984
   Data type : 1
   Data : EMPTY
 CELL[5] : EMPTY
 CELL[6] : EMPTY
 CELL[7] : EMPTY
 CELL[8] : EMPTY
 Next table : NO

======================Affichage Tables======================
[18:45:03][DEBUG] free_file | file = level.lvl
[18:45:03][INFO] End of the session of the game.
