[14:54:29][INFO] Main | Loading first level from file...
[14:54:29][DEBUG] init_table | Initialisation √† ADDR_UNUSED des entr√©es de la table.
[14:54:29][DEBUG] Tag written: GAMEOFTABLES, size_tag : 13
[14:54:29][DEBUG] Cursor at : 109
[14:54:29][DEBUG] File created: level.lvl, 4
[14:54:29][DEBUG] load_file: file level.lvl has been create.
[14:54:29][INFO] Main | File loaded
[14:54:29][DEBUG] Show_table | reading file : level.lvl
[14:54:29][DEBUG] get_table | addrTable = 13
[14:54:29][DEBUG] get_table | retour : firstAddress = -1, nextTable = -1
[14:54:29][DEBUG] Show_table | Table vides
[14:54:29][DEBUG] get_table | addrTable = 93
[14:54:29][DEBUG] get_data_info | addr = 93
[14:54:29][INFO] get_data_info | retour : type = 2, size = 80
[14:54:29][DEBUG] get_table | retour : firstAddress = -1, nextTable = -1
[14:54:29][DEBUG] Show_table | Success
[14:54:29][INFO] 
======================Affichage Tables======================

Tables :
Table 0 :
 CELL[0] : EMPTY
 CELL[1] : EMPTY
 CELL[2] : EMPTY
 CELL[3] : EMPTY
 CELL[4] : EMPTY
 CELL[5] : EMPTY
 CELL[6] : EMPTY
 CELL[7] : EMPTY
 CELL[8] : EMPTY
 Next table : NO

Table de vides :
Table 0 :
 CELL[0] : EMPTY
 CELL[1] : EMPTY
 CELL[2] : EMPTY
 CELL[3] : EMPTY
 CELL[4] : EMPTY
 CELL[5] : EMPTY
 CELL[6] : EMPTY
 CELL[7] : EMPTY
 CELL[8] : EMPTY
 Next table : NO

======================Affichage Tables======================
[14:54:29][DEBUG] Get_level | level : 0
[14:54:29][DEBUG] Get_level | File opened: level.lvl
[14:54:29][DEBUG] find_tableEntryOfIdx | globalIndexEntry = 0, addrTable = 13, numTable = 0
[14:54:29][DEBUG] get_table | addrTable = 13
[14:54:29][DEBUG] get_table | retour : firstAddress = -1, nextTable = -1
[14:54:29][DEBUG] find_tableEntryOfIdx | entry find ! localIndex = 0
[14:54:29][DEBUG] find_tableEntryOfIdx | L'indice n'a pas d'adresse d√©finie.
[14:54:29][DEBUG] Get_level | Table entry found : type = 0, addrCell = -1, addrTable = -1, idx = -1
[14:54:29][DEBUG] Get_level | Level not found
[14:54:29][INFO] Main | First level not found, empty level generated.
[14:54:29][DEBUG] Show_table | reading file : level.lvl
[14:54:29][DEBUG] get_table | addrTable = 13
[14:54:29][DEBUG] get_table | retour : firstAddress = -1, nextTable = -1
[14:54:29][DEBUG] Show_table | Table vides
[14:54:29][DEBUG] get_table | addrTable = 93
[14:54:29][DEBUG] get_data_info | addr = 93
[14:54:29][INFO] get_data_info | retour : type = 2, size = 80
[14:54:29][DEBUG] get_table | retour : firstAddress = -1, nextTable = -1
[14:54:29][DEBUG] Show_table | Success
[14:54:29][INFO] 
======================Affichage Tables======================

Tables :
Table 0 :
 CELL[0] : EMPTY
 CELL[1] : EMPTY
 CELL[2] : EMPTY
 CELL[3] : EMPTY
 CELL[4] : EMPTY
 CELL[5] : EMPTY
 CELL[6] : EMPTY
 CELL[7] : EMPTY
 CELL[8] : EMPTY
 Next table : NO

Table de vides :
Table 0 :
 CELL[0] : EMPTY
 CELL[1] : EMPTY
 CELL[2] : EMPTY
 CELL[3] : EMPTY
 CELL[4] : EMPTY
 CELL[5] : EMPTY
 CELL[6] : EMPTY
 CELL[7] : EMPTY
 CELL[8] : EMPTY
 Next table : NO

======================Affichage Tables======================
[14:54:29][DEBUG] free_file | file = level.lvl
[14:55:10][DEBUG] File loaded: level.lvl, 4
[14:55:10][DEBUG] Show_table | reading file : level.lvl
[14:55:10][DEBUG] get_table | addrTable = 13
[14:55:10][DEBUG] get_table | retour : firstAddress = -1, nextTable = -1
[14:55:10][DEBUG] Show_table | Table vides
[14:55:10][DEBUG] get_table | addrTable = 93
[14:55:10][DEBUG] get_data_info | addr = 93
[14:55:10][INFO] get_data_info | retour : type = 2, size = 80
[14:55:10][DEBUG] get_table | retour : firstAddress = -1, nextTable = -1
[14:55:10][DEBUG] Show_table | Success
[14:55:10][INFO] 
======================Affichage Tables======================

Tables :
Table 0 :
 CELL[0] : EMPTY
 CELL[1] : EMPTY
 CELL[2] : EMPTY
 CELL[3] : EMPTY
 CELL[4] : EMPTY
 CELL[5] : EMPTY
 CELL[6] : EMPTY
 CELL[7] : EMPTY
 CELL[8] : EMPTY
 Next table : NO

Table de vides :
Table 0 :
 CELL[0] : EMPTY
 CELL[1] : EMPTY
 CELL[2] : EMPTY
 CELL[3] : EMPTY
 CELL[4] : EMPTY
 CELL[5] : EMPTY
 CELL[6] : EMPTY
 CELL[7] : EMPTY
 CELL[8] : EMPTY
 Next table : NO

======================Affichage Tables======================
[14:55:10][DEBUG] Save_level | level : 0
[14:55:10][DEBUG] find_tableEntryOfIdx | globalIndexEntry = 0, addrTable = 13, numTable = 0
[14:55:10][DEBUG] get_table | addrTable = 13
[14:55:10][DEBUG] get_table | retour : firstAddress = -1, nextTable = -1
[14:55:10][DEBUG] find_tableEntryOfIdx | entry find ! localIndex = 0
[14:55:10][DEBUG] find_tableEntryOfIdx | L'indice n'a pas d'adresse d√©finie.
[14:55:10][DEBUG] Save_level | Table entry found : type = 0, addrCell = -1, addrTable = -1, idx = -1
[14:55:10][INFO] Level Converter | Convert level to bytes: 156 items.
[14:55:10][INFO] Level Converter | Convert level to bytes: Success! 9984 bytes.
[14:55:10][DEBUG] Save_level | Success level converted to bytes: 8BD7E1B0, size = 9984 bytes
[14:55:10][DEBUG] Save_level | Level 0 not found, write new level...
[14:55:10][DEBUG] add_data | data: 8BD7E1B0, size: 9984, data_type: 3
[14:55:10][DEBUG] find_av_tableEntry | addrTable = 13
[14:55:10][DEBUG] get_table | addrTable = 13
[14:55:10][DEBUG] get_table | retour : firstAddress = -1, nextTable = -1
[14:55:10][DEBUG] find_av_tableEntry | entry not used found at index = 0 of table = 13
[14:55:10][DEBUG] add_data | tableEntry : addr_table = 13, idx_table = 0, type_data = 0, addr_cell = -1
[14:55:10][DEBUG] get_table | addrTable = 13
[14:55:10][DEBUG] get_table | retour : firstAddress = -1, nextTable = -1
[14:55:10][DEBUG] get_empty | sizeNeeded = 9984, addrTable = 93
[14:55:10][DEBUG] get_table | addrTable = 93
[14:55:10][DEBUG] get_data_info | addr = 93
[14:55:10][INFO] get_data_info | retour : type = 2, size = 80
[14:55:10][DEBUG] get_table | retour : firstAddress = -1, nextTable = -1
[14:55:10][DEBUG] get_empty | Check table for an empty space...
[14:55:10][DEBUG] get_empty | no more table to check, no empty space found
[14:55:10][DEBUG] add_data | No empty space found, set cursor at the end of file
[14:55:10][DEBUG] write_data_info | addr = 189
[14:55:10][INFO] write_data_info | retour : type = 3, size = 9984
[14:55:10][DEBUG] write_table | addrTable = 13
[14:55:10][DEBUG] write_table | first table
[14:55:10][DEBUG] write_table | retour : success!
[14:55:10][DEBUG] add_data | Data added at addr = 189, idx = 0, tableAddr = 13
[14:55:10][DEBUG] Save_level | Success level 0 save created
[14:55:10][DEBUG] Get_level | level : 1
[14:55:10][DEBUG] Get_level | File opened: level.lvl
[14:55:10][DEBUG] find_tableEntryOfIdx | globalIndexEntry = 1, addrTable = 13, numTable = 0
[14:55:10][DEBUG] get_table | addrTable = 13
[14:55:10][DEBUG] get_table | retour : firstAddress = 189, nextTable = -1
[14:55:10][DEBUG] find_tableEntryOfIdx | entry find ! localIndex = 1
[14:55:10][DEBUG] find_tableEntryOfIdx | L'indice n'a pas d'adresse d√©finie.
[14:55:10][DEBUG] Get_level | Table entry found : type = 0, addrCell = -1, addrTable = -1, idx = -1
[14:55:10][DEBUG] Get_level | Level not found
[14:55:10][INFO] Main | Level 1 not found, empty level generated
[14:55:10][DEBUG] Show_table | reading file : level.lvl
[14:55:10][DEBUG] get_table | addrTable = 13
[14:55:10][DEBUG] get_table | retour : firstAddress = 189, nextTable = -1
[14:55:10][DEBUG] Get_data | Set cursor at addr = 189
[14:55:10][DEBUG] get_data_info | addr = 189
[14:55:10][INFO] get_data_info | retour : type = 3, size = 9984
[14:55:10][DEBUG] Get_data | dataInfo : type = 3, size = 9984
[14:55:10][DEBUG] Get_data | Success! data : 8BD80C00
[14:55:10][DEBUG] Show_table | Table vides
[14:55:10][DEBUG] get_table | addrTable = 93
[14:55:10][DEBUG] get_data_info | addr = 93
[14:55:10][INFO] get_data_info | retour : type = 2, size = 80
[14:55:10][DEBUG] get_table | retour : firstAddress = -1, nextTable = -1
[14:55:10][DEBUG] Show_table | Success
[14:55:10][INFO] 
======================Affichage Tables======================

†c‚ÇTables :
Table 0 :
 CELL[0] : 189
   Data size : 9984
   Data type : 3
   Data : 156 map's items
 CELL[1] : EMPTY
 CELL[2] : EMPTY
 CELL[3] : EMPTY
 CELL[4] : EMPTY
 CELL[5] : EMPTY
 CELL[6] : EMPTY
 CELL[7] : EMPTY
 CELL[8] : EMPTY
 Next table : NO

Table de vides :
Table 0 :
 CELL[0] : EMPTY
 CELL[1] : EMPTY
 CELL[2] : EMPTY
 CELL[3] : EMPTY
 CELL[4] : EMPTY
 CELL[5] : EMPTY
 CELL[6] : EMPTY
 CELL[7] : EMPTY
 CELL[8] : EMPTY
 Next table : NO

======================Affichage Tables======================
[14:55:10][DEBUG] free_file | file = level.lvl
[14:55:10][INFO] Main | New level load : 1, Old level save : 0
[14:55:10][INFO] Main | Level 1 : 156 items loaded
[14:55:38][DEBUG] File loaded: level.lvl, 4
[14:55:38][DEBUG] Show_table | reading file : level.lvl
[14:55:38][DEBUG] get_table | addrTable = 13
[14:55:38][DEBUG] get_table | retour : firstAddress = 189, nextTable = -1
[14:55:38][DEBUG] Get_data | Set cursor at addr = 189
[14:55:38][DEBUG] get_data_info | addr = 189
[14:55:38][INFO] get_data_info | retour : type = 3, size = 9984
[14:55:38][DEBUG] Get_data | dataInfo : type = 3, size = 9984
[14:55:38][DEBUG] Get_data | Success! data : 8BD85320
[14:55:38][DEBUG] Show_table | Table vides
[14:55:38][DEBUG] get_table | addrTable = 93
[14:55:38][DEBUG] get_data_info | addr = 93
[14:55:38][INFO] get_data_info | retour : type = 2, size = 80
[14:55:38][DEBUG] get_table | retour : firstAddress = -1, nextTable = -1
[14:55:38][DEBUG] Show_table | Success
[14:55:38][INFO] 
======================Affichage Tables======================

Tables :
Table 0 :
 CELL[0] : 189
   Data size : 9984
   Data type : 3
   Data : 156 map's items
 CELL[1] : EMPTY
 CELL[2] : EMPTY
 CELL[3] : EMPTY
 CELL[4] : EMPTY
 CELL[5] : EMPTY
 CELL[6] : EMPTY
 CELL[7] : EMPTY
 CELL[8] : EMPTY
 Next table : NO

Table de vides :
Table 0 :
 CELL[0] : EMPTY
 CELL[1] : EMPTY
 CELL[2] : EMPTY
 CELL[3] : EMPTY
 CELL[4] : EMPTY
 CELL[5] : EMPTY
 CELL[6] : EMPTY
 CELL[7] : EMPTY
 CELL[8] : EMPTY
 Next table : NO

======================Affichage Tables======================
[14:55:38][DEBUG] Save_level | level : 1
[14:55:38][DEBUG] find_tableEntryOfIdx | globalIndexEntry = 1, addrTable = 13, numTable = 0
[14:55:38][DEBUG] get_table | addrTable = 13
[14:55:38][DEBUG] get_table | retour : firstAddress = 189, nextTable = -1
[14:55:38][DEBUG] find_tableEntryOfIdx | entry find ! localIndex = 1
[14:55:38][DEBUG] find_tableEntryOfIdx | L'indice n'a pas d'adresse d√©finie.
[14:55:38][DEBUG] Save_level | Table entry found : type = 0, addrCell = -1, addrTable = -1, idx = -1
[14:55:38][INFO] Level Converter | Convert level to bytes: 156 items.
[14:55:38][INFO] Level Converter | Convert level to bytes: Success! 9984 bytes.
[14:55:38][DEBUG] Save_level | Success level converted to bytes: 8BD87A30, size = 9984 bytes
[14:55:38][DEBUG] Save_level | Level 1 not found, write new level...
[14:55:38][DEBUG] add_data | data: 8BD87A30, size: 9984, data_type: 3
[14:55:38][DEBUG] find_av_tableEntry | addrTable = 13
[14:55:38][DEBUG] get_table | addrTable = 13
[14:55:38][DEBUG] get_table | retour : firstAddress = 189, nextTable = -1
[14:55:38][DEBUG] find_av_tableEntry | entry not used found at index = 1 of table = 13
[14:55:38][DEBUG] add_data | tableEntry : addr_table = 13, idx_table = 1, type_data = 0, addr_cell = -1
[14:55:38][DEBUG] get_table | addrTable = 13
[14:55:38][DEBUG] get_table | retour : firstAddress = 189, nextTable = -1
[14:55:38][DEBUG] get_empty | sizeNeeded = 9984, addrTable = 93
[14:55:38][DEBUG] get_table | addrTable = 93
[14:55:38][DEBUG] get_data_info | addr = 93
[14:55:38][INFO] get_data_info | retour : type = 2, size = 80
[14:55:38][DEBUG] get_table | retour : firstAddress = -1, nextTable = -1
[14:55:38][DEBUG] get_empty | Check table for an empty space...
[14:55:38][DEBUG] get_empty | no more table to check, no empty space found
[14:55:38][DEBUG] add_data | No empty space found, set cursor at the end of file
[14:55:38][DEBUG] write_data_info | addr = 10189
[14:55:38][INFO] write_data_info | retour : type = 3, size = 9984
[14:55:38][DEBUG] write_table | addrTable = 13
[14:55:38][DEBUG] write_table | first table
[14:55:38][DEBUG] write_table | retour : success!
[14:55:38][DEBUG] add_data | Data added at addr = 10189, idx = 1, tableAddr = 13
[14:55:38][DEBUG] Save_level | Success level 1 save created
[14:55:38][DEBUG] Get_level | level : 2
[14:55:38][DEBUG] Get_level | File opened: level.lvl
[14:55:38][DEBUG] find_tableEntryOfIdx | globalIndexEntry = 2, addrTable = 13, numTable = 0
[14:55:38][DEBUG] get_table | addrTable = 13
[14:55:38][DEBUG] get_table | retour : firstAddress = 189, nextTable = -1
[14:55:38][DEBUG] find_tableEntryOfIdx | entry find ! localIndex = 2
[14:55:38][DEBUG] find_tableEntryOfIdx | L'indice n'a pas d'adresse d√©finie.
[14:55:38][DEBUG] Get_level | Table entry found : type = 0, addrCell = -1, addrTable = -1, idx = -1
[14:55:38][DEBUG] Get_level | Level not found
[14:55:38][INFO] Main | Level 2 not found, empty level generated
[14:55:38][DEBUG] Show_table | reading file : level.lvl
[14:55:38][DEBUG] get_table | addrTable = 13
[14:55:38][DEBUG] get_table | retour : firstAddress = 189, nextTable = -1
[14:55:38][DEBUG] Get_data | Set cursor at addr = 189
[14:55:38][DEBUG] get_data_info | addr = 189
[14:55:38][INFO] get_data_info | retour : type = 3, size = 9984
[14:55:38][DEBUG] Get_data | dataInfo : type = 3, size = 9984
[14:55:38][DEBUG] Get_data | Success! data : 8BD8A420
[14:55:38][DEBUG] Get_data | Set cursor at addr = 10189
[14:55:38][DEBUG] get_data_info | addr = 10189
[14:55:38][INFO] get_data_info | retour : type = 3, size = 9984
[14:55:38][DEBUG] Get_data | dataInfo : type = 3, size = 9984
[14:55:38][DEBUG] Get_data | Success! data : 8BD8CB30
[14:55:38][DEBUG] Show_table | Table vides
[14:55:38][DEBUG] get_table | addrTable = 93
[14:55:38][DEBUG] get_data_info | addr = 93
[14:55:38][INFO] get_data_info | retour : type = 2, size = 80
[14:55:38][DEBUG] get_table | retour : firstAddress = -1, nextTable = -1
[14:55:38][DEBUG] Show_table | Success
[14:55:38][INFO] 
======================Affichage Tables======================

†c‚ÇTables :
Table 0 :
 CELL[0] : 189
   Data size : 9984
   Data type : 3
   Data : 156 map's items
 CELL[1] : 10189
   Data size : 9984
   Data type : 3
   Data : 156 map's items
 CELL[2] : EMPTY
 CELL[3] : EMPTY
 CELL[4] : EMPTY
 CELL[5] : EMPTY
 CELL[6] : EMPTY
 CELL[7] : EMPTY
 CELL[8] : EMPTY
 Next table : NO

Table de vides :
Table 0 :
 CELL[0] : EMPTY
 CELL[1] : EMPTY
 CELL[2] : EMPTY
 CELL[3] : EMPTY
 CELL[4] : EMPTY
 CELL[5] : EMPTY
 CELL[6] : EMPTY
 CELL[7] : EMPTY
 CELL[8] : EMPTY
 Next table : NO

======================Affichage Tables======================
[14:55:38][DEBUG] free_file | file = level.lvl
[14:55:38][INFO] Main | New level load : 2, Old level save : 1
[14:55:38][INFO] Main | Level 2 : 156 items loaded
[14:55:58][DEBUG] File loaded: level.lvl, 4
[14:55:58][DEBUG] Show_table | reading file : level.lvl
[14:55:58][DEBUG] get_table | addrTable = 13
[14:55:58][DEBUG] get_table | retour : firstAddress = 189, nextTable = -1
[14:55:58][DEBUG] Get_data | Set cursor at addr = 189
[14:55:58][DEBUG] get_data_info | addr = 189
[14:55:58][INFO] get_data_info | retour : type = 3, size = 9984
[14:55:58][DEBUG] Get_data | dataInfo : type = 3, size = 9984
[14:55:58][DEBUG] Get_data | Success! data : 8BD91250
[14:55:58][DEBUG] Get_data | Set cursor at addr = 10189
[14:55:58][DEBUG] get_data_info | addr = 10189
[14:55:58][INFO] get_data_info | retour : type = 3, size = 9984
[14:55:58][DEBUG] Get_data | dataInfo : type = 3, size = 9984
[14:55:58][DEBUG] Get_data | Success! data : 8BD93960
[14:55:58][DEBUG] Show_table | Table vides
[14:55:58][DEBUG] get_table | addrTable = 93
[14:55:58][DEBUG] get_data_info | addr = 93
[14:55:58][INFO] get_data_info | retour : type = 2, size = 80
[14:55:58][DEBUG] get_table | retour : firstAddress = -1, nextTable = -1
[14:55:58][DEBUG] Show_table | Success
[14:55:58][INFO] 
======================Affichage Tables======================

Tables :
Table 0 :
 CELL[0] : 189
   Data size : 9984
   Data type : 3
   Data : 156 map's items
 CELL[1] : 10189
   Data size : 9984
   Data type : 3
   Data : 156 map's items
 CELL[2] : EMPTY
 CELL[3] : EMPTY
 CELL[4] : EMPTY
 CELL[5] : EMPTY
 CELL[6] : EMPTY
 CELL[7] : EMPTY
 CELL[8] : EMPTY
 Next table : NO

Table de vides :
Table 0 :
 CELL[0] : EMPTY
 CELL[1] : EMPTY
 CELL[2] : EMPTY
 CELL[3] : EMPTY
 CELL[4] : EMPTY
 CELL[5] : EMPTY
 CELL[6] : EMPTY
 CELL[7] : EMPTY
 CELL[8] : EMPTY
 Next table : NO

======================Affichage Tables======================
[14:55:58][DEBUG] Save_level | level : 2
[14:55:58][DEBUG] find_tableEntryOfIdx | globalIndexEntry = 2, addrTable = 13, numTable = 0
[14:55:58][DEBUG] get_table | addrTable = 13
[14:55:58][DEBUG] get_table | retour : firstAddress = 189, nextTable = -1
[14:55:58][DEBUG] find_tableEntryOfIdx | entry find ! localIndex = 2
[14:55:58][DEBUG] find_tableEntryOfIdx | L'indice n'a pas d'adresse d√©finie.
[14:55:58][DEBUG] Save_level | Table entry found : type = 0, addrCell = -1, addrTable = -1, idx = -1
[14:55:58][INFO] Level Converter | Convert level to bytes: 156 items.
[14:55:58][INFO] Level Converter | Convert level to bytes: Success! 9984 bytes.
[14:55:58][DEBUG] Save_level | Success level converted to bytes: 8BD96170, size = 9984 bytes
[14:55:58][DEBUG] Save_level | Level 2 not found, write new level...
[14:55:58][DEBUG] add_data | data: 8BD96170, size: 9984, data_type: 3
[14:55:58][DEBUG] find_av_tableEntry | addrTable = 13
[14:55:58][DEBUG] get_table | addrTable = 13
[14:55:58][DEBUG] get_table | retour : firstAddress = 189, nextTable = -1
[14:55:58][DEBUG] find_av_tableEntry | entry not used found at index = 2 of table = 13
[14:55:58][DEBUG] add_data | tableEntry : addr_table = 13, idx_table = 2, type_data = 0, addr_cell = -1
[14:55:58][DEBUG] get_table | addrTable = 13
[14:55:58][DEBUG] get_table | retour : firstAddress = 189, nextTable = -1
[14:55:58][DEBUG] get_empty | sizeNeeded = 9984, addrTable = 93
[14:55:58][DEBUG] get_table | addrTable = 93
[14:55:58][DEBUG] get_data_info | addr = 93
[14:55:58][INFO] get_data_info | retour : type = 2, size = 80
[14:55:58][DEBUG] get_table | retour : firstAddress = -1, nextTable = -1
[14:55:58][DEBUG] get_empty | Check table for an empty space...
[14:55:58][DEBUG] get_empty | no more table to check, no empty space found
[14:55:58][DEBUG] add_data | No empty space found, set cursor at the end of file
[14:55:58][DEBUG] write_data_info | addr = 20189
[14:55:58][INFO] write_data_info | retour : type = 3, size = 9984
[14:55:58][DEBUG] write_table | addrTable = 13
[14:55:58][DEBUG] write_table | first table
[14:55:58][DEBUG] write_table | retour : success!
[14:55:58][DEBUG] add_data | Data added at addr = 20189, idx = 2, tableAddr = 13
[14:55:58][DEBUG] Save_level | Success level 2 save created
[14:55:58][DEBUG] Get_level | level : 1
[14:55:58][DEBUG] Get_level | File opened: level.lvl
[14:55:58][DEBUG] find_tableEntryOfIdx | globalIndexEntry = 1, addrTable = 13, numTable = 0
[14:55:58][DEBUG] get_table | addrTable = 13
[14:55:58][DEBUG] get_table | retour : firstAddress = 189, nextTable = -1
[14:55:58][DEBUG] find_tableEntryOfIdx | entry find ! localIndex = 1
[14:55:58][DEBUG] get_data_info | addr = 10189
[14:55:58][INFO] get_data_info | retour : type = 3, size = 9984
[14:55:58][DEBUG] find_tableEntryOfIdx | return the cell info, addr_cell = 10189, addr_table = 13, idx_table = 1, type_data = 3
[14:55:58][DEBUG] Get_level | Table entry found : type = 3, addrCell = 10189, addrTable = 13, idx = 1
[14:55:58][DEBUG] Get_data | Set cursor at addr = 10189
[14:55:58][DEBUG] get_data_info | addr = 10189
[14:55:58][INFO] get_data_info | retour : type = 3, size = 9984
[14:55:58][DEBUG] Get_data | dataInfo : type = 3, size = 9984
[14:55:58][DEBUG] Get_data | Success! data : 8BD98BC0
[14:55:58][DEBUG] Get_level | dataInfo.type = 3, dataInfo.size = 9984
[14:55:58][DEBUG] Get_level | data = 8BD98BC0
[14:55:58][INFO] Level Converter | Convert bytes to level: 9984 bytes.
[14:55:58][INFO] Level Converter | Convert bytes to level: Success! 156 items.
[14:55:58][DEBUG] Get_level | level : 1, success! 156 items loaded!
[14:55:58][DEBUG] Show_table | reading file : level.lvl
[14:55:58][DEBUG] get_table | addrTable = 13
[14:55:58][DEBUG] get_table | retour : firstAddress = 189, nextTable = -1
[14:55:58][DEBUG] Get_data | Set cursor at addr = 189
[14:55:58][DEBUG] get_data_info | addr = 189
[14:55:58][INFO] get_data_info | retour : type = 3, size = 9984
[14:55:58][DEBUG] Get_data | dataInfo : type = 3, size = 9984
[14:55:58][DEBUG] Get_data | Success! data : 8BDAB3C0
[14:55:58][DEBUG] Get_data | Set cursor at addr = 10189
[14:55:58][DEBUG] get_data_info | addr = 10189
[14:55:58][INFO] get_data_info | retour : type = 3, size = 9984
[14:55:58][DEBUG] Get_data | dataInfo : type = 3, size = 9984
[14:55:58][DEBUG] Get_data | Success! data : 8BDADAD0
[14:55:58][DEBUG] Get_data | Set cursor at addr = 20189
[14:55:58][DEBUG] get_data_info | addr = 20189
[14:55:58][INFO] get_data_info | retour : type = 3, size = 9984
[14:55:58][DEBUG] Get_data | dataInfo : type = 3, size = 9984
[14:55:58][DEBUG] Get_data | Success! data : 8BDB01E0
[14:55:58][DEBUG] Show_table | Table vides
[14:55:58][DEBUG] get_table | addrTable = 93
[14:55:58][DEBUG] get_data_info | addr = 93
[14:55:58][INFO] get_data_info | retour : type = 2, size = 80
[14:55:58][DEBUG] get_table | retour : firstAddress = -1, nextTable = -1
[14:55:58][DEBUG] Show_table | Success
[14:55:58][INFO] 
======================Affichage Tables======================

∞c‚ÇTables :
Table 0 :
 CELL[0] : 189
   Data size : 9984
   Data type : 3
   Data : 156 map's items
 CELL[1] : 10189
   Data size : 9984
   Data type : 3
   Data : 156 map's items
 CELL[2] : 20189
   Data size : 9984
   Data type : 3
   Data : 156 map's items
 CELL[3] : EMPTY
 CELL[4] : EMPTY
 CELL[5] : EMPTY
 CELL[6] : EMPTY
 CELL[7] : EMPTY
 CELL[8] : EMPTY
 Next table : NO

Table de vides :
Table 0 :
 CELL[0] : EMPTY
 CELL[1] : EMPTY
 CELL[2] : EMPTY
 CELL[3] : EMPTY
 CELL[4] : EMPTY
 CELL[5] : EMPTY
 CELL[6] : EMPTY
 CELL[7] : EMPTY
 CELL[8] : EMPTY
 Next table : NO

======================Affichage Tables======================
[14:55:58][DEBUG] free_file | file = level.lvl
[14:55:58][INFO] Main | New level load : 1, Old level save : 2
[14:55:58][INFO] Main | Level 1 : 156 items loaded
[14:56:25][DEBUG] File loaded: level.lvl, 4
[14:56:25][DEBUG] Show_table | reading file : level.lvl
[14:56:25][DEBUG] get_table | addrTable = 13
[14:56:25][DEBUG] get_table | retour : firstAddress = 189, nextTable = -1
[14:56:25][DEBUG] Get_data | Set cursor at addr = 189
[14:56:25][DEBUG] get_data_info | addr = 189
[14:56:25][INFO] get_data_info | retour : type = 3, size = 9984
[14:56:25][DEBUG] Get_data | dataInfo : type = 3, size = 9984
[14:56:25][DEBUG] Get_data | Success! data : 8BDB4900
[14:56:25][DEBUG] Get_data | Set cursor at addr = 10189
[14:56:25][DEBUG] get_data_info | addr = 10189
[14:56:25][INFO] get_data_info | retour : type = 3, size = 9984
[14:56:25][DEBUG] Get_data | dataInfo : type = 3, size = 9984
[14:56:25][DEBUG] Get_data | Success! data : 8BDB7010
[14:56:25][DEBUG] Get_data | Set cursor at addr = 20189
[14:56:25][DEBUG] get_data_info | addr = 20189
[14:56:25][INFO] get_data_info | retour : type = 3, size = 9984
[14:56:25][DEBUG] Get_data | dataInfo : type = 3, size = 9984
[14:56:25][DEBUG] Get_data | Success! data : 8BDB9720
[14:56:25][DEBUG] Show_table | Table vides
[14:56:25][DEBUG] get_table | addrTable = 93
[14:56:25][DEBUG] get_data_info | addr = 93
[14:56:25][INFO] get_data_info | retour : type = 2, size = 80
[14:56:25][DEBUG] get_table | retour : firstAddress = -1, nextTable = -1
[14:56:25][DEBUG] Show_table | Success
[14:56:25][INFO] 
======================Affichage Tables======================

Tables :
Table 0 :
 CELL[0] : 189
   Data size : 9984
   Data type : 3
   Data : 156 map's items
 CELL[1] : 10189
   Data size : 9984
   Data type : 3
   Data : 156 map's items
 CELL[2] : 20189
   Data size : 9984
   Data type : 3
   Data : 156 map's items
 CELL[3] : EMPTY
 CELL[4] : EMPTY
 CELL[5] : EMPTY
 CELL[6] : EMPTY
 CELL[7] : EMPTY
 CELL[8] : EMPTY
 Next table : NO

Table de vides :
Table 0 :
 CELL[0] : EMPTY
 CELL[1] : EMPTY
 CELL[2] : EMPTY
 CELL[3] : EMPTY
 CELL[4] : EMPTY
 CELL[5] : EMPTY
 CELL[6] : EMPTY
 CELL[7] : EMPTY
 CELL[8] : EMPTY
 Next table : NO

======================Affichage Tables======================
[14:56:25][DEBUG] Save_level | level : 1
[14:56:25][DEBUG] find_tableEntryOfIdx | globalIndexEntry = 1, addrTable = 13, numTable = 0
[14:56:25][DEBUG] get_table | addrTable = 13
[14:56:25][DEBUG] get_table | retour : firstAddress = 189, nextTable = -1
[14:56:25][DEBUG] find_tableEntryOfIdx | entry find ! localIndex = 1
[14:56:25][DEBUG] get_data_info | addr = 10189
[14:56:25][INFO] get_data_info | retour : type = 3, size = 9984
[14:56:25][DEBUG] find_tableEntryOfIdx | return the cell info, addr_cell = 10189, addr_table = 13, idx_table = 1, type_data = 3
[14:56:25][DEBUG] Save_level | Table entry found : type = 3, addrCell = 10189, addrTable = 13, idx = 1
[14:56:25][INFO] Level Converter | Convert level to bytes: 156 items.
[14:56:25][INFO] Level Converter | Convert level to bytes: Success! 9984 bytes.
[14:56:25][DEBUG] Save_level | Success level converted to bytes: 8BDBBF50, size = 9984 bytes
[14:56:25][DEBUG] Save_level | Level 1 found, update level..
[14:56:25][DEBUG] Remove_level | level : 1
[14:56:25][DEBUG] transform_to_empty | globalIndexEntry = 1, addrTable = 13, numTable = 0
[14:56:25][DEBUG] get_table | addrTable = 13
[14:56:25][DEBUG] get_table | retour : firstAddress = 189, nextTable = -1
[14:56:25][DEBUG] transform_to_empty | entry find ! localIndex = 1
[14:56:25][DEBUG] get_data_info | addr = 10189
[14:56:25][INFO] get_data_info | retour : type = 3, size = 9984
[14:56:25][DEBUG] transform_to_empty | Update the data_info
[14:56:25][DEBUG] transform_to_empty | Rewrite DataInfo and Erase data at 10189
[14:56:25][DEBUG] find_av_tableEntry | addrTable = 93
[14:56:25][DEBUG] get_table | addrTable = 93
[14:56:25][DEBUG] get_data_info | addr = 93
[14:56:25][INFO] get_data_info | retour : type = 2, size = 80
[14:56:25][DEBUG] get_table | retour : firstAddress = -1, nextTable = -1
[14:56:25][DEBUG] find_av_tableEntry | entry not used found at index = 0 of table = 93
[14:56:25][DEBUG] transform_to_empty: Find space on empty table addr = 93 on index 0
[14:56:25][DEBUG] get_table | addrTable = 93
[14:56:25][DEBUG] get_data_info | addr = 93
[14:56:25][INFO] get_data_info | retour : type = 2, size = 80
[14:56:25][DEBUG] get_table | retour : firstAddress = -1, nextTable = -1
[14:56:25][DEBUG] write_table | addrTable = 93
[14:56:25][DEBUG] write_table | not first table
[14:56:25][DEBUG] write_table | retour : success!
[14:56:25][DEBUG] transform_to_empty: Register the empty space successfully
[14:56:25][DEBUG] transform_to_empty | Unregister the old data address
[14:56:25][DEBUG] write_table | addrTable = 13
[14:56:25][DEBUG] write_table | first table
[14:56:25][DEBUG] write_table | retour : success!
[14:56:25][DEBUG] transform_to_empty | End of transformation
[14:56:25][DEBUG] Remove_level | level : 1, success : 1
[14:56:25][DEBUG] add_data | data: 8BDBBF50, size: 9984, data_type: 3
[14:56:25][DEBUG] find_av_tableEntry | addrTable = 13
[14:56:25][DEBUG] get_table | addrTable = 13
[14:56:25][DEBUG] get_table | retour : firstAddress = 189, nextTable = -1
[14:56:25][DEBUG] find_av_tableEntry | entry not used found at index = 1 of table = 13
[14:56:25][DEBUG] add_data | tableEntry : addr_table = 13, idx_table = 1, type_data = 0, addr_cell = -1
[14:56:25][DEBUG] get_table | addrTable = 13
[14:56:25][DEBUG] get_table | retour : firstAddress = 189, nextTable = -1
[14:56:25][DEBUG] get_empty | sizeNeeded = 9984, addrTable = 93
[14:56:25][DEBUG] get_table | addrTable = 93
[14:56:25][DEBUG] get_data_info | addr = 93
[14:56:25][INFO] get_data_info | retour : type = 2, size = 80
[14:56:25][DEBUG] get_table | retour : firstAddress = 10189, nextTable = -1
[14:56:25][DEBUG] get_empty | Check table for an empty space...
[14:56:25][DEBUG] get_empty | Empty found at index = 0 pointing to addr = 10189
[14:56:25][DEBUG] get_data_info | addr = 10189
[14:56:25][INFO] get_data_info | retour : type = 1, size = 9984
[14:56:25][DEBUG] get_empty | This empty had a size of 9984
[14:56:25][DEBUG] get_empty | Espace vide suffisament grand trouv√©!
[14:56:25][DEBUG] add_data | Empty space found, addr: 10189, size : 9984
[14:56:25][DEBUG] update_empty | addrEmpty = 10189, sizeNeeded = 9984
[14:56:25][DEBUG] get_table | addrTable = 93
[14:56:25][DEBUG] get_data_info | addr = 93
[14:56:25][INFO] get_data_info | retour : type = 2, size = 80
[14:56:25][DEBUG] get_table | retour : firstAddress = 10189, nextTable = -1
[14:56:25][DEBUG] write_data_info | addr = 20189
[14:56:25][INFO] write_data_info | retour : type = 1, size = -16
[14:56:25][DEBUG] update_empty | addrEmpty updated in table
[14:56:25][DEBUG] write_table | addrTable = 93
[14:56:25][DEBUG] write_table | not first table
[14:56:25][DEBUG] write_table | retour : success!
[14:56:25][DEBUG] update_empty | retour : success!
[14:56:25][DEBUG] write_data_info | addr = 10189
[14:56:25][INFO] write_data_info | retour : type = 3, size = 9984
[14:56:25][DEBUG] write_table | addrTable = 13
[14:56:25][DEBUG] write_table | first table
[14:56:25][DEBUG] write_table | retour : success!
[14:56:25][DEBUG] add_data | Data added at addr = 10189, idx = 1, tableAddr = 13
[14:56:25][DEBUG] Save_level | Success level 1 updated
[14:56:25][DEBUG] Get_level | level : 0
[14:56:25][DEBUG] Get_level | File opened: level.lvl
[14:56:25][DEBUG] find_tableEntryOfIdx | globalIndexEntry = 0, addrTable = 13, numTable = 0
[14:56:25][DEBUG] get_table | addrTable = 13
[14:56:25][DEBUG] get_table | retour : firstAddress = 189, nextTable = -1
[14:56:25][DEBUG] find_tableEntryOfIdx | entry find ! localIndex = 0
[14:56:25][DEBUG] get_data_info | addr = 189
[14:56:25][INFO] get_data_info | retour : type = 3, size = 9984
[14:56:25][DEBUG] find_tableEntryOfIdx | return the cell info, addr_cell = 189, addr_table = 13, idx_table = 0, type_data = 3
[14:56:25][DEBUG] Get_level | Table entry found : type = 3, addrCell = 189, addrTable = 13, idx = 0
[14:56:25][DEBUG] Get_data | Set cursor at addr = 189
[14:56:25][DEBUG] get_data_info | addr = 189
[14:56:25][INFO] get_data_info | retour : type = 3, size = 9984
[14:56:25][DEBUG] Get_data | dataInfo : type = 3, size = 9984
[14:56:25][DEBUG] Get_data | Success! data : 8BDBEF60
[14:56:25][DEBUG] Get_level | dataInfo.type = 3, dataInfo.size = 9984
[14:56:25][DEBUG] Get_level | data = 8BDBEF60
[14:56:25][INFO] Level Converter | Convert bytes to level: 9984 bytes.
[14:56:25][INFO] Level Converter | Convert bytes to level: Success! 156 items.
[14:56:25][DEBUG] Get_level | level : 0, success! 156 items loaded!
[14:56:25][DEBUG] Show_table | reading file : level.lvl
[14:56:25][DEBUG] get_table | addrTable = 13
[14:56:25][DEBUG] get_table | retour : firstAddress = 189, nextTable = -1
[14:56:25][DEBUG] Get_data | Set cursor at addr = 189
[14:56:25][DEBUG] get_data_info | addr = 189
[14:56:25][INFO] get_data_info | retour : type = 3, size = 9984
[14:56:25][DEBUG] Get_data | dataInfo : type = 3, size = 9984
[14:56:25][DEBUG] Get_data | Success! data : 8BDD1760
[14:56:25][DEBUG] Get_data | Set cursor at addr = 10189
[14:56:25][DEBUG] get_data_info | addr = 10189
[14:56:25][INFO] get_data_info | retour : type = 3, size = 9984
[14:56:25][DEBUG] Get_data | dataInfo : type = 3, size = 9984
[14:56:25][DEBUG] Get_data | Success! data : 8BDD3E70
[14:56:25][DEBUG] Get_data | Set cursor at addr = 20189
[14:56:25][DEBUG] get_data_info | addr = 20189
[14:56:25][INFO] get_data_info | retour : type = 1, size = -16
[14:56:25][DEBUG] Get_data | dataInfo : type = 1, size = -16
[14:56:25][DEBUG] Get_data | ERROR read data : Bad address
[14:56:25][DEBUG] Show_table | Table vides
[14:56:25][DEBUG] get_table | addrTable = 93
[14:56:25][DEBUG] get_data_info | addr = 93
[14:56:25][INFO] get_data_info | retour : type = 2, size = 80
[14:56:25][DEBUG] get_table | retour : firstAddress = 20189, nextTable = -1
[14:56:25][DEBUG] Get_data | Set cursor at addr = 20189
[14:56:25][DEBUG] get_data_info | addr = 20189
[14:56:25][INFO] get_data_info | retour : type = 1, size = -16
[14:56:25][DEBUG] Get_data | dataInfo : type = 1, size = -16
[14:56:25][DEBUG] Get_data | ERROR read data : Bad address
[14:56:25][DEBUG] Show_table | Success
[14:56:25][INFO] 
======================Affichage Tables======================

∞c‚ÇTables :
Table 0 :
 CELL[0] : 189
   Data size : 9984
   Data type : 3
   Data : 156 map's items
 CELL[1] : 10189
   Data size : 9984
   Data type : 3
   Data : 156 map's items
 CELL[2] : 20189
   Data : ERROR
 CELL[3] : EMPTY
 CELL[4] : EMPTY
 CELL[5] : EMPTY
 CELL[6] : EMPTY
 CELL[7] : EMPTY
 CELL[8] : EMPTY
 Next table : NO

Table de vides :
Table 0 :
 CELL[0] : 20189
   Data : ERROR
 CELL[1] : EMPTY
 CELL[2] : EMPTY
 CELL[3] : EMPTY
 CELL[4] : EMPTY
 CELL[5] : EMPTY
 CELL[6] : EMPTY
 CELL[7] : EMPTY
 CELL[8] : EMPTY
 Next table : NO

======================Affichage Tables======================
[14:56:25][DEBUG] free_file | file = level.lvl
[14:56:25][INFO] Main | New level load : 0, Old level save : 1
[14:56:25][INFO] Main | Level 0 : 156 items loaded
[14:59:36][INFO] Main | Ncurses windows deleted, now loading file...
[14:59:36][DEBUG] File loaded: level.lvl, 4
[14:59:36][INFO] Main | Saving level 1...
[14:59:36][DEBUG] Save_level | level : 1
[14:59:36][DEBUG] find_tableEntryOfIdx | globalIndexEntry = 1, addrTable = 13, numTable = 0
[14:59:36][DEBUG] get_table | addrTable = 13
[14:59:36][DEBUG] get_table | retour : firstAddress = 189, nextTable = -1
[14:59:36][DEBUG] find_tableEntryOfIdx | entry find ! localIndex = 1
[14:59:36][DEBUG] get_data_info | addr = 10189
[14:59:36][INFO] get_data_info | retour : type = 3, size = 9984
[14:59:36][DEBUG] find_tableEntryOfIdx | return the cell info, addr_cell = 10189, addr_table = 13, idx_table = 1, type_data = 3
[14:59:36][DEBUG] Save_level | Table entry found : type = 3, addrCell = 10189, addrTable = 13, idx = 1
[14:59:36][INFO] Level Converter | Convert level to bytes: 156 items.
[14:59:36][INFO] Level Converter | Convert level to bytes: Success! 9984 bytes.
[14:59:36][DEBUG] Save_level | Success level converted to bytes: 8BDD83F0, size = 9984 bytes
[14:59:36][DEBUG] Save_level | Level 1 found, update level..
[14:59:36][DEBUG] Remove_level | level : 1
[14:59:36][DEBUG] transform_to_empty | globalIndexEntry = 1, addrTable = 13, numTable = 0
[14:59:36][DEBUG] get_table | addrTable = 13
[14:59:36][DEBUG] get_table | retour : firstAddress = 189, nextTable = -1
[14:59:36][DEBUG] transform_to_empty | entry find ! localIndex = 1
[14:59:36][DEBUG] get_data_info | addr = 10189
[14:59:36][INFO] get_data_info | retour : type = 3, size = 9984
[14:59:36][DEBUG] transform_to_empty | Update the data_info
[14:59:36][DEBUG] transform_to_empty | Rewrite DataInfo and Erase data at 10189
[14:59:36][DEBUG] find_av_tableEntry | addrTable = 93
[14:59:36][DEBUG] get_table | addrTable = 93
[14:59:36][DEBUG] get_data_info | addr = 93
[14:59:36][INFO] get_data_info | retour : type = 2, size = 80
[14:59:36][DEBUG] get_table | retour : firstAddress = 20189, nextTable = -1
[14:59:36][DEBUG] find_av_tableEntry | entry not used found at index = 1 of table = 93
[14:59:36][DEBUG] transform_to_empty: Find space on empty table addr = 93 on index 1
[14:59:36][DEBUG] get_table | addrTable = 93
[14:59:36][DEBUG] get_data_info | addr = 93
[14:59:36][INFO] get_data_info | retour : type = 2, size = 80
[14:59:36][DEBUG] get_table | retour : firstAddress = 20189, nextTable = -1
[14:59:36][DEBUG] write_table | addrTable = 93
[14:59:36][DEBUG] write_table | not first table
[14:59:36][DEBUG] write_table | retour : success!
[14:59:36][DEBUG] transform_to_empty: Register the empty space successfully
[14:59:36][DEBUG] transform_to_empty | Unregister the old data address
[14:59:36][DEBUG] write_table | addrTable = 13
[14:59:36][DEBUG] write_table | first table
[14:59:36][DEBUG] write_table | retour : success!
[14:59:36][DEBUG] transform_to_empty | End of transformation
[14:59:36][DEBUG] Remove_level | level : 1, success : 1
[14:59:36][DEBUG] add_data | data: 8BDD83F0, size: 9984, data_type: 3
[14:59:36][DEBUG] find_av_tableEntry | addrTable = 13
[14:59:36][DEBUG] get_table | addrTable = 13
[14:59:36][DEBUG] get_table | retour : firstAddress = 189, nextTable = -1
[14:59:36][DEBUG] find_av_tableEntry | entry not used found at index = 1 of table = 13
[14:59:36][DEBUG] add_data | tableEntry : addr_table = 13, idx_table = 1, type_data = 0, addr_cell = -1
[14:59:36][DEBUG] get_table | addrTable = 13
[14:59:36][DEBUG] get_table | retour : firstAddress = 189, nextTable = -1
[14:59:36][DEBUG] get_empty | sizeNeeded = 9984, addrTable = 93
[14:59:36][DEBUG] get_table | addrTable = 93
[14:59:36][DEBUG] get_data_info | addr = 93
[14:59:36][INFO] get_data_info | retour : type = 2, size = 80
[14:59:36][DEBUG] get_table | retour : firstAddress = 20189, nextTable = -1
[14:59:36][DEBUG] get_empty | Check table for an empty space...
[14:59:36][DEBUG] get_empty | Empty found at index = 0 pointing to addr = 20189
[14:59:36][DEBUG] get_data_info | addr = 20189
[14:59:36][INFO] get_data_info | retour : type = 1, size = -16
[14:59:36][DEBUG] get_empty | This empty had a size of -16
[14:59:36][DEBUG] get_empty | Espace vide suffisament grand trouv√©!
[14:59:36][DEBUG] add_data | Empty space found, addr: 20189, size : -16
[14:59:36][DEBUG] update_empty | addrEmpty = 20189, sizeNeeded = 9984
[14:59:36][DEBUG] get_table | addrTable = 93
[14:59:36][DEBUG] get_data_info | addr = 93
[14:59:36][INFO] get_data_info | retour : type = 2, size = 80
[14:59:36][DEBUG] get_table | retour : firstAddress = 20189, nextTable = -1
[14:59:36][DEBUG] write_data_info | addr = 30189
[14:59:36][INFO] write_data_info | retour : type = 1, size = -10016
[14:59:36][DEBUG] update_empty | addrEmpty updated in table
[14:59:36][DEBUG] write_table | addrTable = 93
[14:59:36][DEBUG] write_table | not first table
[14:59:36][DEBUG] write_table | retour : success!
[14:59:36][DEBUG] update_empty | retour : success!
[14:59:36][DEBUG] write_data_info | addr = 20189
[14:59:36][INFO] write_data_info | retour : type = 3, size = 9984
[14:59:36][DEBUG] write_table | addrTable = 13
[14:59:36][DEBUG] write_table | first table
[14:59:36][DEBUG] write_table | retour : success!
[14:59:36][DEBUG] add_data | Data added at addr = 20189, idx = 1, tableAddr = 13
[14:59:36][DEBUG] Save_level | Success level 1 updated
[14:59:36][INFO] Main | Level 1 saved
[14:59:36][DEBUG] Show_table | reading file : level.lvl
[14:59:36][DEBUG] get_table | addrTable = 13
[14:59:36][DEBUG] get_table | retour : firstAddress = 189, nextTable = -1
[14:59:36][DEBUG] Get_data | Set cursor at addr = 189
[14:59:36][DEBUG] get_data_info | addr = 189
[14:59:36][INFO] get_data_info | retour : type = 3, size = 9984
[14:59:36][DEBUG] Get_data | dataInfo : type = 3, size = 9984
[14:59:36][DEBUG] Get_data | Success! data : 8BDDA400
[14:59:36][DEBUG] Get_data | Set cursor at addr = 20189
[14:59:36][DEBUG] get_data_info | addr = 20189
[14:59:36][INFO] get_data_info | retour : type = 3, size = 9984
[14:59:36][DEBUG] Get_data | dataInfo : type = 3, size = 9984
[14:59:36][DEBUG] Get_data | Success! data : 8BDDCB10
[14:59:36][DEBUG] Get_data | Set cursor at addr = 20189
[14:59:36][DEBUG] get_data_info | addr = 20189
[14:59:36][INFO] get_data_info | retour : type = 3, size = 9984
[14:59:36][DEBUG] Get_data | dataInfo : type = 3, size = 9984
[14:59:36][DEBUG] Get_data | Success! data : 8BDDF220
[14:59:36][DEBUG] Show_table | Table vides
[14:59:36][DEBUG] get_table | addrTable = 93
[14:59:36][DEBUG] get_data_info | addr = 93
[14:59:36][INFO] get_data_info | retour : type = 2, size = 80
[14:59:36][DEBUG] get_table | retour : firstAddress = 30189, nextTable = -1
[14:59:36][DEBUG] Get_data | Set cursor at addr = 30189
[14:59:36][DEBUG] get_data_info | addr = 30189
[14:59:36][INFO] get_data_info | retour : type = 1, size = -10016
[14:59:36][DEBUG] Get_data | dataInfo : type = 1, size = -10016
[14:59:36][DEBUG] Get_data | ERROR read data : Bad address
[14:59:36][DEBUG] Get_data | Set cursor at addr = 10189
[14:59:36][DEBUG] get_data_info | addr = 10189
[14:59:36][INFO] get_data_info | retour : type = 1, size = 9984
[14:59:36][DEBUG] Get_data | dataInfo : type = 1, size = 9984
[14:59:36][DEBUG] Get_data | Success! data : 8BDE1930
[14:59:36][DEBUG] Show_table | Success
[14:59:36][INFO] 
======================Affichage Tables======================

Tables :
Table 0 :
 CELL[0] : 189
   Data size : 9984
   Data type : 3
   Data : 156 map's items
 CELL[1] : 20189
   Data size : 9984
   Data type : 3
   Data : 156 map's items
 CELL[2] : 20189
   Data size : 9984
   Data type : 3
   Data : 156 map's items
 CELL[3] : EMPTY
 CELL[4] : EMPTY
 CELL[5] : EMPTY
 CELL[6] : EMPTY
 CELL[7] : EMPTY
 CELL[8] : EMPTY
 Next table : NO

Table de vides :
Table 0 :
 CELL[0] : 30189
   Data : ERROR
 CELL[1] : 10189
   Data size : 9984
   Data type : 1
   Data : EMPTY
 CELL[2] : EMPTY
 CELL[3] : EMPTY
 CELL[4] : EMPTY
 CELL[5] : EMPTY
 CELL[6] : EMPTY
 CELL[7] : EMPTY
 CELL[8] : EMPTY
 Next table : NO

======================Affichage Tables======================
[14:59:36][DEBUG] free_file | file = level.lvl
[14:59:36][INFO] End of the session of the game.
